01/10/2018 09:34:13 a. m.: Inicializando el sistema...
01/10/2018 09:34:13 a. m.: Inicia Carga de Configuraciones...
01/10/2018 09:34:13 a. m.: Las configuraciones fueron cargadas con exito.
01/10/2018 09:36:40 a. m.: Inicia descarga de checadas...
01/10/2018 09:36:42 a. m.: Se llenó el DataTable...
01/10/2018 09:36:42 a. m.: Inicia transformacion a Lista...
01/10/2018 09:36:42 a. m.: Termina transformación a Lista...
01/10/2018 09:36:42 a. m.: Termina descarga de checadas...
01/10/2018 09:36:42 a. m.: Termina correctamente rutina ObtenerChecadasSinConcepto() - ChecadasDAL
01/10/2018 09:36:43 a. m.: Asignando conceptos a sucursal: ABASTECEDORA
01/10/2018 09:49:50 a. m.: Inicializando el sistema...
01/10/2018 09:49:50 a. m.: Inicia Carga de Configuraciones...
01/10/2018 09:49:50 a. m.: Las configuraciones fueron cargadas con exito.
01/10/2018 09:50:28 a. m.: Inicializando el sistema...
01/10/2018 09:50:28 a. m.: Inicia Carga de Configuraciones...
01/10/2018 09:50:28 a. m.: Las configuraciones fueron cargadas con exito.
01/10/2018 09:51:37 a. m.: Inicializando el sistema...
01/10/2018 09:51:37 a. m.: Inicia Carga de Configuraciones...
01/10/2018 09:51:37 a. m.: Las configuraciones fueron cargadas con exito.
01/10/2018 09:58:58 a. m.: Inicializando el sistema...
01/10/2018 09:58:58 a. m.: Inicia Carga de Configuraciones...
01/10/2018 09:58:59 a. m.: Las configuraciones fueron cargadas con exito.
01/10/2018 09:59:08 a. m.: Inicia descarga de checadas...
01/10/2018 09:59:09 a. m.: Se llenó el DataTable...
01/10/2018 09:59:09 a. m.: Inicia transformacion a Lista...
01/10/2018 09:59:09 a. m.: Termina transformación a Lista...
01/10/2018 09:59:09 a. m.: Termina descarga de checadas...
01/10/2018 09:59:09 a. m.: Termina correctamente rutina ObtenerChecadasSinConcepto() - ChecadasDAL
01/10/2018 09:59:11 a. m.: Asignando conceptos a sucursal: ABASTECEDORA
01/10/2018 10:00:48 a. m.: Inicializando el sistema...
01/10/2018 10:00:48 a. m.: Inicia Carga de Configuraciones...
01/10/2018 10:00:48 a. m.: Las configuraciones fueron cargadas con exito.
01/10/2018 10:01:09 a. m.: Inicia descarga de checadas...
01/10/2018 10:01:11 a. m.: Se llenó el DataTable...
01/10/2018 10:01:11 a. m.: Inicia transformacion a Lista...
01/10/2018 10:01:11 a. m.: Termina transformación a Lista...
01/10/2018 10:01:11 a. m.: Termina descarga de checadas...
01/10/2018 10:01:11 a. m.: Termina correctamente rutina ObtenerChecadasSinConcepto() - ChecadasDAL
01/10/2018 10:01:28 a. m.: Asignando conceptos a sucursal: ABASTECEDORA
01/10/2018 10:02:22 a. m.: Inicia descarga de checadas...
01/10/2018 10:02:23 a. m.: Se llenó el DataTable...
01/10/2018 10:02:23 a. m.: Inicia transformacion a Lista...
01/10/2018 10:02:23 a. m.: Termina transformación a Lista...
01/10/2018 10:02:23 a. m.: Termina descarga de checadas...
01/10/2018 10:02:23 a. m.: Termina correctamente rutina ObtenerChecadasSinConcepto() - ChecadasDAL
01/10/2018 10:02:23 a. m.: Asignando conceptos a sucursal: ALIMENTOS WINER
01/10/2018 10:09:37 a. m.: Inicializando el sistema...
01/10/2018 10:09:37 a. m.: Inicia Carga de Configuraciones...
01/10/2018 10:09:37 a. m.: Las configuraciones fueron cargadas con exito.
01/10/2018 10:09:43 a. m.: Inicia descarga de checadas...
01/10/2018 10:09:45 a. m.: Se llenó el DataTable...
01/10/2018 10:09:45 a. m.: Inicia transformacion a Lista...
01/10/2018 10:09:45 a. m.: Termina transformación a Lista...
01/10/2018 10:09:45 a. m.: Termina descarga de checadas...
01/10/2018 10:09:45 a. m.: Termina correctamente rutina ObtenerChecadasSinConcepto() - ChecadasDAL
01/10/2018 10:09:46 a. m.: Asignando conceptos a sucursal: ABASTECEDORA
01/10/2018 10:10:23 a. m.: Inicializando el sistema...
01/10/2018 10:10:23 a. m.: Inicia Carga de Configuraciones...
01/10/2018 10:10:23 a. m.: Las configuraciones fueron cargadas con exito.
01/10/2018 10:10:27 a. m.: Inicia descarga de checadas...
01/10/2018 10:10:29 a. m.: Se llenó el DataTable...
01/10/2018 10:10:29 a. m.: Inicia transformacion a Lista...
01/10/2018 10:10:29 a. m.: Termina transformación a Lista...
01/10/2018 10:10:29 a. m.: Termina descarga de checadas...
01/10/2018 10:10:29 a. m.: Termina correctamente rutina ObtenerChecadasSinConcepto() - ChecadasDAL
01/10/2018 10:10:30 a. m.: Asignando conceptos a sucursal: ABASTECEDORA
01/10/2018 10:11:38 a. m.: Inicializando el sistema...
01/10/2018 10:11:38 a. m.: Inicia Carga de Configuraciones...
01/10/2018 10:11:38 a. m.: Las configuraciones fueron cargadas con exito.
01/10/2018 10:11:42 a. m.: Inicia descarga de checadas...
01/10/2018 10:11:43 a. m.: Se llenó el DataTable...
01/10/2018 10:11:43 a. m.: Inicia transformacion a Lista...
01/10/2018 10:11:43 a. m.: Termina transformación a Lista...
01/10/2018 10:11:43 a. m.: Termina descarga de checadas...
01/10/2018 10:11:43 a. m.: Termina correctamente rutina ObtenerChecadasSinConcepto() - ChecadasDAL
01/10/2018 10:11:44 a. m.: Asignando conceptos a sucursal: ABASTECEDORA
01/10/2018 10:12:13 a. m.: Inicializando el sistema...
01/10/2018 10:12:13 a. m.: Inicia Carga de Configuraciones...
01/10/2018 10:12:13 a. m.: Las configuraciones fueron cargadas con exito.
01/10/2018 10:12:17 a. m.: Inicia descarga de checadas...
01/10/2018 10:12:20 a. m.: Se llenó el DataTable...
01/10/2018 10:12:20 a. m.: Inicia transformacion a Lista...
01/10/2018 10:12:20 a. m.: Termina transformación a Lista...
01/10/2018 10:12:20 a. m.: Termina descarga de checadas...
01/10/2018 10:12:20 a. m.: Termina correctamente rutina ObtenerChecadasSinConcepto() - ChecadasDAL
01/10/2018 10:12:21 a. m.: Asignando conceptos a sucursal: ABASTECEDORA
01/10/2018 10:14:30 a. m.: Inicializando el sistema...
01/10/2018 10:14:30 a. m.: Inicia Carga de Configuraciones...
01/10/2018 10:14:30 a. m.: Las configuraciones fueron cargadas con exito.
01/10/2018 10:14:33 a. m.: Inicia descarga de checadas...
01/10/2018 10:14:36 a. m.: Se llenó el DataTable...
01/10/2018 10:14:36 a. m.: Inicia transformacion a Lista...
01/10/2018 10:14:36 a. m.: Termina transformación a Lista...
01/10/2018 10:14:36 a. m.: Termina descarga de checadas...
01/10/2018 10:14:36 a. m.: Termina correctamente rutina ObtenerChecadasSinConcepto() - ChecadasDAL
01/10/2018 10:14:36 a. m.: Asignando conceptos a sucursal: ABASTECEDORA
01/10/2018 10:14:49 a. m.: Inicia descarga de checadas...
01/10/2018 10:14:49 a. m.: Se llenó el DataTable...
01/10/2018 10:14:49 a. m.: Inicia transformacion a Lista...
01/10/2018 10:14:49 a. m.: Termina transformación a Lista...
01/10/2018 10:14:49 a. m.: Termina descarga de checadas...
01/10/2018 10:14:49 a. m.: Termina correctamente rutina ObtenerChecadasSinConcepto() - ChecadasDAL
01/10/2018 10:14:49 a. m.: Asignando conceptos a sucursal: TACOS PALMAS
01/10/2018 10:18:31 a. m.: Inicia descarga de checadas...
01/10/2018 10:18:31 a. m.: Se llenó el DataTable...
01/10/2018 10:18:31 a. m.: Inicia transformacion a Lista...
01/10/2018 10:18:31 a. m.: Termina transformación a Lista...
01/10/2018 10:18:31 a. m.: Termina descarga de checadas...
01/10/2018 10:18:31 a. m.: Termina correctamente rutina ObtenerChecadasSinConcepto() - ChecadasDAL
01/10/2018 10:18:32 a. m.: Asignando conceptos a sucursal: LIBERTAD
01/10/2018 10:19:10 a. m.: Inicializando el sistema...
01/10/2018 10:19:10 a. m.: Inicia Carga de Configuraciones...
01/10/2018 10:19:10 a. m.: Las configuraciones fueron cargadas con exito.
01/10/2018 10:33:48 a. m.: Inicializando el sistema...
01/10/2018 10:33:48 a. m.: Inicia Carga de Configuraciones...
01/10/2018 10:33:48 a. m.: Las configuraciones fueron cargadas con exito.
01/10/2018 10:34:38 a. m.: Inicializando el sistema...
01/10/2018 10:34:38 a. m.: Inicia Carga de Configuraciones...
01/10/2018 10:34:38 a. m.: Las configuraciones fueron cargadas con exito.
01/10/2018 10:37:00 a. m.: Inicializando el sistema...
01/10/2018 10:37:00 a. m.: Inicia Carga de Configuraciones...
01/10/2018 10:37:01 a. m.: Las configuraciones fueron cargadas con exito.
01/10/2018 10:40:48 a. m.: Inicializando el sistema...
01/10/2018 10:40:48 a. m.: Inicia Carga de Configuraciones...
01/10/2018 10:40:48 a. m.: Las configuraciones fueron cargadas con exito.
01/10/2018 01:09:00 p. m.: Inicializando el sistema...
01/10/2018 01:09:01 p. m.: Inicia Carga de Configuraciones...
01/10/2018 01:09:01 p. m.: Las configuraciones fueron cargadas con exito.
01/10/2018 01:28:59 p. m.: Inicializando el sistema...
01/10/2018 01:28:59 p. m.: Inicia Carga de Configuraciones...
01/10/2018 01:28:59 p. m.: Las configuraciones fueron cargadas con exito.
01/10/2018 01:35:21 p. m.: Inicializando el sistema...
01/10/2018 01:35:21 p. m.: Inicia Carga de Configuraciones...
01/10/2018 01:35:21 p. m.: Las configuraciones fueron cargadas con exito.
01/10/2018 01:41:39 p. m.: Inicializando el sistema...
01/10/2018 01:41:39 p. m.: Inicia Carga de Configuraciones...
01/10/2018 01:41:39 p. m.: Las configuraciones fueron cargadas con exito.
01/10/2018 01:51:12 p. m.: Inicializando el sistema...
01/10/2018 01:51:12 p. m.: Inicia Carga de Configuraciones...
01/10/2018 01:51:12 p. m.: Las configuraciones fueron cargadas con exito.
01/10/2018 01:56:14 p. m.: Inicializando el sistema...
01/10/2018 01:56:14 p. m.: Inicia Carga de Configuraciones...
01/10/2018 01:56:14 p. m.: Las configuraciones fueron cargadas con exito.
01/10/2018 02:29:04 p. m.: Inicializando el sistema...
01/10/2018 02:29:04 p. m.: Inicia Carga de Configuraciones...
01/10/2018 02:29:05 p. m.: Las configuraciones fueron cargadas con exito.
