02/10/2018 08:22:57 a. m.: Inicializando el sistema...
02/10/2018 08:22:57 a. m.: Inicia Carga de Configuraciones...
02/10/2018 08:22:57 a. m.: Las configuraciones fueron cargadas con exito.
02/10/2018 08:34:50 a. m.: Inicializando el sistema...
02/10/2018 08:34:50 a. m.: Inicia Carga de Configuraciones...
02/10/2018 08:34:50 a. m.: Las configuraciones fueron cargadas con exito.
02/10/2018 08:38:24 a. m.: Inicializando el sistema...
02/10/2018 08:38:24 a. m.: Inicia Carga de Configuraciones...
02/10/2018 08:38:24 a. m.: Las configuraciones fueron cargadas con exito.
02/10/2018 08:44:29 a. m.: Inicializando el sistema...
02/10/2018 08:44:30 a. m.: Inicia Carga de Configuraciones...
02/10/2018 08:44:30 a. m.: Las configuraciones fueron cargadas con exito.
02/10/2018 08:46:44 a. m.: Inicializando el sistema...
02/10/2018 08:46:44 a. m.: Inicia Carga de Configuraciones...
02/10/2018 08:46:44 a. m.: Las configuraciones fueron cargadas con exito.
02/10/2018 08:49:20 a. m.: Inicializando el sistema...
02/10/2018 08:49:20 a. m.: Inicia Carga de Configuraciones...
02/10/2018 08:49:20 a. m.: Las configuraciones fueron cargadas con exito.
02/10/2018 08:51:37 a. m.: Inicializando el sistema...
02/10/2018 08:51:37 a. m.: Inicia Carga de Configuraciones...
02/10/2018 08:51:37 a. m.: Las configuraciones fueron cargadas con exito.
02/10/2018 08:55:32 a. m.: Inicializando el sistema...
02/10/2018 08:55:32 a. m.: Inicia Carga de Configuraciones...
02/10/2018 08:55:32 a. m.: Las configuraciones fueron cargadas con exito.
02/10/2018 09:30:48 a. m.: Inicializando el sistema...
02/10/2018 09:30:48 a. m.: Inicia Carga de Configuraciones...
02/10/2018 09:30:49 a. m.: Las configuraciones fueron cargadas con exito.
02/10/2018 09:34:11 a. m.:  - Termina correctamente rutina ObtenerHorarios() - Horarios DAL -
02/10/2018 12:13:32 p. m.: Inicializando el sistema...
02/10/2018 12:13:32 p. m.: Inicia Carga de Configuraciones...
02/10/2018 12:13:32 p. m.: Las configuraciones fueron cargadas con exito.
02/10/2018 12:15:05 p. m.: Inicializando el sistema...
02/10/2018 12:15:05 p. m.: Inicia Carga de Configuraciones...
02/10/2018 12:15:05 p. m.: Las configuraciones fueron cargadas con exito.
02/10/2018 12:20:15 p. m.: Inicializando el sistema...
02/10/2018 12:20:15 p. m.: Inicia Carga de Configuraciones...
02/10/2018 12:20:15 p. m.: Las configuraciones fueron cargadas con exito.
02/10/2018 12:24:41 p. m.: Inicializando el sistema...
02/10/2018 12:24:41 p. m.: Inicia Carga de Configuraciones...
02/10/2018 12:24:41 p. m.: Las configuraciones fueron cargadas con exito.
02/10/2018 12:32:17 p. m.: Inicializando el sistema...
02/10/2018 12:32:17 p. m.: Inicia Carga de Configuraciones...
02/10/2018 12:32:17 p. m.: Las configuraciones fueron cargadas con exito.
02/10/2018 12:34:20 p. m.: Inicializando el sistema...
02/10/2018 12:34:20 p. m.: Inicia Carga de Configuraciones...
02/10/2018 12:34:20 p. m.: Las configuraciones fueron cargadas con exito.
02/10/2018 01:08:03 p. m.: Inicializando el sistema...
02/10/2018 01:08:03 p. m.: Inicia Carga de Configuraciones...
02/10/2018 01:08:03 p. m.: Las configuraciones fueron cargadas con exito.
02/10/2018 01:19:31 p. m.: Inicializando el sistema...
02/10/2018 01:19:31 p. m.: Inicia Carga de Configuraciones...
02/10/2018 01:19:31 p. m.: Las configuraciones fueron cargadas con exito.
02/10/2018 01:32:08 p. m.: Inicializando el sistema...
02/10/2018 01:32:08 p. m.: Inicia Carga de Configuraciones...
02/10/2018 01:32:09 p. m.: Las configuraciones fueron cargadas con exito.
02/10/2018 01:37:29 p. m.: Inicializando el sistema...
02/10/2018 01:37:29 p. m.: Inicia Carga de Configuraciones...
02/10/2018 01:37:30 p. m.: Las configuraciones fueron cargadas con exito.
02/10/2018 01:40:58 p. m.: Inicializando el sistema...
02/10/2018 01:40:58 p. m.: Inicia Carga de Configuraciones...
02/10/2018 01:40:59 p. m.: Las configuraciones fueron cargadas con exito.
