09/10/2018 08:34:18 a. m.: Inicializando el sistema...
09/10/2018 08:34:18 a. m.: Inicia Carga de Configuraciones...
09/10/2018 08:34:18 a. m.: Las configuraciones fueron cargadas con exito.
09/10/2018 08:34:22 a. m.: Inicia descarga de checadas...
09/10/2018 08:34:26 a. m.: Se llenó el DataTable...
09/10/2018 08:34:26 a. m.: Inicia transformacion a Lista...
09/10/2018 08:34:26 a. m.: Termina transformación a Lista...
09/10/2018 08:34:26 a. m.: Termina descarga de checadas...
09/10/2018 08:34:26 a. m.: Termina correctamente rutina ObtenerChecadasSinConcepto() - ChecadasDAL
09/10/2018 08:34:27 a. m.: Asignando conceptos a sucursal: ABASTECEDORA
09/10/2018 08:34:43 a. m.: Inicia descarga de checadas...
09/10/2018 08:34:43 a. m.: Se llenó el DataTable...
09/10/2018 08:34:43 a. m.: Inicia transformacion a Lista...
09/10/2018 08:34:43 a. m.: Termina transformación a Lista...
09/10/2018 08:34:43 a. m.: Termina descarga de checadas...
09/10/2018 08:34:43 a. m.: Termina correctamente rutina ObtenerChecadasSinConcepto() - ChecadasDAL
09/10/2018 08:34:44 a. m.: Asignando conceptos a sucursal: ALIMENTOS WINER
09/10/2018 08:34:57 a. m.: Inicia descarga de checadas...
09/10/2018 08:34:57 a. m.: Se llenó el DataTable...
09/10/2018 08:34:57 a. m.: Inicia transformacion a Lista...
09/10/2018 08:34:57 a. m.: Termina transformación a Lista...
09/10/2018 08:34:57 a. m.: Termina descarga de checadas...
09/10/2018 08:34:57 a. m.: Termina correctamente rutina ObtenerChecadasSinConcepto() - ChecadasDAL
09/10/2018 08:34:58 a. m.: Asignando conceptos a sucursal: FIDEL VELAZQUEZ
09/10/2018 08:35:09 a. m.: Inicia descarga de checadas...
09/10/2018 08:35:09 a. m.: Se llenó el DataTable...
09/10/2018 08:35:09 a. m.: Inicia transformacion a Lista...
09/10/2018 08:35:09 a. m.: Termina transformación a Lista...
09/10/2018 08:35:09 a. m.: Termina descarga de checadas...
09/10/2018 08:35:09 a. m.: Termina correctamente rutina ObtenerChecadasSinConcepto() - ChecadasDAL
09/10/2018 08:35:09 a. m.: Asignando conceptos a sucursal: FRIOGOMEZ
09/10/2018 08:44:57 a. m.: Inicializando el sistema...
09/10/2018 08:44:57 a. m.: Inicia Carga de Configuraciones...
09/10/2018 08:44:57 a. m.: Las configuraciones fueron cargadas con exito.
09/10/2018 08:45:05 a. m.: Inicia descarga de checadas...
09/10/2018 08:45:09 a. m.: Se llenó el DataTable...
09/10/2018 08:45:09 a. m.: Inicia transformacion a Lista...
09/10/2018 08:45:09 a. m.: Termina transformación a Lista...
09/10/2018 08:45:09 a. m.: Termina descarga de checadas...
09/10/2018 08:45:09 a. m.: Termina correctamente rutina ObtenerChecadasSinConcepto() - ChecadasDAL
09/10/2018 08:45:11 a. m.: Asignando conceptos a sucursal: ABASTECEDORA
09/10/2018 08:45:45 a. m.: Inicia descarga de checadas...
09/10/2018 08:45:47 a. m.: Se llenó el DataTable...
09/10/2018 08:45:47 a. m.: Inicia transformacion a Lista...
09/10/2018 08:45:47 a. m.: Termina transformación a Lista...
09/10/2018 08:45:47 a. m.: Termina descarga de checadas...
09/10/2018 08:45:47 a. m.: Termina correctamente rutina ObtenerChecadasSinConcepto() - ChecadasDAL
09/10/2018 08:45:47 a. m.: Asignando conceptos a sucursal: FRIOLALA
09/10/2018 08:45:54 a. m.: Inicia descarga de checadas...
09/10/2018 08:45:54 a. m.: Se llenó el DataTable...
09/10/2018 08:45:54 a. m.: Inicia transformacion a Lista...
09/10/2018 08:45:54 a. m.: Termina transformación a Lista...
09/10/2018 08:45:54 a. m.: Termina descarga de checadas...
09/10/2018 08:45:54 a. m.: Termina correctamente rutina ObtenerChecadasSinConcepto() - ChecadasDAL
09/10/2018 08:45:55 a. m.: Asignando conceptos a sucursal: LIBERTAD
09/10/2018 08:47:46 a. m.: Inicia descarga de checadas...
09/10/2018 08:47:46 a. m.: Se llenó el DataTable...
09/10/2018 08:47:46 a. m.: Inicia transformacion a Lista...
09/10/2018 08:47:46 a. m.: Termina transformación a Lista...
09/10/2018 08:47:46 a. m.: Termina descarga de checadas...
09/10/2018 08:47:46 a. m.: Termina correctamente rutina ObtenerChecadasSinConcepto() - ChecadasDAL
09/10/2018 08:47:47 a. m.: Asignando conceptos a sucursal: TACOS DOLORES
09/10/2018 08:54:46 a. m.: Inicializando el sistema...
09/10/2018 08:54:46 a. m.: Inicia Carga de Configuraciones...
09/10/2018 08:54:46 a. m.: Las configuraciones fueron cargadas con exito.
09/10/2018 10:03:47 a. m.: Inicializando el sistema...
09/10/2018 10:03:47 a. m.: Inicia Carga de Configuraciones...
09/10/2018 10:03:47 a. m.: Las configuraciones fueron cargadas con exito.
09/10/2018 10:15:33 a. m.: Inicializando el sistema...
09/10/2018 10:15:33 a. m.: Inicia Carga de Configuraciones...
09/10/2018 10:15:33 a. m.: Las configuraciones fueron cargadas con exito.
09/10/2018 10:25:41 a. m.: Inicializando el sistema...
09/10/2018 10:25:41 a. m.: Inicia Carga de Configuraciones...
09/10/2018 10:25:41 a. m.: Las configuraciones fueron cargadas con exito.
09/10/2018 10:57:15 a. m.: Inicializando el sistema...
09/10/2018 10:57:15 a. m.: Inicia Carga de Configuraciones...
09/10/2018 10:57:15 a. m.: Las configuraciones fueron cargadas con exito.
09/10/2018 10:59:57 a. m.: Inicializando el sistema...
09/10/2018 10:59:57 a. m.: Inicia Carga de Configuraciones...
09/10/2018 10:59:57 a. m.: Las configuraciones fueron cargadas con exito.
09/10/2018 11:01:37 a. m.: Inicializando el sistema...
09/10/2018 11:01:37 a. m.: Inicia Carga de Configuraciones...
09/10/2018 11:01:37 a. m.: Las configuraciones fueron cargadas con exito.
09/10/2018 11:02:24 a. m.: Inicializando el sistema...
09/10/2018 11:02:24 a. m.: Inicia Carga de Configuraciones...
09/10/2018 11:02:24 a. m.: Las configuraciones fueron cargadas con exito.
09/10/2018 11:03:02 a. m.: Inicializando el sistema...
09/10/2018 11:03:02 a. m.: Inicia Carga de Configuraciones...
09/10/2018 11:03:02 a. m.: Las configuraciones fueron cargadas con exito.
09/10/2018 11:04:32 a. m.: Inicializando el sistema...
09/10/2018 11:04:32 a. m.: Inicia Carga de Configuraciones...
09/10/2018 11:04:32 a. m.: Las configuraciones fueron cargadas con exito.
09/10/2018 11:05:45 a. m.: Inicializando el sistema...
09/10/2018 11:05:45 a. m.: Inicia Carga de Configuraciones...
09/10/2018 11:05:45 a. m.: Las configuraciones fueron cargadas con exito.
09/10/2018 03:03:02 p. m.: Inicializando el sistema...
09/10/2018 03:03:02 p. m.: Inicia Carga de Configuraciones...
09/10/2018 03:03:02 p. m.: Las configuraciones fueron cargadas con exito.
09/10/2018 04:06:48 p. m.: Inicializando el sistema...
09/10/2018 04:06:48 p. m.: Inicia Carga de Configuraciones...
09/10/2018 04:06:48 p. m.: Las configuraciones fueron cargadas con exito.
09/10/2018 04:08:11 p. m.: Inicializando el sistema...
09/10/2018 04:08:11 p. m.: Inicia Carga de Configuraciones...
09/10/2018 04:08:11 p. m.: Las configuraciones fueron cargadas con exito.
09/10/2018 04:12:52 p. m.: Inicializando el sistema...
09/10/2018 04:12:52 p. m.: Inicia Carga de Configuraciones...
09/10/2018 04:12:52 p. m.: Las configuraciones fueron cargadas con exito.
09/10/2018 04:16:40 p. m.: Inicializando el sistema...
09/10/2018 04:16:40 p. m.: Inicia Carga de Configuraciones...
09/10/2018 04:16:40 p. m.: Las configuraciones fueron cargadas con exito.
09/10/2018 04:19:30 p. m.: Inicializando el sistema...
09/10/2018 04:19:30 p. m.: Inicia Carga de Configuraciones...
09/10/2018 04:19:30 p. m.: Las configuraciones fueron cargadas con exito.
09/10/2018 04:25:31 p. m.: Inicializando el sistema...
09/10/2018 04:25:31 p. m.: Inicia Carga de Configuraciones...
09/10/2018 04:25:31 p. m.: Las configuraciones fueron cargadas con exito.
09/10/2018 04:28:15 p. m.: Inicializando el sistema...
09/10/2018 04:28:15 p. m.: Inicia Carga de Configuraciones...
09/10/2018 04:28:15 p. m.: Las configuraciones fueron cargadas con exito.
09/10/2018 04:29:35 p. m.: Inicializando el sistema...
09/10/2018 04:29:35 p. m.: Inicia Carga de Configuraciones...
09/10/2018 04:29:36 p. m.: Las configuraciones fueron cargadas con exito.
09/10/2018 04:31:33 p. m.: Inicializando el sistema...
09/10/2018 04:31:33 p. m.: Inicia Carga de Configuraciones...
09/10/2018 04:31:34 p. m.: Las configuraciones fueron cargadas con exito.
09/10/2018 04:33:14 p. m.: Inicializando el sistema...
09/10/2018 04:33:14 p. m.: Inicia Carga de Configuraciones...
09/10/2018 04:33:14 p. m.: Las configuraciones fueron cargadas con exito.
09/10/2018 04:38:03 p. m.: Inicializando el sistema...
09/10/2018 04:38:03 p. m.: Inicia Carga de Configuraciones...
09/10/2018 04:38:03 p. m.: Las configuraciones fueron cargadas con exito.
09/10/2018 04:47:46 p. m.: Inicializando el sistema...
09/10/2018 04:47:46 p. m.: Inicia Carga de Configuraciones...
09/10/2018 04:47:47 p. m.: Las configuraciones fueron cargadas con exito.
09/10/2018 04:49:33 p. m.: Inicializando el sistema...
09/10/2018 04:49:33 p. m.: Inicia Carga de Configuraciones...
09/10/2018 04:49:33 p. m.: Las configuraciones fueron cargadas con exito.
09/10/2018 05:18:09 p. m.: Inicializando el sistema...
09/10/2018 05:18:09 p. m.: Inicia Carga de Configuraciones...
09/10/2018 05:18:09 p. m.: Las configuraciones fueron cargadas con exito.
09/10/2018 05:19:56 p. m.: Inicializando el sistema...
09/10/2018 05:19:56 p. m.: Inicia Carga de Configuraciones...
09/10/2018 05:19:56 p. m.: Las configuraciones fueron cargadas con exito.
09/10/2018 05:23:22 p. m.: Inicializando el sistema...
09/10/2018 05:23:22 p. m.: Inicia Carga de Configuraciones...
09/10/2018 05:23:22 p. m.: Las configuraciones fueron cargadas con exito.
09/10/2018 05:28:35 p. m.: Inicializando el sistema...
09/10/2018 05:28:35 p. m.: Inicia Carga de Configuraciones...
09/10/2018 05:28:35 p. m.: Las configuraciones fueron cargadas con exito.
09/10/2018 05:30:40 p. m.: Inicializando el sistema...
09/10/2018 05:30:40 p. m.: Inicia Carga de Configuraciones...
09/10/2018 05:30:40 p. m.: Las configuraciones fueron cargadas con exito.
09/10/2018 05:32:15 p. m.: Inicializando el sistema...
09/10/2018 05:32:15 p. m.: Inicia Carga de Configuraciones...
09/10/2018 05:32:15 p. m.: Las configuraciones fueron cargadas con exito.
