04/10/2018 11:45:51 a. m.: Inicializando el sistema...
04/10/2018 11:45:51 a. m.: Inicia Carga de Configuraciones...
04/10/2018 11:45:51 a. m.: Las configuraciones fueron cargadas con exito.
04/10/2018 11:49:24 a. m.: Inicializando el sistema...
04/10/2018 11:49:24 a. m.: Inicia Carga de Configuraciones...
04/10/2018 11:49:24 a. m.: Las configuraciones fueron cargadas con exito.
04/10/2018 11:52:52 a. m.: Inicializando el sistema...
04/10/2018 11:52:52 a. m.: Inicia Carga de Configuraciones...
04/10/2018 11:52:52 a. m.: Las configuraciones fueron cargadas con exito.
04/10/2018 11:57:56 a. m.: Inicializando el sistema...
04/10/2018 11:57:56 a. m.: Inicia Carga de Configuraciones...
04/10/2018 11:57:56 a. m.: Las configuraciones fueron cargadas con exito.
04/10/2018 12:00:26 p. m.: Inicializando el sistema...
04/10/2018 12:00:26 p. m.: Inicia Carga de Configuraciones...
04/10/2018 12:00:26 p. m.: Las configuraciones fueron cargadas con exito.
04/10/2018 12:16:17 p. m.: Inicializando el sistema...
04/10/2018 12:16:17 p. m.: Inicia Carga de Configuraciones...
04/10/2018 12:16:17 p. m.: Las configuraciones fueron cargadas con exito.
04/10/2018 12:19:30 p. m.: Inicializando el sistema...
04/10/2018 12:19:30 p. m.: Inicia Carga de Configuraciones...
04/10/2018 12:19:30 p. m.: Las configuraciones fueron cargadas con exito.
04/10/2018 12:27:25 p. m.: Inicializando el sistema...
04/10/2018 12:27:25 p. m.: Inicia Carga de Configuraciones...
04/10/2018 12:27:25 p. m.: Las configuraciones fueron cargadas con exito.
04/10/2018 01:09:09 p. m.: Inicializando el sistema...
04/10/2018 01:09:09 p. m.: Inicia Carga de Configuraciones...
04/10/2018 01:09:09 p. m.: Las configuraciones fueron cargadas con exito.
04/10/2018 01:18:53 p. m.: Inicia descarga de checadas...
04/10/2018 01:18:58 p. m.: Se llen贸 el DataTable...
04/10/2018 01:18:58 p. m.: Inicia transformacion a Lista...
04/10/2018 01:18:58 p. m.: Termina transformaci贸n a Lista...
04/10/2018 01:18:58 p. m.: Termina descarga de checadas...
04/10/2018 01:18:58 p. m.: Termina correctamente rutina ObtenerChecadasSinConcepto() - ChecadasDAL
04/10/2018 01:18:59 p. m.: Asignando conceptos a sucursal: ABASTECEDORA
04/10/2018 01:19:37 p. m.: Inicia descarga de checadas...
04/10/2018 01:19:40 p. m.: Se llen贸 el DataTable...
04/10/2018 01:19:40 p. m.: Inicia transformacion a Lista...
04/10/2018 01:19:40 p. m.: Termina transformaci贸n a Lista...
04/10/2018 01:19:40 p. m.: Termina descarga de checadas...
04/10/2018 01:19:40 p. m.: Termina correctamente rutina ObtenerChecadasSinConcepto() - ChecadasDAL
04/10/2018 01:19:41 p. m.: Asignando conceptos a sucursal: ABASTECEDORA
04/10/2018 01:30:08 p. m.: Inicializando el sistema...
04/10/2018 01:30:08 p. m.: Inicia Carga de Configuraciones...
04/10/2018 01:30:08 p. m.: Las configuraciones fueron cargadas con exito.
04/10/2018 02:17:02 p. m.: Inicializando el sistema...
04/10/2018 02:17:02 p. m.: Inicia Carga de Configuraciones...
04/10/2018 02:17:02 p. m.: Las configuraciones fueron cargadas con exito.
04/10/2018 02:17:03 p. m.: Obteniendo checadas sin concepto de ABASTECEDORA...
04/10/2018 02:17:03 p. m.: Inicia descarga de checadas...
04/10/2018 02:17:22 p. m.: Inicializando el sistema...
04/10/2018 02:17:22 p. m.: Inicia Carga de Configuraciones...
04/10/2018 02:17:22 p. m.: Las configuraciones fueron cargadas con exito.
