18/06/2014 02:35:30 p.m.: Inicializando el sistema...
18/06/2014 02:35:30 p.m.: Inicia Carga de Configuraciones...
18/06/2014 02:35:30 p.m.: Las configuraciones fueron cargadas con exito.
18/06/2014 02:35:34 p.m.: Obteniendo checadas sin concepto de ABASTECEDORA...
18/06/2014 02:35:34 p.m.: Inicia descarga de checadas...
18/06/2014 02:35:35 p.m.: Se llenó el DataTable...
18/06/2014 02:35:35 p.m.: Inicia transformacion a Lista...
18/06/2014 02:35:35 p.m.: Termina transformación a Lista...
18/06/2014 02:35:35 p.m.: Termina descarga de checadas...
18/06/2014 02:35:35 p.m.: Termina correctamente rutina ObtenerChecadasSinConcepto() - ChecadasDAL
18/06/2014 02:35:35 p.m.: Obteniendo lista de empleados de ABASTECEDORA...
18/06/2014 02:35:36 p.m.: Asignando conceptos a sucursal: ABASTECEDORA
18/06/2014 03:07:28 p.m.: Inicializando el sistema...
18/06/2014 03:07:28 p.m.: Inicia Carga de Configuraciones...
18/06/2014 03:07:28 p.m.: Las configuraciones fueron cargadas con exito.
18/06/2014 03:07:30 p.m.: Obteniendo checadas sin concepto de ABASTECEDORA...
18/06/2014 03:07:30 p.m.: Inicia descarga de checadas...
18/06/2014 03:07:32 p.m.: Se llenó el DataTable...
18/06/2014 03:07:32 p.m.: Inicia transformacion a Lista...
18/06/2014 03:07:32 p.m.: Termina transformación a Lista...
18/06/2014 03:07:32 p.m.: Termina descarga de checadas...
18/06/2014 03:07:32 p.m.: Termina correctamente rutina ObtenerChecadasSinConcepto() - ChecadasDAL
18/06/2014 03:07:32 p.m.: Obteniendo lista de empleados de ABASTECEDORA...
18/06/2014 03:07:33 p.m.: Asignando conceptos a sucursal: ABASTECEDORA
18/06/2014 03:09:06 p.m.: Inicializando el sistema...
18/06/2014 03:09:07 p.m.: Inicia Carga de Configuraciones...
18/06/2014 03:09:07 p.m.: Las configuraciones fueron cargadas con exito.
18/06/2014 03:09:08 p.m.: Obteniendo checadas sin concepto de ABASTECEDORA...
18/06/2014 03:09:08 p.m.: Inicia descarga de checadas...
18/06/2014 03:09:09 p.m.: Se llenó el DataTable...
18/06/2014 03:09:09 p.m.: Inicia transformacion a Lista...
18/06/2014 03:09:09 p.m.: Termina transformación a Lista...
18/06/2014 03:09:09 p.m.: Termina descarga de checadas...
18/06/2014 03:09:09 p.m.: Termina correctamente rutina ObtenerChecadasSinConcepto() - ChecadasDAL
18/06/2014 03:09:09 p.m.: Obteniendo lista de empleados de ABASTECEDORA...
18/06/2014 03:09:10 p.m.: Asignando conceptos a sucursal: ABASTECEDORA
18/06/2014 03:10:17 p.m.: Inicializando el sistema...
18/06/2014 03:10:17 p.m.: Inicia Carga de Configuraciones...
18/06/2014 03:10:17 p.m.: Las configuraciones fueron cargadas con exito.
18/06/2014 03:10:19 p.m.: Obteniendo checadas sin concepto de ABASTECEDORA...
18/06/2014 03:10:19 p.m.: Inicia descarga de checadas...
18/06/2014 03:10:20 p.m.: Se llenó el DataTable...
18/06/2014 03:10:20 p.m.: Inicia transformacion a Lista...
18/06/2014 03:10:20 p.m.: Termina transformación a Lista...
18/06/2014 03:10:20 p.m.: Termina descarga de checadas...
18/06/2014 03:10:20 p.m.: Termina correctamente rutina ObtenerChecadasSinConcepto() - ChecadasDAL
18/06/2014 03:10:20 p.m.: Obteniendo lista de empleados de ABASTECEDORA...
18/06/2014 03:10:21 p.m.: Asignando conceptos a sucursal: ABASTECEDORA
18/06/2014 03:11:49 p.m.: Inicializando el sistema...
18/06/2014 03:11:49 p.m.: Inicia Carga de Configuraciones...
18/06/2014 03:11:50 p.m.: Las configuraciones fueron cargadas con exito.
18/06/2014 03:11:51 p.m.: Obteniendo checadas sin concepto de ABASTECEDORA...
18/06/2014 03:11:51 p.m.: Inicia descarga de checadas...
18/06/2014 03:11:53 p.m.: Se llenó el DataTable...
18/06/2014 03:11:53 p.m.: Inicia transformacion a Lista...
18/06/2014 03:11:53 p.m.: Termina transformación a Lista...
18/06/2014 03:11:53 p.m.: Termina descarga de checadas...
18/06/2014 03:11:53 p.m.: Termina correctamente rutina ObtenerChecadasSinConcepto() - ChecadasDAL
18/06/2014 03:11:53 p.m.: Obteniendo lista de empleados de ABASTECEDORA...
18/06/2014 03:11:54 p.m.: Asignando conceptos a sucursal: ABASTECEDORA
18/06/2014 03:13:51 p.m.: Inicializando el sistema...
18/06/2014 03:13:51 p.m.: Inicia Carga de Configuraciones...
18/06/2014 03:13:51 p.m.: Las configuraciones fueron cargadas con exito.
18/06/2014 03:13:52 p.m.: Obteniendo checadas sin concepto de ABASTECEDORA...
18/06/2014 03:13:53 p.m.: Inicia descarga de checadas...
18/06/2014 03:13:55 p.m.: Se llenó el DataTable...
18/06/2014 03:13:55 p.m.: Inicia transformacion a Lista...
18/06/2014 03:13:55 p.m.: Termina transformación a Lista...
18/06/2014 03:13:55 p.m.: Termina descarga de checadas...
18/06/2014 03:13:55 p.m.: Termina correctamente rutina ObtenerChecadasSinConcepto() - ChecadasDAL
18/06/2014 03:13:55 p.m.: Obteniendo lista de empleados de ABASTECEDORA...
18/06/2014 03:13:55 p.m.: Asignando conceptos a sucursal: ABASTECEDORA
18/06/2014 03:15:04 p.m.: Inicializando el sistema...
18/06/2014 03:15:04 p.m.: Inicia Carga de Configuraciones...
18/06/2014 03:15:04 p.m.: Las configuraciones fueron cargadas con exito.
18/06/2014 03:15:06 p.m.: Obteniendo checadas sin concepto de ABASTECEDORA...
18/06/2014 03:15:06 p.m.: Inicia descarga de checadas...
18/06/2014 03:15:08 p.m.: Se llenó el DataTable...
18/06/2014 03:15:08 p.m.: Inicia transformacion a Lista...
18/06/2014 03:15:08 p.m.: Termina transformación a Lista...
18/06/2014 03:15:08 p.m.: Termina descarga de checadas...
18/06/2014 03:15:08 p.m.: Termina correctamente rutina ObtenerChecadasSinConcepto() - ChecadasDAL
18/06/2014 03:15:08 p.m.: Obteniendo lista de empleados de ABASTECEDORA...
18/06/2014 03:15:09 p.m.: Asignando conceptos a sucursal: ABASTECEDORA
