10/03/2018 01:18:55 p. m.: Inicializando el sistema...
10/03/2018 01:18:55 p. m.: Inicia Carga de Configuraciones...
10/03/2018 01:18:56 p. m.: Las configuraciones fueron cargadas con exito.
10/03/2018 01:20:27 p. m.: Inicializando el sistema...
10/03/2018 01:20:27 p. m.: Inicia Carga de Configuraciones...
10/03/2018 01:20:28 p. m.: Las configuraciones fueron cargadas con exito.
10/03/2018 01:20:30 p. m.: Obteniendo checadas sin concepto de ABASTECEDORA...
10/03/2018 01:20:30 p. m.: Inicia descarga de checadas...
10/03/2018 01:20:33 p. m.: Se llenó el DataTable...
10/03/2018 01:20:33 p. m.: Inicia transformacion a Lista...
10/03/2018 01:20:33 p. m.: Termina transformación a Lista...
10/03/2018 01:20:33 p. m.: Termina descarga de checadas...
10/03/2018 01:20:33 p. m.: Termina correctamente rutina ObtenerChecadasSinConcepto() - ChecadasDAL
10/03/2018 01:20:33 p. m.: Obteniendo lista de empleados de ABASTECEDORA...
10/03/2018 01:20:33 p. m.: Asignando conceptos a sucursal: ABASTECEDORA
10/03/2018 01:20:51 p. m.: Obteniendo checadas sin concepto de HEROICO...
10/03/2018 01:20:51 p. m.: Inicia descarga de checadas...
10/03/2018 01:20:52 p. m.: Se llenó el DataTable...
10/03/2018 01:20:52 p. m.: Inicia transformacion a Lista...
10/03/2018 01:20:52 p. m.: Termina transformación a Lista...
10/03/2018 01:20:52 p. m.: Termina descarga de checadas...
10/03/2018 01:20:52 p. m.: Termina correctamente rutina ObtenerChecadasSinConcepto() - ChecadasDAL
10/03/2018 01:20:52 p. m.: Obteniendo lista de empleados de HEROICO...
10/03/2018 01:20:53 p. m.: Asignando conceptos a sucursal: HEROICO
10/03/2018 01:20:58 p. m.: Obteniendo checadas sin concepto de LIBERTAD...
10/03/2018 01:20:59 p. m.: Inicia descarga de checadas...
10/03/2018 01:20:59 p. m.: Se llenó el DataTable...
10/03/2018 01:20:59 p. m.: Inicia transformacion a Lista...
10/03/2018 01:20:59 p. m.: Termina transformación a Lista...
10/03/2018 01:20:59 p. m.: Termina descarga de checadas...
10/03/2018 01:20:59 p. m.: Termina correctamente rutina ObtenerChecadasSinConcepto() - ChecadasDAL
10/03/2018 01:20:59 p. m.: Obteniendo lista de empleados de LIBERTAD...
10/03/2018 01:21:00 p. m.: Asignando conceptos a sucursal: LIBERTAD
10/03/2018 01:21:02 p. m.: Obteniendo checadas sin concepto de FIDEL VELAZQUEZ...
10/03/2018 01:21:02 p. m.: Inicia descarga de checadas...
10/03/2018 01:21:03 p. m.: Se llenó el DataTable...
10/03/2018 01:21:03 p. m.: Inicia transformacion a Lista...
10/03/2018 01:21:03 p. m.: Termina transformación a Lista...
10/03/2018 01:21:03 p. m.: Termina descarga de checadas...
10/03/2018 01:21:03 p. m.: Termina correctamente rutina ObtenerChecadasSinConcepto() - ChecadasDAL
10/03/2018 01:21:03 p. m.: Obteniendo lista de empleados de FIDEL VELAZQUEZ...
10/03/2018 01:21:03 p. m.: Asignando conceptos a sucursal: FIDEL VELAZQUEZ
10/03/2018 01:21:06 p. m.: Obteniendo checadas sin concepto de FRIOLALA...
10/03/2018 01:21:06 p. m.: Inicia descarga de checadas...
10/03/2018 01:21:08 p. m.: Se llenó el DataTable...
10/03/2018 01:21:08 p. m.: Inicia transformacion a Lista...
10/03/2018 01:21:08 p. m.: Termina transformación a Lista...
10/03/2018 01:21:08 p. m.: Termina descarga de checadas...
10/03/2018 01:21:08 p. m.: Termina correctamente rutina ObtenerChecadasSinConcepto() - ChecadasDAL
10/03/2018 01:21:08 p. m.: Obteniendo lista de empleados de FRIOLALA...
10/03/2018 01:21:08 p. m.: Asignando conceptos a sucursal: FRIOLALA
10/03/2018 01:21:18 p. m.: Obteniendo checadas sin concepto de FRIOGOMEZ...
10/03/2018 01:21:18 p. m.: Inicia descarga de checadas...
10/03/2018 01:21:18 p. m.: Se llenó el DataTable...
10/03/2018 01:21:18 p. m.: Inicia transformacion a Lista...
10/03/2018 01:21:18 p. m.: Termina transformación a Lista...
10/03/2018 01:21:18 p. m.: Termina descarga de checadas...
10/03/2018 01:21:18 p. m.: Termina correctamente rutina ObtenerChecadasSinConcepto() - ChecadasDAL
10/03/2018 01:21:18 p. m.: Obteniendo lista de empleados de FRIOGOMEZ...
10/03/2018 01:21:18 p. m.: Asignando conceptos a sucursal: FRIOGOMEZ
10/03/2018 01:21:19 p. m.: Obteniendo checadas sin concepto de ALIMENTOS WINER...
10/03/2018 01:21:19 p. m.: Inicia descarga de checadas...
10/03/2018 01:21:19 p. m.: Se llenó el DataTable...
10/03/2018 01:21:19 p. m.: Inicia transformacion a Lista...
10/03/2018 01:21:19 p. m.: Termina transformación a Lista...
10/03/2018 01:21:19 p. m.: Termina descarga de checadas...
10/03/2018 01:21:19 p. m.: Termina correctamente rutina ObtenerChecadasSinConcepto() - ChecadasDAL
10/03/2018 01:21:19 p. m.: Obteniendo lista de empleados de ALIMENTOS WINER...
10/03/2018 01:21:20 p. m.: Asignando conceptos a sucursal: ALIMENTOS WINER
10/03/2018 01:21:20 p. m.: Obteniendo checadas sin concepto de TACOS HEROICO...
10/03/2018 01:21:20 p. m.: Inicia descarga de checadas...
10/03/2018 01:21:21 p. m.: Se llenó el DataTable...
10/03/2018 01:21:21 p. m.: Inicia transformacion a Lista...
10/03/2018 01:21:21 p. m.: Termina transformación a Lista...
10/03/2018 01:21:21 p. m.: Termina descarga de checadas...
10/03/2018 01:21:21 p. m.: Termina correctamente rutina ObtenerChecadasSinConcepto() - ChecadasDAL
10/03/2018 01:21:21 p. m.: Obteniendo lista de empleados de TACOS HEROICO...
10/03/2018 01:21:22 p. m.: Asignando conceptos a sucursal: TACOS HEROICO
10/03/2018 01:21:24 p. m.: Obteniendo checadas sin concepto de TACOS PALMAS...
10/03/2018 01:21:24 p. m.: Inicia descarga de checadas...
10/03/2018 01:21:24 p. m.: Se llenó el DataTable...
10/03/2018 01:21:24 p. m.: Inicia transformacion a Lista...
10/03/2018 01:21:24 p. m.: Termina transformación a Lista...
10/03/2018 01:21:24 p. m.: Termina descarga de checadas...
10/03/2018 01:21:24 p. m.: Termina correctamente rutina ObtenerChecadasSinConcepto() - ChecadasDAL
10/03/2018 01:21:24 p. m.: Obteniendo lista de empleados de TACOS PALMAS...
10/03/2018 01:21:24 p. m.: Asignando conceptos a sucursal: TACOS PALMAS
10/03/2018 01:21:26 p. m.: Obteniendo checadas sin concepto de TACOS DOLORES...
10/03/2018 01:21:26 p. m.: Inicia descarga de checadas...
10/03/2018 01:21:26 p. m.: Se llenó el DataTable...
10/03/2018 01:21:26 p. m.: Inicia transformacion a Lista...
10/03/2018 01:21:26 p. m.: Termina transformación a Lista...
10/03/2018 01:21:26 p. m.: Termina descarga de checadas...
10/03/2018 01:21:26 p. m.: Termina correctamente rutina ObtenerChecadasSinConcepto() - ChecadasDAL
10/03/2018 01:21:26 p. m.: Obteniendo lista de empleados de TACOS DOLORES...
10/03/2018 01:21:27 p. m.: Asignando conceptos a sucursal: TACOS DOLORES
10/03/2018 01:25:33 p. m.: Inicia descarga de checadas...
10/03/2018 01:25:36 p. m.: Se llenó el DataTable...
10/03/2018 01:25:36 p. m.: Inicia transformacion a Lista...
10/03/2018 01:25:36 p. m.: Termina transformación a Lista...
10/03/2018 01:25:36 p. m.: Termina descarga de checadas...
10/03/2018 01:25:36 p. m.: Termina correctamente rutina ObtenerChecadasSinConcepto() - ChecadasDAL
10/03/2018 01:25:37 p. m.: Inicia descarga de checadas...
10/03/2018 01:25:40 p. m.: Se llenó el DataTable...
10/03/2018 01:25:40 p. m.: Inicia transformacion a Lista...
10/03/2018 01:25:40 p. m.: Termina transformación a Lista...
10/03/2018 01:25:40 p. m.: Termina descarga de checadas...
10/03/2018 01:25:40 p. m.: Termina correctamente rutina ObtenerChecadasSinConcepto() - ChecadasDAL
10/03/2018 01:25:41 p. m.: Asignando conceptos a sucursal: ABASTECEDORA
10/03/2018 01:25:41 p. m.: Inicia descarga de checadas...
10/03/2018 01:25:44 p. m.: Se llenó el DataTable...
10/03/2018 01:25:44 p. m.: Inicia transformacion a Lista...
10/03/2018 01:25:44 p. m.: Termina transformación a Lista...
10/03/2018 01:25:44 p. m.: Termina descarga de checadas...
10/03/2018 01:25:44 p. m.: Termina correctamente rutina ObtenerChecadasSinConcepto() - ChecadasDAL
10/03/2018 01:25:45 p. m.: Asignando conceptos a sucursal: ABASTECEDORA
10/03/2018 01:25:45 p. m.: Asignando conceptos a sucursal: ABASTECEDORA
