10/10/2018 08:40:22 a. m.: Inicializando el sistema...
10/10/2018 08:40:22 a. m.: Inicia Carga de Configuraciones...
10/10/2018 08:40:22 a. m.: Las configuraciones fueron cargadas con exito.
10/10/2018 08:43:45 a. m.: Inicializando el sistema...
10/10/2018 08:43:45 a. m.: Inicia Carga de Configuraciones...
10/10/2018 08:43:45 a. m.: Las configuraciones fueron cargadas con exito.
10/10/2018 08:46:10 a. m.: Inicializando el sistema...
10/10/2018 08:46:10 a. m.: Inicia Carga de Configuraciones...
10/10/2018 08:46:10 a. m.: Las configuraciones fueron cargadas con exito.
10/10/2018 08:55:37 a. m.: Inicializando el sistema...
10/10/2018 08:55:37 a. m.: Inicia Carga de Configuraciones...
10/10/2018 08:55:37 a. m.: Las configuraciones fueron cargadas con exito.
10/10/2018 09:01:45 a. m.: Inicializando el sistema...
10/10/2018 09:01:45 a. m.: Inicia Carga de Configuraciones...
10/10/2018 09:01:45 a. m.: Las configuraciones fueron cargadas con exito.
10/10/2018 10:15:13 a. m.: Inicializando el sistema...
10/10/2018 10:15:13 a. m.: Inicia Carga de Configuraciones...
10/10/2018 10:15:13 a. m.: Las configuraciones fueron cargadas con exito.
10/10/2018 10:25:59 a. m.: Inicializando el sistema...
10/10/2018 10:25:59 a. m.: Inicia Carga de Configuraciones...
10/10/2018 10:25:59 a. m.: Las configuraciones fueron cargadas con exito.
10/10/2018 10:30:04 a. m.: Inicializando el sistema...
10/10/2018 10:30:04 a. m.: Inicia Carga de Configuraciones...
10/10/2018 10:30:04 a. m.: Las configuraciones fueron cargadas con exito.
10/10/2018 10:38:09 a. m.: Inicializando el sistema...
10/10/2018 10:38:09 a. m.: Inicia Carga de Configuraciones...
10/10/2018 10:38:10 a. m.: Las configuraciones fueron cargadas con exito.
10/10/2018 10:57:42 a. m.: Inicializando el sistema...
10/10/2018 10:57:42 a. m.: Inicia Carga de Configuraciones...
10/10/2018 10:57:42 a. m.: Las configuraciones fueron cargadas con exito.
10/10/2018 10:59:05 a. m.: Inicializando el sistema...
10/10/2018 10:59:05 a. m.: Inicia Carga de Configuraciones...
10/10/2018 10:59:05 a. m.: Las configuraciones fueron cargadas con exito.
10/10/2018 11:03:51 a. m.: Inicializando el sistema...
10/10/2018 11:03:51 a. m.: Inicia Carga de Configuraciones...
10/10/2018 11:03:51 a. m.: Las configuraciones fueron cargadas con exito.
10/10/2018 11:06:21 a. m.: Inicializando el sistema...
10/10/2018 11:06:21 a. m.: Inicia Carga de Configuraciones...
10/10/2018 11:06:21 a. m.: Las configuraciones fueron cargadas con exito.
10/10/2018 11:34:22 a. m.: Inicializando el sistema...
10/10/2018 11:34:22 a. m.: Inicia Carga de Configuraciones...
10/10/2018 11:34:23 a. m.: Las configuraciones fueron cargadas con exito.
10/10/2018 11:37:56 a. m.: Inicializando el sistema...
10/10/2018 11:37:56 a. m.: Inicia Carga de Configuraciones...
10/10/2018 11:37:56 a. m.: Las configuraciones fueron cargadas con exito.
10/10/2018 11:40:31 a. m.: Inicializando el sistema...
10/10/2018 11:40:31 a. m.: Inicia Carga de Configuraciones...
10/10/2018 11:40:31 a. m.: Las configuraciones fueron cargadas con exito.
10/10/2018 11:47:51 a. m.: Inicializando el sistema...
10/10/2018 11:47:51 a. m.: Inicia Carga de Configuraciones...
10/10/2018 11:47:51 a. m.: Las configuraciones fueron cargadas con exito.
10/10/2018 11:49:46 a. m.: Inicializando el sistema...
10/10/2018 11:49:46 a. m.: Inicia Carga de Configuraciones...
10/10/2018 11:49:46 a. m.: Las configuraciones fueron cargadas con exito.
10/10/2018 11:54:56 a. m.: Inicializando el sistema...
10/10/2018 11:54:56 a. m.: Inicia Carga de Configuraciones...
10/10/2018 11:54:56 a. m.: Las configuraciones fueron cargadas con exito.
10/10/2018 11:59:05 a. m.: Inicializando el sistema...
10/10/2018 11:59:05 a. m.: Inicia Carga de Configuraciones...
10/10/2018 11:59:05 a. m.: Las configuraciones fueron cargadas con exito.
10/10/2018 12:05:17 p. m.: Inicializando el sistema...
10/10/2018 12:05:17 p. m.: Inicia Carga de Configuraciones...
10/10/2018 12:05:17 p. m.: Las configuraciones fueron cargadas con exito.
10/10/2018 12:18:26 p. m.: Inicializando el sistema...
10/10/2018 12:18:26 p. m.: Inicia Carga de Configuraciones...
10/10/2018 12:18:26 p. m.: Las configuraciones fueron cargadas con exito.
10/10/2018 12:19:53 p. m.: Inicializando el sistema...
10/10/2018 12:19:53 p. m.: Inicia Carga de Configuraciones...
10/10/2018 12:19:53 p. m.: Las configuraciones fueron cargadas con exito.
10/10/2018 12:29:19 p. m.: Inicializando el sistema...
10/10/2018 12:29:19 p. m.: Inicia Carga de Configuraciones...
10/10/2018 12:29:19 p. m.: Las configuraciones fueron cargadas con exito.
10/10/2018 12:31:54 p. m.: Inicializando el sistema...
10/10/2018 12:31:54 p. m.: Inicia Carga de Configuraciones...
10/10/2018 12:31:54 p. m.: Las configuraciones fueron cargadas con exito.
10/10/2018 12:39:11 p. m.: Inicializando el sistema...
10/10/2018 12:39:11 p. m.: Inicia Carga de Configuraciones...
10/10/2018 12:39:11 p. m.: Las configuraciones fueron cargadas con exito.
10/10/2018 12:40:31 p. m.: Inicializando el sistema...
10/10/2018 12:40:31 p. m.: Inicia Carga de Configuraciones...
10/10/2018 12:40:32 p. m.: Las configuraciones fueron cargadas con exito.
10/10/2018 12:43:55 p. m.: Inicializando el sistema...
10/10/2018 12:43:55 p. m.: Inicia Carga de Configuraciones...
10/10/2018 12:43:55 p. m.: Las configuraciones fueron cargadas con exito.
10/10/2018 12:48:44 p. m.: Inicializando el sistema...
10/10/2018 12:48:44 p. m.: Inicia Carga de Configuraciones...
10/10/2018 12:48:45 p. m.: Las configuraciones fueron cargadas con exito.
10/10/2018 01:39:29 p. m.: Inicializando el sistema...
10/10/2018 01:39:29 p. m.: Inicia Carga de Configuraciones...
10/10/2018 01:39:29 p. m.: Las configuraciones fueron cargadas con exito.
10/10/2018 01:41:05 p. m.: Inicializando el sistema...
10/10/2018 01:41:05 p. m.: Inicia Carga de Configuraciones...
10/10/2018 01:41:05 p. m.: Las configuraciones fueron cargadas con exito.
