12/12/2016 09:46:34 a. m.: Inicializando el sistema...
12/12/2016 09:46:34 a. m.: Inicia Carga de Configuraciones...
12/12/2016 09:46:34 a. m.: Las configuraciones fueron cargadas con exito.
12/12/2016 09:46:38 a. m.: Obteniendo checadas sin concepto de ABASTECEDORA...
12/12/2016 09:46:38 a. m.: Inicia descarga de checadas...
12/12/2016 09:46:41 a. m.: Se llenó el DataTable...
12/12/2016 09:46:41 a. m.: Inicia transformacion a Lista...
12/12/2016 09:46:41 a. m.: Termina transformación a Lista...
12/12/2016 09:46:41 a. m.: Termina descarga de checadas...
12/12/2016 09:46:41 a. m.: Termina correctamente rutina ObtenerChecadasSinConcepto() - ChecadasDAL
12/12/2016 09:46:41 a. m.: Obteniendo lista de empleados de ABASTECEDORA...
12/12/2016 09:46:47 a. m.: Asignando conceptos a sucursal: ABASTECEDORA
12/12/2016 09:47:46 a. m.: Obteniendo checadas sin concepto de HEROICO...
12/12/2016 09:47:47 a. m.: Inicia descarga de checadas...
12/12/2016 09:47:49 a. m.: Se llenó el DataTable...
12/12/2016 09:47:49 a. m.: Inicia transformacion a Lista...
12/12/2016 09:47:49 a. m.: Termina transformación a Lista...
12/12/2016 09:47:49 a. m.: Termina descarga de checadas...
12/12/2016 09:47:49 a. m.: Termina correctamente rutina ObtenerChecadasSinConcepto() - ChecadasDAL
12/12/2016 09:47:49 a. m.: Obteniendo lista de empleados de HEROICO...
12/12/2016 09:47:55 a. m.: Asignando conceptos a sucursal: HEROICO
12/12/2016 09:48:11 a. m.: Obteniendo checadas sin concepto de LIBERTAD...
12/12/2016 09:48:12 a. m.: Inicia descarga de checadas...
12/12/2016 09:48:15 a. m.: Se llenó el DataTable...
12/12/2016 09:48:15 a. m.: Inicia transformacion a Lista...
12/12/2016 09:48:15 a. m.: Termina transformación a Lista...
12/12/2016 09:48:15 a. m.: Termina descarga de checadas...
12/12/2016 09:48:15 a. m.: Termina correctamente rutina ObtenerChecadasSinConcepto() - ChecadasDAL
12/12/2016 09:48:15 a. m.: Obteniendo lista de empleados de LIBERTAD...
12/12/2016 09:48:19 a. m.: Asignando conceptos a sucursal: LIBERTAD
12/12/2016 09:48:29 a. m.: Obteniendo checadas sin concepto de FIDEL VELAZQUEZ...
12/12/2016 09:48:29 a. m.: Inicia descarga de checadas...
12/12/2016 09:48:31 a. m.: Se llenó el DataTable...
12/12/2016 09:48:31 a. m.: Inicia transformacion a Lista...
12/12/2016 09:48:31 a. m.: Termina transformación a Lista...
12/12/2016 09:48:31 a. m.: Termina descarga de checadas...
12/12/2016 09:48:31 a. m.: Termina correctamente rutina ObtenerChecadasSinConcepto() - ChecadasDAL
12/12/2016 09:48:31 a. m.: Obteniendo lista de empleados de FIDEL VELAZQUEZ...
12/12/2016 09:48:36 a. m.: Asignando conceptos a sucursal: FIDEL VELAZQUEZ
12/12/2016 09:48:47 a. m.: Obteniendo checadas sin concepto de FRIOLALA...
12/12/2016 09:48:48 a. m.: Inicia descarga de checadas...
12/12/2016 09:48:49 a. m.: Se llenó el DataTable...
12/12/2016 09:48:49 a. m.: Inicia transformacion a Lista...
12/12/2016 09:48:49 a. m.: Termina transformación a Lista...
12/12/2016 09:48:49 a. m.: Termina descarga de checadas...
12/12/2016 09:48:49 a. m.: Termina correctamente rutina ObtenerChecadasSinConcepto() - ChecadasDAL
12/12/2016 09:48:49 a. m.: Obteniendo lista de empleados de FRIOLALA...
12/12/2016 09:48:56 a. m.: Asignando conceptos a sucursal: FRIOLALA
12/12/2016 09:49:10 a. m.: Obteniendo checadas sin concepto de FRIOGOMEZ...
12/12/2016 09:49:10 a. m.: Inicia descarga de checadas...
12/12/2016 09:49:12 a. m.: Se llenó el DataTable...
12/12/2016 09:49:12 a. m.: Inicia transformacion a Lista...
12/12/2016 09:49:12 a. m.: Termina transformación a Lista...
12/12/2016 09:49:12 a. m.: Termina descarga de checadas...
12/12/2016 09:49:12 a. m.: Termina correctamente rutina ObtenerChecadasSinConcepto() - ChecadasDAL
12/12/2016 09:49:12 a. m.: Obteniendo lista de empleados de FRIOGOMEZ...
12/12/2016 09:49:21 a. m.: Asignando conceptos a sucursal: FRIOGOMEZ
12/12/2016 09:49:24 a. m.: Obteniendo checadas sin concepto de ALIMENTOS WINER...
12/12/2016 09:49:25 a. m.: Inicia descarga de checadas...
12/12/2016 09:49:26 a. m.: Se llenó el DataTable...
12/12/2016 09:49:26 a. m.: Inicia transformacion a Lista...
12/12/2016 09:49:26 a. m.: Termina transformación a Lista...
12/12/2016 09:49:26 a. m.: Termina descarga de checadas...
12/12/2016 09:49:26 a. m.: Termina correctamente rutina ObtenerChecadasSinConcepto() - ChecadasDAL
12/12/2016 09:49:26 a. m.: Obteniendo lista de empleados de ALIMENTOS WINER...
12/12/2016 09:49:32 a. m.: Asignando conceptos a sucursal: ALIMENTOS WINER
12/12/2016 09:49:38 a. m.: Obteniendo checadas sin concepto de TACOS HEROICO...
12/12/2016 09:49:38 a. m.: Inicia descarga de checadas...
12/12/2016 09:49:39 a. m.: Se llenó el DataTable...
12/12/2016 09:49:39 a. m.: Inicia transformacion a Lista...
12/12/2016 09:49:39 a. m.: Termina transformación a Lista...
12/12/2016 09:49:39 a. m.: Termina descarga de checadas...
12/12/2016 09:49:39 a. m.: Termina correctamente rutina ObtenerChecadasSinConcepto() - ChecadasDAL
12/12/2016 09:49:39 a. m.: Obteniendo lista de empleados de TACOS HEROICO...
12/12/2016 09:49:45 a. m.: Asignando conceptos a sucursal: TACOS HEROICO
12/12/2016 09:49:50 a. m.: Obteniendo checadas sin concepto de TACOS PALMAS...
12/12/2016 09:49:51 a. m.: Inicia descarga de checadas...
12/12/2016 09:49:53 a. m.: Se llenó el DataTable...
12/12/2016 09:49:53 a. m.: Inicia transformacion a Lista...
12/12/2016 09:49:53 a. m.: Termina transformación a Lista...
12/12/2016 09:49:53 a. m.: Termina descarga de checadas...
12/12/2016 09:49:53 a. m.: Termina correctamente rutina ObtenerChecadasSinConcepto() - ChecadasDAL
12/12/2016 09:49:53 a. m.: Obteniendo lista de empleados de TACOS PALMAS...
12/12/2016 09:49:59 a. m.: Asignando conceptos a sucursal: TACOS PALMAS
12/12/2016 09:50:09 a. m.: Obteniendo checadas sin concepto de TACOS DOLORES...
12/12/2016 09:50:09 a. m.: Inicia descarga de checadas...
12/12/2016 09:50:11 a. m.: Se llenó el DataTable...
12/12/2016 09:50:11 a. m.: Inicia transformacion a Lista...
12/12/2016 09:50:11 a. m.: Termina transformación a Lista...
12/12/2016 09:50:11 a. m.: Termina descarga de checadas...
12/12/2016 09:50:11 a. m.: Termina correctamente rutina ObtenerChecadasSinConcepto() - ChecadasDAL
12/12/2016 09:50:11 a. m.: Obteniendo lista de empleados de TACOS DOLORES...
12/12/2016 09:50:17 a. m.: Asignando conceptos a sucursal: TACOS DOLORES
