16/12/2013 09:47:06 a.m.: Inicializando el sistema...
16/12/2013 09:47:06 a.m.: Inicia Carga de Configuraciones...
16/12/2013 09:47:07 a.m.: Las configuraciones fueron cargadas con exito.
16/12/2013 09:47:09 a.m.: Obteniendo checadas sin concepto de ABASTECEDORA...
16/12/2013 09:47:09 a.m.: Inicia descarga de checadas...
16/12/2013 09:47:09 a.m.: Se llenó el DataTable...
16/12/2013 09:47:09 a.m.: Inicia transformacion a Lista...
16/12/2013 09:47:09 a.m.: Termina transformación a Lista...
16/12/2013 09:47:09 a.m.: Termina descarga de checadas...
16/12/2013 09:47:09 a.m.: Termina correctamente rutina ObtenerChecadasSinConcepto() - ChecadasDAL
16/12/2013 09:47:09 a.m.: Obteniendo lista de empleados de ABASTECEDORA...
16/12/2013 09:47:10 a.m.: Asignando conceptos a sucursal: ABASTECEDORA
16/12/2013 09:47:18 a.m.: Obteniendo checadas sin concepto de LIBERTAD...
16/12/2013 09:47:18 a.m.: Inicia descarga de checadas...
16/12/2013 09:47:19 a.m.: Se llenó el DataTable...
16/12/2013 09:47:19 a.m.: Inicia transformacion a Lista...
16/12/2013 09:47:19 a.m.: Termina transformación a Lista...
16/12/2013 09:47:19 a.m.: Termina descarga de checadas...
16/12/2013 09:47:19 a.m.: Termina correctamente rutina ObtenerChecadasSinConcepto() - ChecadasDAL
16/12/2013 09:47:19 a.m.: Obteniendo lista de empleados de LIBERTAD...
16/12/2013 09:47:19 a.m.: Asignando conceptos a sucursal: LIBERTAD
16/12/2013 09:47:25 a.m.: Obteniendo checadas sin concepto de HEROICO...
16/12/2013 09:47:25 a.m.: Inicia descarga de checadas...
16/12/2013 09:47:25 a.m.: Se llenó el DataTable...
16/12/2013 09:47:25 a.m.: Inicia transformacion a Lista...
16/12/2013 09:47:25 a.m.: Termina transformación a Lista...
16/12/2013 09:47:25 a.m.: Termina descarga de checadas...
16/12/2013 09:47:25 a.m.: Termina correctamente rutina ObtenerChecadasSinConcepto() - ChecadasDAL
16/12/2013 09:47:25 a.m.: Obteniendo lista de empleados de HEROICO...
16/12/2013 09:47:26 a.m.: Asignando conceptos a sucursal: HEROICO
16/12/2013 09:47:34 a.m.: Obteniendo checadas sin concepto de FIDEL...
16/12/2013 09:47:34 a.m.: Inicia descarga de checadas...
16/12/2013 09:47:35 a.m.: Se llenó el DataTable...
16/12/2013 09:47:35 a.m.: Inicia transformacion a Lista...
16/12/2013 09:47:35 a.m.: Termina transformación a Lista...
16/12/2013 09:47:35 a.m.: Termina descarga de checadas...
16/12/2013 09:47:35 a.m.: Termina correctamente rutina ObtenerChecadasSinConcepto() - ChecadasDAL
16/12/2013 09:47:35 a.m.: Obteniendo lista de empleados de FIDEL...
16/12/2013 09:47:35 a.m.: Asignando conceptos a sucursal: FIDEL
16/12/2013 09:47:42 a.m.: Access denied for user 'corrales'@'%' to database 'corrales_cfish'
16/12/2013 09:47:42 a.m.: No es posible conectarse a la base de datos del checador Fish Market
16/12/2013 09:47:43 a.m.: Obteniendo checadas sin concepto de FRIOGOMEZ...
16/12/2013 09:47:43 a.m.: Inicia descarga de checadas...
16/12/2013 09:47:44 a.m.: Se llenó el DataTable...
16/12/2013 09:47:44 a.m.: Inicia transformacion a Lista...
16/12/2013 09:47:44 a.m.: Termina transformación a Lista...
16/12/2013 09:47:44 a.m.: Termina descarga de checadas...
16/12/2013 09:47:44 a.m.: Termina correctamente rutina ObtenerChecadasSinConcepto() - ChecadasDAL
16/12/2013 09:47:44 a.m.: Obteniendo lista de empleados de FRIOGOMEZ...
16/12/2013 09:47:44 a.m.: Asignando conceptos a sucursal: FRIOGOMEZ
16/12/2013 09:47:48 a.m.: Obteniendo checadas sin concepto de FRIOLALA...
16/12/2013 09:47:48 a.m.: Inicia descarga de checadas...
16/12/2013 09:47:48 a.m.: Se llenó el DataTable...
16/12/2013 09:47:48 a.m.: Inicia transformacion a Lista...
16/12/2013 09:47:48 a.m.: Termina transformación a Lista...
16/12/2013 09:47:48 a.m.: Termina descarga de checadas...
16/12/2013 09:47:48 a.m.: Termina correctamente rutina ObtenerChecadasSinConcepto() - ChecadasDAL
16/12/2013 09:47:48 a.m.: Obteniendo lista de empleados de FRIOLALA...
16/12/2013 09:47:49 a.m.: Asignando conceptos a sucursal: FRIOLALA
16/12/2013 09:47:59 a.m.: Obteniendo checadas sin concepto de TACOS DOLORES...
16/12/2013 09:47:59 a.m.: Inicia descarga de checadas...
16/12/2013 09:47:59 a.m.: Se llenó el DataTable...
16/12/2013 09:47:59 a.m.: Inicia transformacion a Lista...
16/12/2013 09:47:59 a.m.: Termina transformación a Lista...
16/12/2013 09:47:59 a.m.: Termina descarga de checadas...
16/12/2013 09:47:59 a.m.: Termina correctamente rutina ObtenerChecadasSinConcepto() - ChecadasDAL
16/12/2013 09:47:59 a.m.: Obteniendo lista de empleados de TACOS DOLORES...
16/12/2013 09:48:00 a.m.: Asignando conceptos a sucursal: TACOS DOLORES
16/12/2013 09:48:02 a.m.: Obteniendo checadas sin concepto de TACOS HEROICO...
16/12/2013 09:48:02 a.m.: Inicia descarga de checadas...
16/12/2013 09:48:03 a.m.: Se llenó el DataTable...
16/12/2013 09:48:03 a.m.: Inicia transformacion a Lista...
16/12/2013 09:48:03 a.m.: Termina transformación a Lista...
16/12/2013 09:48:03 a.m.: Termina descarga de checadas...
16/12/2013 09:48:03 a.m.: Termina correctamente rutina ObtenerChecadasSinConcepto() - ChecadasDAL
16/12/2013 09:48:03 a.m.: Obteniendo lista de empleados de TACOS HEROICO...
16/12/2013 09:48:03 a.m.: Asignando conceptos a sucursal: TACOS HEROICO
16/12/2013 09:48:07 a.m.: Obteniendo checadas sin concepto de TACOS PALMAS...
16/12/2013 09:48:07 a.m.: Inicia descarga de checadas...
16/12/2013 09:48:08 a.m.: Se llenó el DataTable...
16/12/2013 09:48:08 a.m.: Inicia transformacion a Lista...
16/12/2013 09:48:08 a.m.: Termina transformación a Lista...
16/12/2013 09:48:08 a.m.: Termina descarga de checadas...
16/12/2013 09:48:08 a.m.: Termina correctamente rutina ObtenerChecadasSinConcepto() - ChecadasDAL
16/12/2013 09:48:08 a.m.: Obteniendo lista de empleados de TACOS PALMAS...
16/12/2013 09:48:08 a.m.: Asignando conceptos a sucursal: TACOS PALMAS
16/12/2013 09:48:11 a.m.: Obteniendo checadas sin concepto de ALIMENTOS WINER...
16/12/2013 09:48:12 a.m.: Inicia descarga de checadas...
16/12/2013 09:48:12 a.m.: Se llenó el DataTable...
16/12/2013 09:48:12 a.m.: Inicia transformacion a Lista...
16/12/2013 09:48:12 a.m.: Termina transformación a Lista...
16/12/2013 09:48:12 a.m.: Termina descarga de checadas...
16/12/2013 09:48:12 a.m.: Termina correctamente rutina ObtenerChecadasSinConcepto() - ChecadasDAL
16/12/2013 09:48:12 a.m.: Obteniendo lista de empleados de ALIMENTOS WINER...
16/12/2013 09:48:12 a.m.: Asignando conceptos a sucursal: ALIMENTOS WINER
16/12/2013 09:58:29 a.m.: Inicializando el sistema...
16/12/2013 09:58:40 a.m.: Inicia Carga de Configuraciones...
16/12/2013 09:59:00 a.m.: Las configuraciones fueron cargadas con exito.
16/12/2013 09:59:09 a.m.: Obteniendo checadas sin concepto de ABASTECEDORA...
16/12/2013 09:59:09 a.m.: Inicia descarga de checadas...
16/12/2013 09:59:10 a.m.: Se llenó el DataTable...
16/12/2013 09:59:10 a.m.: Inicia transformacion a Lista...
16/12/2013 09:59:10 a.m.: Termina transformación a Lista...
16/12/2013 09:59:10 a.m.: Termina descarga de checadas...
16/12/2013 09:59:10 a.m.: Termina correctamente rutina ObtenerChecadasSinConcepto() - ChecadasDAL
16/12/2013 09:59:10 a.m.: Obteniendo lista de empleados de ABASTECEDORA...
16/12/2013 09:59:11 a.m.: Asignando conceptos a sucursal: ABASTECEDORA
16/12/2013 09:59:18 a.m.: Obteniendo checadas sin concepto de LIBERTAD...
16/12/2013 09:59:18 a.m.: Inicia descarga de checadas...
16/12/2013 09:59:19 a.m.: Se llenó el DataTable...
16/12/2013 09:59:19 a.m.: Inicia transformacion a Lista...
16/12/2013 09:59:19 a.m.: Termina transformación a Lista...
16/12/2013 09:59:19 a.m.: Termina descarga de checadas...
16/12/2013 09:59:19 a.m.: Termina correctamente rutina ObtenerChecadasSinConcepto() - ChecadasDAL
16/12/2013 09:59:19 a.m.: Obteniendo lista de empleados de LIBERTAD...
16/12/2013 09:59:19 a.m.: Asignando conceptos a sucursal: LIBERTAD
16/12/2013 09:59:25 a.m.: Obteniendo checadas sin concepto de HEROICO...
16/12/2013 09:59:25 a.m.: Inicia descarga de checadas...
16/12/2013 09:59:25 a.m.: Se llenó el DataTable...
16/12/2013 09:59:25 a.m.: Inicia transformacion a Lista...
16/12/2013 09:59:25 a.m.: Termina transformación a Lista...
16/12/2013 09:59:25 a.m.: Termina descarga de checadas...
16/12/2013 09:59:25 a.m.: Termina correctamente rutina ObtenerChecadasSinConcepto() - ChecadasDAL
16/12/2013 09:59:25 a.m.: Obteniendo lista de empleados de HEROICO...
16/12/2013 09:59:26 a.m.: Asignando conceptos a sucursal: HEROICO
16/12/2013 09:59:33 a.m.: Obteniendo checadas sin concepto de FIDEL...
16/12/2013 09:59:33 a.m.: Inicia descarga de checadas...
16/12/2013 09:59:34 a.m.: Se llenó el DataTable...
16/12/2013 09:59:34 a.m.: Inicia transformacion a Lista...
16/12/2013 09:59:34 a.m.: Termina transformación a Lista...
16/12/2013 09:59:34 a.m.: Termina descarga de checadas...
16/12/2013 09:59:34 a.m.: Termina correctamente rutina ObtenerChecadasSinConcepto() - ChecadasDAL
16/12/2013 09:59:34 a.m.: Obteniendo lista de empleados de FIDEL...
16/12/2013 09:59:34 a.m.: Asignando conceptos a sucursal: FIDEL
16/12/2013 09:59:41 a.m.: Access denied for user 'corrales'@'%' to database 'corrales_cfish'
16/12/2013 09:59:41 a.m.: No es posible conectarse a la base de datos del checador Fish Market
16/12/2013 09:59:42 a.m.: Obteniendo checadas sin concepto de FRIOGOMEZ...
16/12/2013 09:59:42 a.m.: Inicia descarga de checadas...
16/12/2013 09:59:42 a.m.: Se llenó el DataTable...
16/12/2013 09:59:42 a.m.: Inicia transformacion a Lista...
16/12/2013 09:59:42 a.m.: Termina transformación a Lista...
16/12/2013 09:59:42 a.m.: Termina descarga de checadas...
16/12/2013 09:59:42 a.m.: Termina correctamente rutina ObtenerChecadasSinConcepto() - ChecadasDAL
16/12/2013 09:59:42 a.m.: Obteniendo lista de empleados de FRIOGOMEZ...
16/12/2013 09:59:43 a.m.: Asignando conceptos a sucursal: FRIOGOMEZ
16/12/2013 09:59:46 a.m.: Obteniendo checadas sin concepto de FRIOLALA...
16/12/2013 09:59:46 a.m.: Inicia descarga de checadas...
16/12/2013 09:59:47 a.m.: Se llenó el DataTable...
16/12/2013 09:59:47 a.m.: Inicia transformacion a Lista...
16/12/2013 09:59:47 a.m.: Termina transformación a Lista...
16/12/2013 09:59:47 a.m.: Termina descarga de checadas...
16/12/2013 09:59:47 a.m.: Termina correctamente rutina ObtenerChecadasSinConcepto() - ChecadasDAL
16/12/2013 09:59:47 a.m.: Obteniendo lista de empleados de FRIOLALA...
16/12/2013 09:59:48 a.m.: Asignando conceptos a sucursal: FRIOLALA
16/12/2013 09:59:57 a.m.: Obteniendo checadas sin concepto de TACOS DOLORES...
16/12/2013 09:59:57 a.m.: Inicia descarga de checadas...
16/12/2013 09:59:57 a.m.: Se llenó el DataTable...
16/12/2013 09:59:57 a.m.: Inicia transformacion a Lista...
16/12/2013 09:59:57 a.m.: Termina transformación a Lista...
16/12/2013 09:59:57 a.m.: Termina descarga de checadas...
16/12/2013 09:59:57 a.m.: Termina correctamente rutina ObtenerChecadasSinConcepto() - ChecadasDAL
16/12/2013 09:59:57 a.m.: Obteniendo lista de empleados de TACOS DOLORES...
16/12/2013 09:59:58 a.m.: Asignando conceptos a sucursal: TACOS DOLORES
16/12/2013 10:00:00 a.m.: Obteniendo checadas sin concepto de TACOS HEROICO...
16/12/2013 10:00:00 a.m.: Inicia descarga de checadas...
16/12/2013 10:00:00 a.m.: Se llenó el DataTable...
16/12/2013 10:00:00 a.m.: Inicia transformacion a Lista...
16/12/2013 10:00:00 a.m.: Termina transformación a Lista...
16/12/2013 10:00:00 a.m.: Termina descarga de checadas...
16/12/2013 10:00:00 a.m.: Termina correctamente rutina ObtenerChecadasSinConcepto() - ChecadasDAL
16/12/2013 10:00:00 a.m.: Obteniendo lista de empleados de TACOS HEROICO...
16/12/2013 10:00:01 a.m.: Asignando conceptos a sucursal: TACOS HEROICO
16/12/2013 10:00:04 a.m.: Obteniendo checadas sin concepto de TACOS PALMAS...
16/12/2013 10:00:04 a.m.: Inicia descarga de checadas...
16/12/2013 10:00:05 a.m.: Se llenó el DataTable...
16/12/2013 10:00:05 a.m.: Inicia transformacion a Lista...
16/12/2013 10:00:05 a.m.: Termina transformación a Lista...
16/12/2013 10:00:05 a.m.: Termina descarga de checadas...
16/12/2013 10:00:05 a.m.: Termina correctamente rutina ObtenerChecadasSinConcepto() - ChecadasDAL
16/12/2013 10:00:05 a.m.: Obteniendo lista de empleados de TACOS PALMAS...
16/12/2013 10:00:05 a.m.: Asignando conceptos a sucursal: TACOS PALMAS
16/12/2013 10:00:08 a.m.: Obteniendo checadas sin concepto de ALIMENTOS WINER...
16/12/2013 10:00:08 a.m.: Inicia descarga de checadas...
16/12/2013 10:00:09 a.m.: Se llenó el DataTable...
16/12/2013 10:00:09 a.m.: Inicia transformacion a Lista...
16/12/2013 10:00:09 a.m.: Termina transformación a Lista...
16/12/2013 10:00:09 a.m.: Termina descarga de checadas...
16/12/2013 10:00:09 a.m.: Termina correctamente rutina ObtenerChecadasSinConcepto() - ChecadasDAL
16/12/2013 10:00:09 a.m.: Obteniendo lista de empleados de ALIMENTOS WINER...
16/12/2013 10:00:09 a.m.: Asignando conceptos a sucursal: ALIMENTOS WINER
16/12/2013 10:05:11 a.m.: Inicializando el sistema...
16/12/2013 10:05:16 a.m.: Inicia Carga de Configuraciones...
16/12/2013 10:05:16 a.m.: Las configuraciones fueron cargadas con exito.
16/12/2013 10:05:17 a.m.: Obteniendo checadas sin concepto de ABASTECEDORA...
16/12/2013 10:05:17 a.m.: Inicia descarga de checadas...
16/12/2013 10:05:18 a.m.: Se llenó el DataTable...
16/12/2013 10:05:18 a.m.: Inicia transformacion a Lista...
16/12/2013 10:05:18 a.m.: Termina transformación a Lista...
16/12/2013 10:05:18 a.m.: Termina descarga de checadas...
16/12/2013 10:05:18 a.m.: Termina correctamente rutina ObtenerChecadasSinConcepto() - ChecadasDAL
16/12/2013 10:05:18 a.m.: Obteniendo lista de empleados de ABASTECEDORA...
16/12/2013 10:05:19 a.m.: Asignando conceptos a sucursal: ABASTECEDORA
16/12/2013 10:05:27 a.m.: Obteniendo checadas sin concepto de LIBERTAD...
16/12/2013 10:05:27 a.m.: Inicia descarga de checadas...
16/12/2013 10:05:27 a.m.: Se llenó el DataTable...
16/12/2013 10:05:27 a.m.: Inicia transformacion a Lista...
16/12/2013 10:05:27 a.m.: Termina transformación a Lista...
16/12/2013 10:05:27 a.m.: Termina descarga de checadas...
16/12/2013 10:05:27 a.m.: Termina correctamente rutina ObtenerChecadasSinConcepto() - ChecadasDAL
16/12/2013 10:05:27 a.m.: Obteniendo lista de empleados de LIBERTAD...
16/12/2013 10:05:28 a.m.: Asignando conceptos a sucursal: LIBERTAD
16/12/2013 10:05:31 a.m.: Obteniendo checadas sin concepto de HEROICO...
16/12/2013 10:05:31 a.m.: Inicia descarga de checadas...
16/12/2013 10:05:32 a.m.: Se llenó el DataTable...
16/12/2013 10:05:32 a.m.: Inicia transformacion a Lista...
16/12/2013 10:05:32 a.m.: Termina transformación a Lista...
16/12/2013 10:05:32 a.m.: Termina descarga de checadas...
16/12/2013 10:05:32 a.m.: Termina correctamente rutina ObtenerChecadasSinConcepto() - ChecadasDAL
16/12/2013 10:05:32 a.m.: Obteniendo lista de empleados de HEROICO...
16/12/2013 10:05:32 a.m.: Asignando conceptos a sucursal: HEROICO
16/12/2013 10:05:36 a.m.: Obteniendo checadas sin concepto de FIDEL...
16/12/2013 10:05:36 a.m.: Inicia descarga de checadas...
16/12/2013 10:05:37 a.m.: Se llenó el DataTable...
16/12/2013 10:05:37 a.m.: Inicia transformacion a Lista...
16/12/2013 10:05:37 a.m.: Termina transformación a Lista...
16/12/2013 10:05:37 a.m.: Termina descarga de checadas...
16/12/2013 10:05:37 a.m.: Termina correctamente rutina ObtenerChecadasSinConcepto() - ChecadasDAL
16/12/2013 10:05:37 a.m.: Obteniendo lista de empleados de FIDEL...
16/12/2013 10:05:37 a.m.: Asignando conceptos a sucursal: FIDEL
16/12/2013 10:05:41 a.m.: Access denied for user 'corrales'@'%' to database 'corrales_cfish'
16/12/2013 10:05:41 a.m.: No es posible conectarse a la base de datos del checador Fish Market
16/12/2013 10:05:41 a.m.: Obteniendo checadas sin concepto de FRIOGOMEZ...
16/12/2013 10:05:42 a.m.: Inicia descarga de checadas...
16/12/2013 10:05:42 a.m.: Se llenó el DataTable...
16/12/2013 10:05:42 a.m.: Inicia transformacion a Lista...
16/12/2013 10:05:42 a.m.: Termina transformación a Lista...
16/12/2013 10:05:42 a.m.: Termina descarga de checadas...
16/12/2013 10:05:42 a.m.: Termina correctamente rutina ObtenerChecadasSinConcepto() - ChecadasDAL
16/12/2013 10:05:42 a.m.: Obteniendo lista de empleados de FRIOGOMEZ...
16/12/2013 10:05:42 a.m.: Asignando conceptos a sucursal: FRIOGOMEZ
16/12/2013 10:05:44 a.m.: Obteniendo checadas sin concepto de FRIOLALA...
16/12/2013 10:05:44 a.m.: Inicia descarga de checadas...
16/12/2013 10:05:45 a.m.: Se llenó el DataTable...
16/12/2013 10:05:45 a.m.: Inicia transformacion a Lista...
16/12/2013 10:05:45 a.m.: Termina transformación a Lista...
16/12/2013 10:05:45 a.m.: Termina descarga de checadas...
16/12/2013 10:05:45 a.m.: Termina correctamente rutina ObtenerChecadasSinConcepto() - ChecadasDAL
16/12/2013 10:05:45 a.m.: Obteniendo lista de empleados de FRIOLALA...
16/12/2013 10:05:45 a.m.: Asignando conceptos a sucursal: FRIOLALA
16/12/2013 10:05:49 a.m.: Obteniendo checadas sin concepto de TACOS DOLORES...
16/12/2013 10:05:49 a.m.: Inicia descarga de checadas...
16/12/2013 10:05:49 a.m.: Se llenó el DataTable...
16/12/2013 10:05:49 a.m.: Inicia transformacion a Lista...
16/12/2013 10:05:49 a.m.: Termina transformación a Lista...
16/12/2013 10:05:49 a.m.: Termina descarga de checadas...
16/12/2013 10:05:49 a.m.: Termina correctamente rutina ObtenerChecadasSinConcepto() - ChecadasDAL
16/12/2013 10:05:49 a.m.: Obteniendo lista de empleados de TACOS DOLORES...
16/12/2013 10:05:50 a.m.: Asignando conceptos a sucursal: TACOS DOLORES
16/12/2013 10:05:51 a.m.: Obteniendo checadas sin concepto de TACOS HEROICO...
16/12/2013 10:05:51 a.m.: Inicia descarga de checadas...
16/12/2013 10:05:52 a.m.: Se llenó el DataTable...
16/12/2013 10:05:52 a.m.: Inicia transformacion a Lista...
16/12/2013 10:05:52 a.m.: Termina transformación a Lista...
16/12/2013 10:05:52 a.m.: Termina descarga de checadas...
16/12/2013 10:05:52 a.m.: Termina correctamente rutina ObtenerChecadasSinConcepto() - ChecadasDAL
16/12/2013 10:05:52 a.m.: Obteniendo lista de empleados de TACOS HEROICO...
16/12/2013 10:05:52 a.m.: Asignando conceptos a sucursal: TACOS HEROICO
16/12/2013 10:05:55 a.m.: Obteniendo checadas sin concepto de TACOS PALMAS...
16/12/2013 10:05:55 a.m.: Inicia descarga de checadas...
16/12/2013 10:05:55 a.m.: Se llenó el DataTable...
16/12/2013 10:05:55 a.m.: Inicia transformacion a Lista...
16/12/2013 10:05:55 a.m.: Termina transformación a Lista...
16/12/2013 10:05:55 a.m.: Termina descarga de checadas...
16/12/2013 10:05:55 a.m.: Termina correctamente rutina ObtenerChecadasSinConcepto() - ChecadasDAL
16/12/2013 10:05:55 a.m.: Obteniendo lista de empleados de TACOS PALMAS...
16/12/2013 10:05:56 a.m.: Asignando conceptos a sucursal: TACOS PALMAS
16/12/2013 10:05:58 a.m.: Obteniendo checadas sin concepto de ALIMENTOS WINER...
16/12/2013 10:05:58 a.m.: Inicia descarga de checadas...
16/12/2013 10:05:58 a.m.: Se llenó el DataTable...
16/12/2013 10:05:58 a.m.: Inicia transformacion a Lista...
16/12/2013 10:05:58 a.m.: Termina transformación a Lista...
16/12/2013 10:05:58 a.m.: Termina descarga de checadas...
16/12/2013 10:05:58 a.m.: Termina correctamente rutina ObtenerChecadasSinConcepto() - ChecadasDAL
16/12/2013 10:05:58 a.m.: Obteniendo lista de empleados de ALIMENTOS WINER...
16/12/2013 10:05:59 a.m.: Asignando conceptos a sucursal: ALIMENTOS WINER
16/12/2013 10:08:46 a.m.: Inicializando el sistema...
16/12/2013 10:08:46 a.m.: Inicia Carga de Configuraciones...
16/12/2013 10:08:48 a.m.: Las configuraciones fueron cargadas con exito.
16/12/2013 10:08:49 a.m.: Obteniendo checadas sin concepto de ABASTECEDORA...
16/12/2013 10:08:49 a.m.: Inicia descarga de checadas...
16/12/2013 10:08:50 a.m.: Se llenó el DataTable...
16/12/2013 10:08:50 a.m.: Inicia transformacion a Lista...
16/12/2013 10:08:50 a.m.: Termina transformación a Lista...
16/12/2013 10:08:50 a.m.: Termina descarga de checadas...
16/12/2013 10:08:50 a.m.: Termina correctamente rutina ObtenerChecadasSinConcepto() - ChecadasDAL
16/12/2013 10:08:50 a.m.: Obteniendo lista de empleados de ABASTECEDORA...
16/12/2013 10:08:50 a.m.: Asignando conceptos a sucursal: ABASTECEDORA
16/12/2013 10:08:58 a.m.: Obteniendo checadas sin concepto de LIBERTAD...
16/12/2013 10:08:59 a.m.: Inicia descarga de checadas...
16/12/2013 10:08:59 a.m.: Se llenó el DataTable...
16/12/2013 10:08:59 a.m.: Inicia transformacion a Lista...
16/12/2013 10:08:59 a.m.: Termina transformación a Lista...
16/12/2013 10:08:59 a.m.: Termina descarga de checadas...
16/12/2013 10:08:59 a.m.: Termina correctamente rutina ObtenerChecadasSinConcepto() - ChecadasDAL
16/12/2013 10:08:59 a.m.: Obteniendo lista de empleados de LIBERTAD...
16/12/2013 10:09:00 a.m.: Asignando conceptos a sucursal: LIBERTAD
16/12/2013 10:09:03 a.m.: Obteniendo checadas sin concepto de HEROICO...
16/12/2013 10:09:03 a.m.: Inicia descarga de checadas...
16/12/2013 10:09:04 a.m.: Se llenó el DataTable...
16/12/2013 10:09:04 a.m.: Inicia transformacion a Lista...
16/12/2013 10:09:04 a.m.: Termina transformación a Lista...
16/12/2013 10:09:04 a.m.: Termina descarga de checadas...
16/12/2013 10:09:04 a.m.: Termina correctamente rutina ObtenerChecadasSinConcepto() - ChecadasDAL
16/12/2013 10:09:04 a.m.: Obteniendo lista de empleados de HEROICO...
16/12/2013 10:09:04 a.m.: Asignando conceptos a sucursal: HEROICO
16/12/2013 10:09:08 a.m.: Obteniendo checadas sin concepto de FIDEL...
16/12/2013 10:09:09 a.m.: Inicia descarga de checadas...
16/12/2013 10:09:09 a.m.: Se llenó el DataTable...
16/12/2013 10:09:09 a.m.: Inicia transformacion a Lista...
16/12/2013 10:09:09 a.m.: Termina transformación a Lista...
16/12/2013 10:09:09 a.m.: Termina descarga de checadas...
16/12/2013 10:09:09 a.m.: Termina correctamente rutina ObtenerChecadasSinConcepto() - ChecadasDAL
16/12/2013 10:09:09 a.m.: Obteniendo lista de empleados de FIDEL...
16/12/2013 10:09:10 a.m.: Asignando conceptos a sucursal: FIDEL
16/12/2013 10:09:13 a.m.: Access denied for user 'corrales'@'%' to database 'corrales_cfish'
16/12/2013 10:09:13 a.m.: No es posible conectarse a la base de datos del checador Fish Market
16/12/2013 10:09:13 a.m.: Obteniendo checadas sin concepto de FRIOGOMEZ...
16/12/2013 10:09:13 a.m.: Inicia descarga de checadas...
16/12/2013 10:09:14 a.m.: Se llenó el DataTable...
16/12/2013 10:09:14 a.m.: Inicia transformacion a Lista...
16/12/2013 10:09:14 a.m.: Termina transformación a Lista...
16/12/2013 10:09:14 a.m.: Termina descarga de checadas...
16/12/2013 10:09:14 a.m.: Termina correctamente rutina ObtenerChecadasSinConcepto() - ChecadasDAL
16/12/2013 10:09:14 a.m.: Obteniendo lista de empleados de FRIOGOMEZ...
16/12/2013 10:09:14 a.m.: Asignando conceptos a sucursal: FRIOGOMEZ
16/12/2013 10:09:16 a.m.: Obteniendo checadas sin concepto de FRIOLALA...
16/12/2013 10:09:16 a.m.: Inicia descarga de checadas...
16/12/2013 10:09:17 a.m.: Se llenó el DataTable...
16/12/2013 10:09:17 a.m.: Inicia transformacion a Lista...
16/12/2013 10:09:17 a.m.: Termina transformación a Lista...
16/12/2013 10:09:17 a.m.: Termina descarga de checadas...
16/12/2013 10:09:17 a.m.: Termina correctamente rutina ObtenerChecadasSinConcepto() - ChecadasDAL
16/12/2013 10:09:17 a.m.: Obteniendo lista de empleados de FRIOLALA...
16/12/2013 10:09:17 a.m.: Asignando conceptos a sucursal: FRIOLALA
16/12/2013 10:09:23 a.m.: Obteniendo checadas sin concepto de TACOS DOLORES...
16/12/2013 10:09:23 a.m.: Inicia descarga de checadas...
16/12/2013 10:09:23 a.m.: Se llenó el DataTable...
16/12/2013 10:09:23 a.m.: Inicia transformacion a Lista...
16/12/2013 10:09:23 a.m.: Termina transformación a Lista...
16/12/2013 10:09:23 a.m.: Termina descarga de checadas...
16/12/2013 10:09:23 a.m.: Termina correctamente rutina ObtenerChecadasSinConcepto() - ChecadasDAL
16/12/2013 10:09:23 a.m.: Obteniendo lista de empleados de TACOS DOLORES...
16/12/2013 10:09:24 a.m.: Asignando conceptos a sucursal: TACOS DOLORES
16/12/2013 10:09:26 a.m.: Obteniendo checadas sin concepto de TACOS HEROICO...
16/12/2013 10:09:26 a.m.: Inicia descarga de checadas...
16/12/2013 10:09:27 a.m.: Se llenó el DataTable...
16/12/2013 10:09:27 a.m.: Inicia transformacion a Lista...
16/12/2013 10:09:27 a.m.: Termina transformación a Lista...
16/12/2013 10:09:27 a.m.: Termina descarga de checadas...
16/12/2013 10:09:27 a.m.: Termina correctamente rutina ObtenerChecadasSinConcepto() - ChecadasDAL
16/12/2013 10:09:27 a.m.: Obteniendo lista de empleados de TACOS HEROICO...
16/12/2013 10:09:27 a.m.: Asignando conceptos a sucursal: TACOS HEROICO
16/12/2013 10:09:30 a.m.: Obteniendo checadas sin concepto de TACOS PALMAS...
16/12/2013 10:09:30 a.m.: Inicia descarga de checadas...
16/12/2013 10:09:31 a.m.: Se llenó el DataTable...
16/12/2013 10:09:31 a.m.: Inicia transformacion a Lista...
16/12/2013 10:09:31 a.m.: Termina transformación a Lista...
16/12/2013 10:09:31 a.m.: Termina descarga de checadas...
16/12/2013 10:09:31 a.m.: Termina correctamente rutina ObtenerChecadasSinConcepto() - ChecadasDAL
16/12/2013 10:09:31 a.m.: Obteniendo lista de empleados de TACOS PALMAS...
16/12/2013 10:09:31 a.m.: Asignando conceptos a sucursal: TACOS PALMAS
16/12/2013 10:09:33 a.m.: Obteniendo checadas sin concepto de ALIMENTOS WINER...
16/12/2013 10:09:33 a.m.: Inicia descarga de checadas...
16/12/2013 10:09:34 a.m.: Se llenó el DataTable...
16/12/2013 10:09:34 a.m.: Inicia transformacion a Lista...
16/12/2013 10:09:34 a.m.: Termina transformación a Lista...
16/12/2013 10:09:34 a.m.: Termina descarga de checadas...
16/12/2013 10:09:34 a.m.: Termina correctamente rutina ObtenerChecadasSinConcepto() - ChecadasDAL
16/12/2013 10:09:34 a.m.: Obteniendo lista de empleados de ALIMENTOS WINER...
16/12/2013 10:09:34 a.m.: Asignando conceptos a sucursal: ALIMENTOS WINER
