27/06/2014 11:15:02 a.m.: Inicializando el sistema...
27/06/2014 11:15:02 a.m.: Inicia Carga de Configuraciones...
27/06/2014 11:15:03 a.m.: Las configuraciones fueron cargadas con exito.
27/06/2014 11:15:05 a.m.: Obteniendo checadas sin concepto de ABASTECEDORA...
27/06/2014 11:15:05 a.m.: Inicia descarga de checadas...
27/06/2014 11:15:06 a.m.: Se llenó el DataTable...
27/06/2014 11:15:06 a.m.: Inicia transformacion a Lista...
27/06/2014 11:15:06 a.m.: Termina transformación a Lista...
27/06/2014 11:15:06 a.m.: Termina descarga de checadas...
27/06/2014 11:15:06 a.m.: Termina correctamente rutina ObtenerChecadasSinConcepto() - ChecadasDAL
27/06/2014 11:15:06 a.m.: Obteniendo lista de empleados de ABASTECEDORA...
27/06/2014 11:15:07 a.m.: Asignando conceptos a sucursal: ABASTECEDORA
27/06/2014 11:15:15 a.m.: Obteniendo checadas sin concepto de HEROICO...
27/06/2014 11:15:15 a.m.: Inicia descarga de checadas...
27/06/2014 11:15:16 a.m.: Se llenó el DataTable...
27/06/2014 11:15:16 a.m.: Inicia transformacion a Lista...
27/06/2014 11:15:16 a.m.: Termina transformación a Lista...
27/06/2014 11:15:16 a.m.: Termina descarga de checadas...
27/06/2014 11:15:16 a.m.: Termina correctamente rutina ObtenerChecadasSinConcepto() - ChecadasDAL
27/06/2014 11:15:16 a.m.: Obteniendo lista de empleados de HEROICO...
27/06/2014 11:15:16 a.m.: Asignando conceptos a sucursal: HEROICO
27/06/2014 11:15:20 a.m.: Obteniendo checadas sin concepto de LIBERTAD...
27/06/2014 11:15:20 a.m.: Inicia descarga de checadas...
27/06/2014 11:15:21 a.m.: Se llenó el DataTable...
27/06/2014 11:15:21 a.m.: Inicia transformacion a Lista...
27/06/2014 11:15:21 a.m.: Termina transformación a Lista...
27/06/2014 11:15:21 a.m.: Termina descarga de checadas...
27/06/2014 11:15:21 a.m.: Termina correctamente rutina ObtenerChecadasSinConcepto() - ChecadasDAL
27/06/2014 11:15:21 a.m.: Obteniendo lista de empleados de LIBERTAD...
27/06/2014 11:15:22 a.m.: Asignando conceptos a sucursal: LIBERTAD
27/06/2014 11:15:24 a.m.: Obteniendo checadas sin concepto de FIDEL VELAZQUEZ...
27/06/2014 11:15:25 a.m.: Inicia descarga de checadas...
27/06/2014 11:15:25 a.m.: Se llenó el DataTable...
27/06/2014 11:15:25 a.m.: Inicia transformacion a Lista...
27/06/2014 11:15:25 a.m.: Termina transformación a Lista...
27/06/2014 11:15:25 a.m.: Termina descarga de checadas...
27/06/2014 11:15:25 a.m.: Termina correctamente rutina ObtenerChecadasSinConcepto() - ChecadasDAL
27/06/2014 11:15:25 a.m.: Obteniendo lista de empleados de FIDEL VELAZQUEZ...
27/06/2014 11:15:26 a.m.: Asignando conceptos a sucursal: FIDEL VELAZQUEZ
27/06/2014 11:15:30 a.m.: Obteniendo checadas sin concepto de FRIOLALA...
27/06/2014 11:15:30 a.m.: Inicia descarga de checadas...
27/06/2014 11:15:31 a.m.: Se llenó el DataTable...
27/06/2014 11:15:31 a.m.: Inicia transformacion a Lista...
27/06/2014 11:15:31 a.m.: Termina transformación a Lista...
27/06/2014 11:15:31 a.m.: Termina descarga de checadas...
27/06/2014 11:15:31 a.m.: Termina correctamente rutina ObtenerChecadasSinConcepto() - ChecadasDAL
27/06/2014 11:15:31 a.m.: Obteniendo lista de empleados de FRIOLALA...
27/06/2014 11:15:36 a.m.: Asignando conceptos a sucursal: FRIOLALA
27/06/2014 11:15:42 a.m.: Obteniendo checadas sin concepto de FRIOGOMEZ...
27/06/2014 11:15:42 a.m.: Inicia descarga de checadas...
27/06/2014 11:15:43 a.m.: Se llenó el DataTable...
27/06/2014 11:15:43 a.m.: Inicia transformacion a Lista...
27/06/2014 11:15:43 a.m.: Termina transformación a Lista...
27/06/2014 11:15:43 a.m.: Termina descarga de checadas...
27/06/2014 11:15:43 a.m.: Termina correctamente rutina ObtenerChecadasSinConcepto() - ChecadasDAL
27/06/2014 11:15:43 a.m.: Obteniendo lista de empleados de FRIOGOMEZ...
27/06/2014 11:15:44 a.m.: Asignando conceptos a sucursal: FRIOGOMEZ
27/06/2014 11:15:47 a.m.: Obteniendo checadas sin concepto de ALIMENTOS WINER...
27/06/2014 11:15:47 a.m.: Inicia descarga de checadas...
27/06/2014 11:15:47 a.m.: Se llenó el DataTable...
27/06/2014 11:15:47 a.m.: Inicia transformacion a Lista...
27/06/2014 11:15:47 a.m.: Termina transformación a Lista...
27/06/2014 11:15:47 a.m.: Termina descarga de checadas...
27/06/2014 11:15:47 a.m.: Termina correctamente rutina ObtenerChecadasSinConcepto() - ChecadasDAL
27/06/2014 11:15:47 a.m.: Obteniendo lista de empleados de ALIMENTOS WINER...
27/06/2014 11:15:48 a.m.: Asignando conceptos a sucursal: ALIMENTOS WINER
27/06/2014 11:15:51 a.m.: Obteniendo checadas sin concepto de TACOS HEROICO...
27/06/2014 11:15:51 a.m.: Inicia descarga de checadas...
27/06/2014 11:15:52 a.m.: Se llenó el DataTable...
27/06/2014 11:15:52 a.m.: Inicia transformacion a Lista...
27/06/2014 11:15:52 a.m.: Termina transformación a Lista...
27/06/2014 11:15:52 a.m.: Termina descarga de checadas...
27/06/2014 11:15:52 a.m.: Termina correctamente rutina ObtenerChecadasSinConcepto() - ChecadasDAL
27/06/2014 11:15:52 a.m.: Obteniendo lista de empleados de TACOS HEROICO...
27/06/2014 11:15:53 a.m.: Asignando conceptos a sucursal: TACOS HEROICO
27/06/2014 11:15:55 a.m.: Obteniendo checadas sin concepto de TACOS PALMAS...
27/06/2014 11:15:55 a.m.: Inicia descarga de checadas...
27/06/2014 11:15:55 a.m.: Se llenó el DataTable...
27/06/2014 11:15:55 a.m.: Inicia transformacion a Lista...
27/06/2014 11:15:55 a.m.: Termina transformación a Lista...
27/06/2014 11:15:55 a.m.: Termina descarga de checadas...
27/06/2014 11:15:55 a.m.: Termina correctamente rutina ObtenerChecadasSinConcepto() - ChecadasDAL
27/06/2014 11:15:55 a.m.: Obteniendo lista de empleados de TACOS PALMAS...
27/06/2014 11:15:56 a.m.: Asignando conceptos a sucursal: TACOS PALMAS
27/06/2014 11:15:57 a.m.: Obteniendo checadas sin concepto de TACOS DOLORES...
27/06/2014 11:15:57 a.m.: Inicia descarga de checadas...
27/06/2014 11:15:57 a.m.: Se llenó el DataTable...
27/06/2014 11:15:57 a.m.: Inicia transformacion a Lista...
27/06/2014 11:15:57 a.m.: Termina transformación a Lista...
27/06/2014 11:15:57 a.m.: Termina descarga de checadas...
27/06/2014 11:15:57 a.m.: Termina correctamente rutina ObtenerChecadasSinConcepto() - ChecadasDAL
27/06/2014 11:15:57 a.m.: Obteniendo lista de empleados de TACOS DOLORES...
27/06/2014 11:15:59 a.m.: Asignando conceptos a sucursal: TACOS DOLORES
27/06/2014 11:26:05 a.m.: Inicializando el sistema...
27/06/2014 11:26:05 a.m.: Inicia Carga de Configuraciones...
27/06/2014 11:26:05 a.m.: Las configuraciones fueron cargadas con exito.
27/06/2014 11:26:06 a.m.: Obteniendo checadas sin concepto de ABASTECEDORA...
27/06/2014 11:26:06 a.m.: Inicia descarga de checadas...
27/06/2014 11:26:07 a.m.: Se llenó el DataTable...
27/06/2014 11:26:07 a.m.: Inicia transformacion a Lista...
27/06/2014 11:26:07 a.m.: Termina transformación a Lista...
27/06/2014 11:26:07 a.m.: Termina descarga de checadas...
27/06/2014 11:26:07 a.m.: Termina correctamente rutina ObtenerChecadasSinConcepto() - ChecadasDAL
27/06/2014 11:26:07 a.m.: Obteniendo lista de empleados de ABASTECEDORA...
27/06/2014 11:26:08 a.m.: Asignando conceptos a sucursal: ABASTECEDORA
27/06/2014 11:26:16 a.m.: Obteniendo checadas sin concepto de HEROICO...
27/06/2014 11:26:16 a.m.: Inicia descarga de checadas...
27/06/2014 11:26:17 a.m.: Se llenó el DataTable...
27/06/2014 11:26:17 a.m.: Inicia transformacion a Lista...
27/06/2014 11:26:17 a.m.: Termina transformación a Lista...
27/06/2014 11:26:17 a.m.: Termina descarga de checadas...
27/06/2014 11:26:17 a.m.: Termina correctamente rutina ObtenerChecadasSinConcepto() - ChecadasDAL
27/06/2014 11:26:17 a.m.: Obteniendo lista de empleados de HEROICO...
27/06/2014 11:26:18 a.m.: Asignando conceptos a sucursal: HEROICO
27/06/2014 11:26:22 a.m.: Obteniendo checadas sin concepto de LIBERTAD...
27/06/2014 11:26:22 a.m.: Inicia descarga de checadas...
27/06/2014 11:26:22 a.m.: Se llenó el DataTable...
27/06/2014 11:26:22 a.m.: Inicia transformacion a Lista...
27/06/2014 11:26:22 a.m.: Termina transformación a Lista...
27/06/2014 11:26:22 a.m.: Termina descarga de checadas...
27/06/2014 11:26:22 a.m.: Termina correctamente rutina ObtenerChecadasSinConcepto() - ChecadasDAL
27/06/2014 11:26:22 a.m.: Obteniendo lista de empleados de LIBERTAD...
27/06/2014 11:26:23 a.m.: Asignando conceptos a sucursal: LIBERTAD
27/06/2014 11:26:26 a.m.: Obteniendo checadas sin concepto de FIDEL VELAZQUEZ...
27/06/2014 11:26:26 a.m.: Inicia descarga de checadas...
27/06/2014 11:26:27 a.m.: Se llenó el DataTable...
27/06/2014 11:26:27 a.m.: Inicia transformacion a Lista...
27/06/2014 11:26:27 a.m.: Termina transformación a Lista...
27/06/2014 11:26:27 a.m.: Termina descarga de checadas...
27/06/2014 11:26:27 a.m.: Termina correctamente rutina ObtenerChecadasSinConcepto() - ChecadasDAL
27/06/2014 11:26:27 a.m.: Obteniendo lista de empleados de FIDEL VELAZQUEZ...
27/06/2014 11:26:28 a.m.: Asignando conceptos a sucursal: FIDEL VELAZQUEZ
27/06/2014 11:26:31 a.m.: Obteniendo checadas sin concepto de FRIOLALA...
27/06/2014 11:26:31 a.m.: Inicia descarga de checadas...
27/06/2014 11:26:32 a.m.: Se llenó el DataTable...
27/06/2014 11:26:32 a.m.: Inicia transformacion a Lista...
27/06/2014 11:26:32 a.m.: Termina transformación a Lista...
27/06/2014 11:26:32 a.m.: Termina descarga de checadas...
27/06/2014 11:26:32 a.m.: Termina correctamente rutina ObtenerChecadasSinConcepto() - ChecadasDAL
27/06/2014 11:26:32 a.m.: Obteniendo lista de empleados de FRIOLALA...
27/06/2014 11:26:33 a.m.: Asignando conceptos a sucursal: FRIOLALA
27/06/2014 11:26:38 a.m.: Obteniendo checadas sin concepto de FRIOGOMEZ...
27/06/2014 11:26:39 a.m.: Inicia descarga de checadas...
27/06/2014 11:26:39 a.m.: Se llenó el DataTable...
27/06/2014 11:26:39 a.m.: Inicia transformacion a Lista...
27/06/2014 11:26:39 a.m.: Termina transformación a Lista...
27/06/2014 11:26:39 a.m.: Termina descarga de checadas...
27/06/2014 11:26:39 a.m.: Termina correctamente rutina ObtenerChecadasSinConcepto() - ChecadasDAL
27/06/2014 11:26:39 a.m.: Obteniendo lista de empleados de FRIOGOMEZ...
27/06/2014 11:26:40 a.m.: Asignando conceptos a sucursal: FRIOGOMEZ
27/06/2014 11:26:42 a.m.: Obteniendo checadas sin concepto de ALIMENTOS WINER...
27/06/2014 11:26:42 a.m.: Inicia descarga de checadas...
27/06/2014 11:26:42 a.m.: Se llenó el DataTable...
27/06/2014 11:26:42 a.m.: Inicia transformacion a Lista...
27/06/2014 11:26:42 a.m.: Termina transformación a Lista...
27/06/2014 11:26:42 a.m.: Termina descarga de checadas...
27/06/2014 11:26:42 a.m.: Termina correctamente rutina ObtenerChecadasSinConcepto() - ChecadasDAL
27/06/2014 11:26:42 a.m.: Obteniendo lista de empleados de ALIMENTOS WINER...
27/06/2014 11:26:43 a.m.: Asignando conceptos a sucursal: ALIMENTOS WINER
27/06/2014 11:26:46 a.m.: Obteniendo checadas sin concepto de TACOS HEROICO...
27/06/2014 11:26:46 a.m.: Inicia descarga de checadas...
27/06/2014 11:26:46 a.m.: Se llenó el DataTable...
27/06/2014 11:26:46 a.m.: Inicia transformacion a Lista...
27/06/2014 11:26:46 a.m.: Termina transformación a Lista...
27/06/2014 11:26:46 a.m.: Termina descarga de checadas...
27/06/2014 11:26:46 a.m.: Termina correctamente rutina ObtenerChecadasSinConcepto() - ChecadasDAL
27/06/2014 11:26:46 a.m.: Obteniendo lista de empleados de TACOS HEROICO...
27/06/2014 11:26:47 a.m.: Asignando conceptos a sucursal: TACOS HEROICO
27/06/2014 11:26:49 a.m.: Obteniendo checadas sin concepto de TACOS PALMAS...
27/06/2014 11:26:49 a.m.: Inicia descarga de checadas...
27/06/2014 11:26:49 a.m.: Se llenó el DataTable...
27/06/2014 11:26:49 a.m.: Inicia transformacion a Lista...
27/06/2014 11:26:49 a.m.: Termina transformación a Lista...
27/06/2014 11:26:49 a.m.: Termina descarga de checadas...
27/06/2014 11:26:49 a.m.: Termina correctamente rutina ObtenerChecadasSinConcepto() - ChecadasDAL
27/06/2014 11:26:49 a.m.: Obteniendo lista de empleados de TACOS PALMAS...
27/06/2014 11:26:50 a.m.: Asignando conceptos a sucursal: TACOS PALMAS
27/06/2014 11:26:51 a.m.: Obteniendo checadas sin concepto de TACOS DOLORES...
27/06/2014 11:26:51 a.m.: Inicia descarga de checadas...
27/06/2014 11:26:51 a.m.: Se llenó el DataTable...
27/06/2014 11:26:51 a.m.: Inicia transformacion a Lista...
27/06/2014 11:26:51 a.m.: Termina transformación a Lista...
27/06/2014 11:26:51 a.m.: Termina descarga de checadas...
27/06/2014 11:26:51 a.m.: Termina correctamente rutina ObtenerChecadasSinConcepto() - ChecadasDAL
27/06/2014 11:26:51 a.m.: Obteniendo lista de empleados de TACOS DOLORES...
27/06/2014 11:26:52 a.m.: Asignando conceptos a sucursal: TACOS DOLORES
27/06/2014 11:32:38 a.m.: Inicializando el sistema...
27/06/2014 11:32:38 a.m.: Inicia Carga de Configuraciones...
27/06/2014 11:32:39 a.m.: Las configuraciones fueron cargadas con exito.
27/06/2014 11:32:40 a.m.: Obteniendo checadas sin concepto de ABASTECEDORA...
27/06/2014 11:32:40 a.m.: Inicia descarga de checadas...
27/06/2014 11:32:41 a.m.: Se llenó el DataTable...
27/06/2014 11:32:41 a.m.: Inicia transformacion a Lista...
27/06/2014 11:32:41 a.m.: Termina transformación a Lista...
27/06/2014 11:32:41 a.m.: Termina descarga de checadas...
27/06/2014 11:32:41 a.m.: Termina correctamente rutina ObtenerChecadasSinConcepto() - ChecadasDAL
27/06/2014 11:32:41 a.m.: Obteniendo lista de empleados de ABASTECEDORA...
27/06/2014 11:32:41 a.m.: Asignando conceptos a sucursal: ABASTECEDORA
27/06/2014 11:32:51 a.m.: Obteniendo checadas sin concepto de HEROICO...
27/06/2014 11:32:52 a.m.: Inicia descarga de checadas...
27/06/2014 11:32:52 a.m.: Se llenó el DataTable...
27/06/2014 11:32:52 a.m.: Inicia transformacion a Lista...
27/06/2014 11:32:52 a.m.: Termina transformación a Lista...
27/06/2014 11:32:52 a.m.: Termina descarga de checadas...
27/06/2014 11:32:52 a.m.: Termina correctamente rutina ObtenerChecadasSinConcepto() - ChecadasDAL
27/06/2014 11:32:52 a.m.: Obteniendo lista de empleados de HEROICO...
27/06/2014 11:32:54 a.m.: Asignando conceptos a sucursal: HEROICO
27/06/2014 11:32:58 a.m.: Obteniendo checadas sin concepto de LIBERTAD...
27/06/2014 11:32:58 a.m.: Inicia descarga de checadas...
27/06/2014 11:32:59 a.m.: Se llenó el DataTable...
27/06/2014 11:32:59 a.m.: Inicia transformacion a Lista...
27/06/2014 11:32:59 a.m.: Termina transformación a Lista...
27/06/2014 11:32:59 a.m.: Termina descarga de checadas...
27/06/2014 11:32:59 a.m.: Termina correctamente rutina ObtenerChecadasSinConcepto() - ChecadasDAL
27/06/2014 11:32:59 a.m.: Obteniendo lista de empleados de LIBERTAD...
27/06/2014 11:32:59 a.m.: Asignando conceptos a sucursal: LIBERTAD
27/06/2014 11:33:02 a.m.: Obteniendo checadas sin concepto de FIDEL VELAZQUEZ...
27/06/2014 11:33:02 a.m.: Inicia descarga de checadas...
27/06/2014 11:33:03 a.m.: Se llenó el DataTable...
27/06/2014 11:33:03 a.m.: Inicia transformacion a Lista...
27/06/2014 11:33:03 a.m.: Termina transformación a Lista...
27/06/2014 11:33:03 a.m.: Termina descarga de checadas...
27/06/2014 11:33:03 a.m.: Termina correctamente rutina ObtenerChecadasSinConcepto() - ChecadasDAL
27/06/2014 11:33:03 a.m.: Obteniendo lista de empleados de FIDEL VELAZQUEZ...
27/06/2014 11:33:04 a.m.: Asignando conceptos a sucursal: FIDEL VELAZQUEZ
27/06/2014 11:33:08 a.m.: Obteniendo checadas sin concepto de FRIOLALA...
27/06/2014 11:33:08 a.m.: Inicia descarga de checadas...
27/06/2014 11:33:09 a.m.: Se llenó el DataTable...
27/06/2014 11:33:09 a.m.: Inicia transformacion a Lista...
27/06/2014 11:33:09 a.m.: Termina transformación a Lista...
27/06/2014 11:33:09 a.m.: Termina descarga de checadas...
27/06/2014 11:33:09 a.m.: Termina correctamente rutina ObtenerChecadasSinConcepto() - ChecadasDAL
27/06/2014 11:33:09 a.m.: Obteniendo lista de empleados de FRIOLALA...
27/06/2014 11:33:10 a.m.: Asignando conceptos a sucursal: FRIOLALA
27/06/2014 11:33:15 a.m.: Obteniendo checadas sin concepto de FRIOGOMEZ...
27/06/2014 11:33:15 a.m.: Inicia descarga de checadas...
27/06/2014 11:33:16 a.m.: Se llenó el DataTable...
27/06/2014 11:33:16 a.m.: Inicia transformacion a Lista...
27/06/2014 11:33:16 a.m.: Termina transformación a Lista...
27/06/2014 11:33:16 a.m.: Termina descarga de checadas...
27/06/2014 11:33:16 a.m.: Termina correctamente rutina ObtenerChecadasSinConcepto() - ChecadasDAL
27/06/2014 11:33:16 a.m.: Obteniendo lista de empleados de FRIOGOMEZ...
27/06/2014 11:33:17 a.m.: Asignando conceptos a sucursal: FRIOGOMEZ
27/06/2014 11:33:19 a.m.: Obteniendo checadas sin concepto de ALIMENTOS WINER...
27/06/2014 11:33:19 a.m.: Inicia descarga de checadas...
27/06/2014 11:33:19 a.m.: Se llenó el DataTable...
27/06/2014 11:33:19 a.m.: Inicia transformacion a Lista...
27/06/2014 11:33:19 a.m.: Termina transformación a Lista...
27/06/2014 11:33:19 a.m.: Termina descarga de checadas...
27/06/2014 11:33:19 a.m.: Termina correctamente rutina ObtenerChecadasSinConcepto() - ChecadasDAL
27/06/2014 11:33:19 a.m.: Obteniendo lista de empleados de ALIMENTOS WINER...
27/06/2014 11:33:20 a.m.: Asignando conceptos a sucursal: ALIMENTOS WINER
27/06/2014 11:33:22 a.m.: Obteniendo checadas sin concepto de TACOS HEROICO...
27/06/2014 11:33:23 a.m.: Inicia descarga de checadas...
27/06/2014 11:33:23 a.m.: Se llenó el DataTable...
27/06/2014 11:33:23 a.m.: Inicia transformacion a Lista...
27/06/2014 11:33:23 a.m.: Termina transformación a Lista...
27/06/2014 11:33:23 a.m.: Termina descarga de checadas...
27/06/2014 11:33:23 a.m.: Termina correctamente rutina ObtenerChecadasSinConcepto() - ChecadasDAL
27/06/2014 11:33:23 a.m.: Obteniendo lista de empleados de TACOS HEROICO...
27/06/2014 11:33:24 a.m.: Asignando conceptos a sucursal: TACOS HEROICO
27/06/2014 11:33:25 a.m.: Obteniendo checadas sin concepto de TACOS PALMAS...
27/06/2014 11:33:25 a.m.: Inicia descarga de checadas...
27/06/2014 11:33:26 a.m.: Se llenó el DataTable...
27/06/2014 11:33:26 a.m.: Inicia transformacion a Lista...
27/06/2014 11:33:26 a.m.: Termina transformación a Lista...
27/06/2014 11:33:26 a.m.: Termina descarga de checadas...
27/06/2014 11:33:26 a.m.: Termina correctamente rutina ObtenerChecadasSinConcepto() - ChecadasDAL
27/06/2014 11:33:26 a.m.: Obteniendo lista de empleados de TACOS PALMAS...
27/06/2014 11:33:26 a.m.: Asignando conceptos a sucursal: TACOS PALMAS
27/06/2014 11:33:28 a.m.: Obteniendo checadas sin concepto de TACOS DOLORES...
27/06/2014 11:33:28 a.m.: Inicia descarga de checadas...
27/06/2014 11:33:28 a.m.: Se llenó el DataTable...
27/06/2014 11:33:28 a.m.: Inicia transformacion a Lista...
27/06/2014 11:33:28 a.m.: Termina transformación a Lista...
27/06/2014 11:33:28 a.m.: Termina descarga de checadas...
27/06/2014 11:33:28 a.m.: Termina correctamente rutina ObtenerChecadasSinConcepto() - ChecadasDAL
27/06/2014 11:33:28 a.m.: Obteniendo lista de empleados de TACOS DOLORES...
27/06/2014 11:33:29 a.m.: Asignando conceptos a sucursal: TACOS DOLORES
27/06/2014 11:40:36 a.m.:  - Termina correctamente rutina ObtenerHorarios() - Horarios DAL -
27/06/2014 12:27:07 p.m.: Inicializando el sistema...
27/06/2014 12:27:07 p.m.: Inicia Carga de Configuraciones...
27/06/2014 12:27:08 p.m.: Las configuraciones fueron cargadas con exito.
27/06/2014 12:27:09 p.m.: Obteniendo checadas sin concepto de ABASTECEDORA...
27/06/2014 12:27:09 p.m.: Inicia descarga de checadas...
27/06/2014 12:27:10 p.m.: Se llenó el DataTable...
27/06/2014 12:27:10 p.m.: Inicia transformacion a Lista...
27/06/2014 12:27:10 p.m.: Termina transformación a Lista...
27/06/2014 12:27:10 p.m.: Termina descarga de checadas...
27/06/2014 12:27:10 p.m.: Termina correctamente rutina ObtenerChecadasSinConcepto() - ChecadasDAL
27/06/2014 12:27:10 p.m.: Obteniendo lista de empleados de ABASTECEDORA...
27/06/2014 12:27:11 p.m.: Asignando conceptos a sucursal: ABASTECEDORA
27/06/2014 12:27:20 p.m.: Obteniendo checadas sin concepto de HEROICO...
27/06/2014 12:27:20 p.m.: Inicia descarga de checadas...
27/06/2014 12:27:21 p.m.: Se llenó el DataTable...
27/06/2014 12:27:21 p.m.: Inicia transformacion a Lista...
27/06/2014 12:27:21 p.m.: Termina transformación a Lista...
27/06/2014 12:27:21 p.m.: Termina descarga de checadas...
27/06/2014 12:27:21 p.m.: Termina correctamente rutina ObtenerChecadasSinConcepto() - ChecadasDAL
27/06/2014 12:27:21 p.m.: Obteniendo lista de empleados de HEROICO...
27/06/2014 12:27:22 p.m.: Asignando conceptos a sucursal: HEROICO
27/06/2014 12:27:26 p.m.: Obteniendo checadas sin concepto de LIBERTAD...
27/06/2014 12:27:26 p.m.: Inicia descarga de checadas...
27/06/2014 12:27:27 p.m.: Se llenó el DataTable...
27/06/2014 12:27:27 p.m.: Inicia transformacion a Lista...
27/06/2014 12:27:27 p.m.: Termina transformación a Lista...
27/06/2014 12:27:27 p.m.: Termina descarga de checadas...
27/06/2014 12:27:27 p.m.: Termina correctamente rutina ObtenerChecadasSinConcepto() - ChecadasDAL
27/06/2014 12:27:27 p.m.: Obteniendo lista de empleados de LIBERTAD...
27/06/2014 12:27:28 p.m.: Asignando conceptos a sucursal: LIBERTAD
27/06/2014 12:27:32 p.m.: Obteniendo checadas sin concepto de FIDEL VELAZQUEZ...
27/06/2014 12:27:32 p.m.: Inicia descarga de checadas...
27/06/2014 12:27:33 p.m.: Se llenó el DataTable...
27/06/2014 12:27:33 p.m.: Inicia transformacion a Lista...
27/06/2014 12:27:33 p.m.: Termina transformación a Lista...
27/06/2014 12:27:33 p.m.: Termina descarga de checadas...
27/06/2014 12:27:33 p.m.: Termina correctamente rutina ObtenerChecadasSinConcepto() - ChecadasDAL
27/06/2014 12:27:33 p.m.: Obteniendo lista de empleados de FIDEL VELAZQUEZ...
27/06/2014 12:27:34 p.m.: Asignando conceptos a sucursal: FIDEL VELAZQUEZ
27/06/2014 12:27:38 p.m.: Obteniendo checadas sin concepto de FRIOLALA...
27/06/2014 12:27:38 p.m.: Inicia descarga de checadas...
27/06/2014 12:27:39 p.m.: Se llenó el DataTable...
27/06/2014 12:27:39 p.m.: Inicia transformacion a Lista...
27/06/2014 12:27:39 p.m.: Termina transformación a Lista...
27/06/2014 12:27:39 p.m.: Termina descarga de checadas...
27/06/2014 12:27:39 p.m.: Termina correctamente rutina ObtenerChecadasSinConcepto() - ChecadasDAL
27/06/2014 12:27:39 p.m.: Obteniendo lista de empleados de FRIOLALA...
27/06/2014 12:27:40 p.m.: Asignando conceptos a sucursal: FRIOLALA
27/06/2014 12:27:45 p.m.: Obteniendo checadas sin concepto de FRIOGOMEZ...
27/06/2014 12:27:45 p.m.: Inicia descarga de checadas...
27/06/2014 12:27:46 p.m.: Se llenó el DataTable...
27/06/2014 12:27:46 p.m.: Inicia transformacion a Lista...
27/06/2014 12:27:46 p.m.: Termina transformación a Lista...
27/06/2014 12:27:46 p.m.: Termina descarga de checadas...
27/06/2014 12:27:46 p.m.: Termina correctamente rutina ObtenerChecadasSinConcepto() - ChecadasDAL
27/06/2014 12:27:46 p.m.: Obteniendo lista de empleados de FRIOGOMEZ...
27/06/2014 12:27:46 p.m.: Asignando conceptos a sucursal: FRIOGOMEZ
27/06/2014 12:27:48 p.m.: Obteniendo checadas sin concepto de ALIMENTOS WINER...
27/06/2014 12:27:49 p.m.: Inicia descarga de checadas...
27/06/2014 12:27:49 p.m.: Se llenó el DataTable...
27/06/2014 12:27:49 p.m.: Inicia transformacion a Lista...
27/06/2014 12:27:49 p.m.: Termina transformación a Lista...
27/06/2014 12:27:49 p.m.: Termina descarga de checadas...
27/06/2014 12:27:49 p.m.: Termina correctamente rutina ObtenerChecadasSinConcepto() - ChecadasDAL
27/06/2014 12:27:49 p.m.: Obteniendo lista de empleados de ALIMENTOS WINER...
27/06/2014 12:27:50 p.m.: Asignando conceptos a sucursal: ALIMENTOS WINER
27/06/2014 12:27:52 p.m.: Obteniendo checadas sin concepto de TACOS HEROICO...
27/06/2014 12:27:52 p.m.: Inicia descarga de checadas...
27/06/2014 12:27:53 p.m.: Se llenó el DataTable...
27/06/2014 12:27:53 p.m.: Inicia transformacion a Lista...
27/06/2014 12:27:53 p.m.: Termina transformación a Lista...
27/06/2014 12:27:53 p.m.: Termina descarga de checadas...
27/06/2014 12:27:53 p.m.: Termina correctamente rutina ObtenerChecadasSinConcepto() - ChecadasDAL
27/06/2014 12:27:53 p.m.: Obteniendo lista de empleados de TACOS HEROICO...
27/06/2014 12:27:54 p.m.: Asignando conceptos a sucursal: TACOS HEROICO
27/06/2014 12:27:56 p.m.: Obteniendo checadas sin concepto de TACOS PALMAS...
27/06/2014 12:27:56 p.m.: Inicia descarga de checadas...
27/06/2014 12:27:56 p.m.: Se llenó el DataTable...
27/06/2014 12:27:56 p.m.: Inicia transformacion a Lista...
27/06/2014 12:27:56 p.m.: Termina transformación a Lista...
27/06/2014 12:27:56 p.m.: Termina descarga de checadas...
27/06/2014 12:27:56 p.m.: Termina correctamente rutina ObtenerChecadasSinConcepto() - ChecadasDAL
27/06/2014 12:27:56 p.m.: Obteniendo lista de empleados de TACOS PALMAS...
27/06/2014 12:27:57 p.m.: Asignando conceptos a sucursal: TACOS PALMAS
27/06/2014 12:27:59 p.m.: Obteniendo checadas sin concepto de TACOS DOLORES...
27/06/2014 12:27:59 p.m.: Inicia descarga de checadas...
27/06/2014 12:28:00 p.m.: Se llenó el DataTable...
27/06/2014 12:28:00 p.m.: Inicia transformacion a Lista...
27/06/2014 12:28:00 p.m.: Termina transformación a Lista...
27/06/2014 12:28:00 p.m.: Termina descarga de checadas...
27/06/2014 12:28:00 p.m.: Termina correctamente rutina ObtenerChecadasSinConcepto() - ChecadasDAL
27/06/2014 12:28:00 p.m.: Obteniendo lista de empleados de TACOS DOLORES...
27/06/2014 12:28:01 p.m.: Asignando conceptos a sucursal: TACOS DOLORES
27/06/2014 01:00:56 p.m.: Inicializando el sistema...
27/06/2014 01:00:56 p.m.: Inicia Carga de Configuraciones...
27/06/2014 01:00:56 p.m.: Las configuraciones fueron cargadas con exito.
27/06/2014 01:00:57 p.m.: Obteniendo checadas sin concepto de ABASTECEDORA...
27/06/2014 01:00:58 p.m.: Inicia descarga de checadas...
27/06/2014 01:00:58 p.m.: Se llenó el DataTable...
27/06/2014 01:00:58 p.m.: Inicia transformacion a Lista...
27/06/2014 01:00:58 p.m.: Termina transformación a Lista...
27/06/2014 01:00:58 p.m.: Termina descarga de checadas...
27/06/2014 01:00:58 p.m.: Termina correctamente rutina ObtenerChecadasSinConcepto() - ChecadasDAL
27/06/2014 01:00:58 p.m.: Obteniendo lista de empleados de ABASTECEDORA...
27/06/2014 01:00:59 p.m.: Asignando conceptos a sucursal: ABASTECEDORA
27/06/2014 01:01:07 p.m.: Obteniendo checadas sin concepto de HEROICO...
27/06/2014 01:01:08 p.m.: Inicia descarga de checadas...
27/06/2014 01:01:08 p.m.: Se llenó el DataTable...
27/06/2014 01:01:08 p.m.: Inicia transformacion a Lista...
27/06/2014 01:01:08 p.m.: Termina transformación a Lista...
27/06/2014 01:01:08 p.m.: Termina descarga de checadas...
27/06/2014 01:01:08 p.m.: Termina correctamente rutina ObtenerChecadasSinConcepto() - ChecadasDAL
27/06/2014 01:01:08 p.m.: Obteniendo lista de empleados de HEROICO...
27/06/2014 01:01:09 p.m.: Asignando conceptos a sucursal: HEROICO
27/06/2014 01:01:13 p.m.: Obteniendo checadas sin concepto de LIBERTAD...
27/06/2014 01:01:13 p.m.: Inicia descarga de checadas...
27/06/2014 01:01:14 p.m.: Se llenó el DataTable...
27/06/2014 01:01:14 p.m.: Inicia transformacion a Lista...
27/06/2014 01:01:14 p.m.: Termina transformación a Lista...
27/06/2014 01:01:14 p.m.: Termina descarga de checadas...
27/06/2014 01:01:14 p.m.: Termina correctamente rutina ObtenerChecadasSinConcepto() - ChecadasDAL
27/06/2014 01:01:14 p.m.: Obteniendo lista de empleados de LIBERTAD...
27/06/2014 01:01:14 p.m.: Asignando conceptos a sucursal: LIBERTAD
27/06/2014 01:01:17 p.m.: Obteniendo checadas sin concepto de FIDEL VELAZQUEZ...
27/06/2014 01:01:18 p.m.: Inicia descarga de checadas...
27/06/2014 01:01:18 p.m.: Se llenó el DataTable...
27/06/2014 01:01:18 p.m.: Inicia transformacion a Lista...
27/06/2014 01:01:18 p.m.: Termina transformación a Lista...
27/06/2014 01:01:18 p.m.: Termina descarga de checadas...
27/06/2014 01:01:18 p.m.: Termina correctamente rutina ObtenerChecadasSinConcepto() - ChecadasDAL
27/06/2014 01:01:18 p.m.: Obteniendo lista de empleados de FIDEL VELAZQUEZ...
27/06/2014 01:01:19 p.m.: Asignando conceptos a sucursal: FIDEL VELAZQUEZ
27/06/2014 01:01:23 p.m.: Obteniendo checadas sin concepto de FRIOLALA...
27/06/2014 01:01:23 p.m.: Inicia descarga de checadas...
27/06/2014 01:01:25 p.m.: Se llenó el DataTable...
27/06/2014 01:01:25 p.m.: Inicia transformacion a Lista...
27/06/2014 01:01:25 p.m.: Termina transformación a Lista...
27/06/2014 01:01:25 p.m.: Termina descarga de checadas...
27/06/2014 01:01:25 p.m.: Termina correctamente rutina ObtenerChecadasSinConcepto() - ChecadasDAL
27/06/2014 01:01:25 p.m.: Obteniendo lista de empleados de FRIOLALA...
27/06/2014 01:01:26 p.m.: Asignando conceptos a sucursal: FRIOLALA
27/06/2014 01:01:31 p.m.: Obteniendo checadas sin concepto de FRIOGOMEZ...
27/06/2014 01:01:31 p.m.: Inicia descarga de checadas...
27/06/2014 01:01:31 p.m.: Se llenó el DataTable...
27/06/2014 01:01:31 p.m.: Inicia transformacion a Lista...
27/06/2014 01:01:31 p.m.: Termina transformación a Lista...
27/06/2014 01:01:31 p.m.: Termina descarga de checadas...
27/06/2014 01:01:31 p.m.: Termina correctamente rutina ObtenerChecadasSinConcepto() - ChecadasDAL
27/06/2014 01:01:31 p.m.: Obteniendo lista de empleados de FRIOGOMEZ...
27/06/2014 01:01:32 p.m.: Asignando conceptos a sucursal: FRIOGOMEZ
27/06/2014 01:01:34 p.m.: Obteniendo checadas sin concepto de ALIMENTOS WINER...
27/06/2014 01:01:34 p.m.: Inicia descarga de checadas...
27/06/2014 01:01:35 p.m.: Se llenó el DataTable...
27/06/2014 01:01:35 p.m.: Inicia transformacion a Lista...
27/06/2014 01:01:35 p.m.: Termina transformación a Lista...
27/06/2014 01:01:35 p.m.: Termina descarga de checadas...
27/06/2014 01:01:35 p.m.: Termina correctamente rutina ObtenerChecadasSinConcepto() - ChecadasDAL
27/06/2014 01:01:35 p.m.: Obteniendo lista de empleados de ALIMENTOS WINER...
27/06/2014 01:01:35 p.m.: Asignando conceptos a sucursal: ALIMENTOS WINER
27/06/2014 01:01:37 p.m.: Obteniendo checadas sin concepto de TACOS HEROICO...
27/06/2014 01:01:38 p.m.: Inicia descarga de checadas...
27/06/2014 01:01:38 p.m.: Se llenó el DataTable...
27/06/2014 01:01:38 p.m.: Inicia transformacion a Lista...
27/06/2014 01:01:38 p.m.: Termina transformación a Lista...
27/06/2014 01:01:38 p.m.: Termina descarga de checadas...
27/06/2014 01:01:38 p.m.: Termina correctamente rutina ObtenerChecadasSinConcepto() - ChecadasDAL
27/06/2014 01:01:38 p.m.: Obteniendo lista de empleados de TACOS HEROICO...
27/06/2014 01:01:38 p.m.: Asignando conceptos a sucursal: TACOS HEROICO
27/06/2014 01:01:40 p.m.: Obteniendo checadas sin concepto de TACOS PALMAS...
27/06/2014 01:01:40 p.m.: Inicia descarga de checadas...
27/06/2014 01:01:40 p.m.: Se llenó el DataTable...
27/06/2014 01:01:40 p.m.: Inicia transformacion a Lista...
27/06/2014 01:01:40 p.m.: Termina transformación a Lista...
27/06/2014 01:01:40 p.m.: Termina descarga de checadas...
27/06/2014 01:01:40 p.m.: Termina correctamente rutina ObtenerChecadasSinConcepto() - ChecadasDAL
27/06/2014 01:01:40 p.m.: Obteniendo lista de empleados de TACOS PALMAS...
27/06/2014 01:01:41 p.m.: Asignando conceptos a sucursal: TACOS PALMAS
27/06/2014 01:01:42 p.m.: Obteniendo checadas sin concepto de TACOS DOLORES...
27/06/2014 01:01:43 p.m.: Inicia descarga de checadas...
27/06/2014 01:01:43 p.m.: Se llenó el DataTable...
27/06/2014 01:01:43 p.m.: Inicia transformacion a Lista...
27/06/2014 01:01:43 p.m.: Termina transformación a Lista...
27/06/2014 01:01:43 p.m.: Termina descarga de checadas...
27/06/2014 01:01:43 p.m.: Termina correctamente rutina ObtenerChecadasSinConcepto() - ChecadasDAL
27/06/2014 01:01:43 p.m.: Obteniendo lista de empleados de TACOS DOLORES...
27/06/2014 01:01:43 p.m.: Asignando conceptos a sucursal: TACOS DOLORES
27/06/2014 01:02:30 p.m.:  - Termina correctamente rutina ObtenerHorarios() - Horarios DAL -
27/06/2014 01:03:03 p.m.:  - Termina correctamente rutina ObtenerHorarios() - Horarios DAL -
27/06/2014 01:06:55 p.m.: Unknown column 'empleados.id_interno' in 'field list'
