20/02/2015 12:49:26 p.m.: Inicializando el sistema...
20/02/2015 12:49:26 p.m.: Inicia Carga de Configuraciones...
20/02/2015 12:49:26 p.m.: Las configuraciones fueron cargadas con exito.
20/02/2015 12:49:34 p.m.: Obteniendo checadas sin concepto de ABASTECEDORA...
20/02/2015 12:49:35 p.m.: Inicia descarga de checadas...
20/02/2015 12:49:45 p.m.: Se llenó el DataTable...
20/02/2015 12:49:45 p.m.: Inicia transformacion a Lista...
20/02/2015 12:49:45 p.m.: Termina transformación a Lista...
20/02/2015 12:49:45 p.m.: Termina descarga de checadas...
20/02/2015 12:49:45 p.m.: Termina correctamente rutina ObtenerChecadasSinConcepto() - ChecadasDAL
20/02/2015 12:49:45 p.m.: Obteniendo lista de empleados de ABASTECEDORA...
20/02/2015 12:52:44 p.m.: Inicializando el sistema...
20/02/2015 12:52:44 p.m.: Inicia Carga de Configuraciones...
20/02/2015 12:52:44 p.m.: Las configuraciones fueron cargadas con exito.
20/02/2015 12:53:10 p.m.: Inicializando el sistema...
20/02/2015 12:53:10 p.m.: Inicia Carga de Configuraciones...
20/02/2015 12:53:10 p.m.: Las configuraciones fueron cargadas con exito.
20/02/2015 12:53:13 p.m.: Obteniendo checadas sin concepto de ABASTECEDORA...
20/02/2015 12:53:14 p.m.: Inicia descarga de checadas...
20/02/2015 12:53:27 p.m.: Se llenó el DataTable...
20/02/2015 12:53:27 p.m.: Inicia transformacion a Lista...
20/02/2015 12:53:27 p.m.: Termina transformación a Lista...
20/02/2015 12:53:27 p.m.: Termina descarga de checadas...
20/02/2015 12:53:27 p.m.: Termina correctamente rutina ObtenerChecadasSinConcepto() - ChecadasDAL
20/02/2015 12:53:27 p.m.: Obteniendo lista de empleados de ABASTECEDORA...
20/02/2015 12:53:31 p.m.: Asignando conceptos a sucursal: ABASTECEDORA
20/02/2015 12:54:04 p.m.: Obteniendo checadas sin concepto de HEROICO...
20/02/2015 12:54:04 p.m.: Inicia descarga de checadas...
20/02/2015 12:54:05 p.m.: Se llenó el DataTable...
20/02/2015 12:54:05 p.m.: Inicia transformacion a Lista...
20/02/2015 12:54:05 p.m.: Termina transformación a Lista...
20/02/2015 12:54:05 p.m.: Termina descarga de checadas...
20/02/2015 12:54:05 p.m.: Termina correctamente rutina ObtenerChecadasSinConcepto() - ChecadasDAL
20/02/2015 12:54:05 p.m.: Obteniendo lista de empleados de HEROICO...
20/02/2015 12:54:06 p.m.: Asignando conceptos a sucursal: HEROICO
