26/12/2015 08:45:35 a.m.: Inicializando el sistema...
26/12/2015 08:45:35 a.m.: Inicia Carga de Configuraciones...
26/12/2015 08:45:35 a.m.: Las configuraciones fueron cargadas con exito.
26/12/2015 08:45:36 a.m.: Obteniendo checadas sin concepto de ABASTECEDORA...
26/12/2015 08:45:36 a.m.: Inicia descarga de checadas...
26/12/2015 08:45:38 a.m.: Se llenó el DataTable...
26/12/2015 08:45:38 a.m.: Inicia transformacion a Lista...
26/12/2015 08:45:38 a.m.: Termina transformación a Lista...
26/12/2015 08:45:38 a.m.: Termina descarga de checadas...
26/12/2015 08:45:38 a.m.: Termina correctamente rutina ObtenerChecadasSinConcepto() - ChecadasDAL
26/12/2015 08:45:38 a.m.: Obteniendo lista de empleados de ABASTECEDORA...
26/12/2015 08:45:39 a.m.: Asignando conceptos a sucursal: ABASTECEDORA
26/12/2015 08:45:53 a.m.: Obteniendo checadas sin concepto de HEROICO...
26/12/2015 08:45:54 a.m.: Inicia descarga de checadas...
26/12/2015 08:45:56 a.m.: Se llenó el DataTable...
26/12/2015 08:45:56 a.m.: Inicia transformacion a Lista...
26/12/2015 08:45:56 a.m.: Termina transformación a Lista...
26/12/2015 08:45:56 a.m.: Termina descarga de checadas...
26/12/2015 08:45:56 a.m.: Termina correctamente rutina ObtenerChecadasSinConcepto() - ChecadasDAL
26/12/2015 08:45:56 a.m.: Obteniendo lista de empleados de HEROICO...
26/12/2015 08:45:56 a.m.: Asignando conceptos a sucursal: HEROICO
26/12/2015 08:46:19 a.m.: Obteniendo checadas sin concepto de LIBERTAD...
26/12/2015 08:46:19 a.m.: Inicia descarga de checadas...
26/12/2015 08:46:20 a.m.: Se llenó el DataTable...
26/12/2015 08:46:20 a.m.: Inicia transformacion a Lista...
26/12/2015 08:46:20 a.m.: Termina transformación a Lista...
26/12/2015 08:46:20 a.m.: Termina descarga de checadas...
26/12/2015 08:46:20 a.m.: Termina correctamente rutina ObtenerChecadasSinConcepto() - ChecadasDAL
26/12/2015 08:46:20 a.m.: Obteniendo lista de empleados de LIBERTAD...
26/12/2015 08:46:21 a.m.: Asignando conceptos a sucursal: LIBERTAD
26/12/2015 08:46:33 a.m.: Obteniendo checadas sin concepto de FIDEL VELAZQUEZ...
26/12/2015 08:46:33 a.m.: Inicia descarga de checadas...
26/12/2015 08:46:37 a.m.: Se llenó el DataTable...
26/12/2015 08:46:37 a.m.: Inicia transformacion a Lista...
26/12/2015 08:46:37 a.m.: Termina transformación a Lista...
26/12/2015 08:46:37 a.m.: Termina descarga de checadas...
26/12/2015 08:46:37 a.m.: Termina correctamente rutina ObtenerChecadasSinConcepto() - ChecadasDAL
26/12/2015 08:46:37 a.m.: Obteniendo lista de empleados de FIDEL VELAZQUEZ...
26/12/2015 08:46:38 a.m.: Asignando conceptos a sucursal: FIDEL VELAZQUEZ
26/12/2015 08:46:55 a.m.: Obteniendo checadas sin concepto de FRIOLALA...
26/12/2015 08:46:56 a.m.: Inicia descarga de checadas...
26/12/2015 08:47:00 a.m.: Se llenó el DataTable...
26/12/2015 08:47:00 a.m.: Inicia transformacion a Lista...
26/12/2015 08:47:00 a.m.: Termina transformación a Lista...
26/12/2015 08:47:00 a.m.: Termina descarga de checadas...
26/12/2015 08:47:00 a.m.: Termina correctamente rutina ObtenerChecadasSinConcepto() - ChecadasDAL
26/12/2015 08:47:00 a.m.: Obteniendo lista de empleados de FRIOLALA...
26/12/2015 08:47:01 a.m.: Asignando conceptos a sucursal: FRIOLALA
26/12/2015 08:47:29 a.m.: Obteniendo checadas sin concepto de FRIOGOMEZ...
26/12/2015 08:47:29 a.m.: Inicia descarga de checadas...
26/12/2015 08:47:30 a.m.: Se llenó el DataTable...
26/12/2015 08:47:30 a.m.: Inicia transformacion a Lista...
26/12/2015 08:47:30 a.m.: Termina transformación a Lista...
26/12/2015 08:47:30 a.m.: Termina descarga de checadas...
26/12/2015 08:47:30 a.m.: Termina correctamente rutina ObtenerChecadasSinConcepto() - ChecadasDAL
26/12/2015 08:47:30 a.m.: Obteniendo lista de empleados de FRIOGOMEZ...
26/12/2015 08:47:31 a.m.: Asignando conceptos a sucursal: FRIOGOMEZ
26/12/2015 08:47:38 a.m.: Obteniendo checadas sin concepto de ALIMENTOS WINER...
26/12/2015 08:47:38 a.m.: Inicia descarga de checadas...
26/12/2015 08:47:40 a.m.: Se llenó el DataTable...
26/12/2015 08:47:40 a.m.: Inicia transformacion a Lista...
26/12/2015 08:47:40 a.m.: Termina transformación a Lista...
26/12/2015 08:47:40 a.m.: Termina descarga de checadas...
26/12/2015 08:47:40 a.m.: Termina correctamente rutina ObtenerChecadasSinConcepto() - ChecadasDAL
26/12/2015 08:47:40 a.m.: Obteniendo lista de empleados de ALIMENTOS WINER...
26/12/2015 08:47:42 a.m.: Asignando conceptos a sucursal: ALIMENTOS WINER
26/12/2015 08:47:48 a.m.: Obteniendo checadas sin concepto de TACOS HEROICO...
26/12/2015 08:47:48 a.m.: Inicia descarga de checadas...
26/12/2015 08:47:49 a.m.: Se llenó el DataTable...
26/12/2015 08:47:49 a.m.: Inicia transformacion a Lista...
26/12/2015 08:47:49 a.m.: Termina transformación a Lista...
26/12/2015 08:47:49 a.m.: Termina descarga de checadas...
26/12/2015 08:47:49 a.m.: Termina correctamente rutina ObtenerChecadasSinConcepto() - ChecadasDAL
26/12/2015 08:47:49 a.m.: Obteniendo lista de empleados de TACOS HEROICO...
26/12/2015 08:47:50 a.m.: Asignando conceptos a sucursal: TACOS HEROICO
26/12/2015 08:48:00 a.m.: Obteniendo checadas sin concepto de TACOS PALMAS...
26/12/2015 08:48:00 a.m.: Inicia descarga de checadas...
26/12/2015 08:48:00 a.m.: Se llenó el DataTable...
26/12/2015 08:48:00 a.m.: Inicia transformacion a Lista...
26/12/2015 08:48:00 a.m.: Termina transformación a Lista...
26/12/2015 08:48:00 a.m.: Termina descarga de checadas...
26/12/2015 08:48:00 a.m.: Termina correctamente rutina ObtenerChecadasSinConcepto() - ChecadasDAL
26/12/2015 08:48:00 a.m.: Obteniendo lista de empleados de TACOS PALMAS...
26/12/2015 08:48:01 a.m.: Asignando conceptos a sucursal: TACOS PALMAS
26/12/2015 08:48:03 a.m.: Obteniendo checadas sin concepto de TACOS DOLORES...
26/12/2015 08:48:04 a.m.: Inicia descarga de checadas...
26/12/2015 08:48:04 a.m.: Se llenó el DataTable...
26/12/2015 08:48:04 a.m.: Inicia transformacion a Lista...
26/12/2015 08:48:04 a.m.: Termina transformación a Lista...
26/12/2015 08:48:04 a.m.: Termina descarga de checadas...
26/12/2015 08:48:04 a.m.: Termina correctamente rutina ObtenerChecadasSinConcepto() - ChecadasDAL
26/12/2015 08:48:04 a.m.: Obteniendo lista de empleados de TACOS DOLORES...
26/12/2015 08:48:05 a.m.: Asignando conceptos a sucursal: TACOS DOLORES
26/12/2015 09:01:57 a.m.: Inicializando el sistema...
26/12/2015 09:01:57 a.m.: Inicia Carga de Configuraciones...
26/12/2015 09:01:57 a.m.: Las configuraciones fueron cargadas con exito.
26/12/2015 09:01:58 a.m.: Obteniendo checadas sin concepto de ABASTECEDORA...
26/12/2015 09:01:58 a.m.: Inicia descarga de checadas...
26/12/2015 09:01:59 a.m.: Se llenó el DataTable...
26/12/2015 09:01:59 a.m.: Inicia transformacion a Lista...
26/12/2015 09:01:59 a.m.: Termina transformación a Lista...
26/12/2015 09:01:59 a.m.: Termina descarga de checadas...
26/12/2015 09:01:59 a.m.: Termina correctamente rutina ObtenerChecadasSinConcepto() - ChecadasDAL
26/12/2015 09:01:59 a.m.: Obteniendo lista de empleados de ABASTECEDORA...
26/12/2015 09:01:59 a.m.: Asignando conceptos a sucursal: ABASTECEDORA
26/12/2015 09:02:06 a.m.: Obteniendo checadas sin concepto de HEROICO...
26/12/2015 09:02:07 a.m.: Inicia descarga de checadas...
26/12/2015 09:02:08 a.m.: Se llenó el DataTable...
26/12/2015 09:02:08 a.m.: Inicia transformacion a Lista...
26/12/2015 09:02:08 a.m.: Termina transformación a Lista...
26/12/2015 09:02:08 a.m.: Termina descarga de checadas...
26/12/2015 09:02:08 a.m.: Termina correctamente rutina ObtenerChecadasSinConcepto() - ChecadasDAL
26/12/2015 09:02:08 a.m.: Obteniendo lista de empleados de HEROICO...
26/12/2015 09:02:09 a.m.: Asignando conceptos a sucursal: HEROICO
26/12/2015 09:02:35 a.m.: Obteniendo checadas sin concepto de LIBERTAD...
26/12/2015 09:02:35 a.m.: Inicia descarga de checadas...
26/12/2015 09:02:36 a.m.: Se llenó el DataTable...
26/12/2015 09:02:36 a.m.: Inicia transformacion a Lista...
26/12/2015 09:02:36 a.m.: Termina transformación a Lista...
26/12/2015 09:02:36 a.m.: Termina descarga de checadas...
26/12/2015 09:02:36 a.m.: Termina correctamente rutina ObtenerChecadasSinConcepto() - ChecadasDAL
26/12/2015 09:02:36 a.m.: Obteniendo lista de empleados de LIBERTAD...
26/12/2015 09:02:37 a.m.: Asignando conceptos a sucursal: LIBERTAD
26/12/2015 09:02:49 a.m.: Obteniendo checadas sin concepto de FIDEL VELAZQUEZ...
26/12/2015 09:02:50 a.m.: Inicia descarga de checadas...
26/12/2015 09:02:50 a.m.: Se llenó el DataTable...
26/12/2015 09:02:50 a.m.: Inicia transformacion a Lista...
26/12/2015 09:02:50 a.m.: Termina transformación a Lista...
26/12/2015 09:02:50 a.m.: Termina descarga de checadas...
26/12/2015 09:02:50 a.m.: Termina correctamente rutina ObtenerChecadasSinConcepto() - ChecadasDAL
26/12/2015 09:02:50 a.m.: Obteniendo lista de empleados de FIDEL VELAZQUEZ...
26/12/2015 09:02:50 a.m.: Asignando conceptos a sucursal: FIDEL VELAZQUEZ
26/12/2015 09:02:52 a.m.: Obteniendo checadas sin concepto de FRIOLALA...
26/12/2015 09:02:52 a.m.: Inicia descarga de checadas...
26/12/2015 09:02:54 a.m.: Se llenó el DataTable...
26/12/2015 09:02:54 a.m.: Inicia transformacion a Lista...
26/12/2015 09:02:54 a.m.: Termina transformación a Lista...
26/12/2015 09:02:54 a.m.: Termina descarga de checadas...
26/12/2015 09:02:54 a.m.: Termina correctamente rutina ObtenerChecadasSinConcepto() - ChecadasDAL
26/12/2015 09:02:54 a.m.: Obteniendo lista de empleados de FRIOLALA...
26/12/2015 09:02:56 a.m.: Asignando conceptos a sucursal: FRIOLALA
26/12/2015 09:03:24 a.m.: Obteniendo checadas sin concepto de FRIOGOMEZ...
26/12/2015 09:03:24 a.m.: Inicia descarga de checadas...
26/12/2015 09:03:24 a.m.: Se llenó el DataTable...
26/12/2015 09:03:24 a.m.: Inicia transformacion a Lista...
26/12/2015 09:03:24 a.m.: Termina transformación a Lista...
26/12/2015 09:03:24 a.m.: Termina descarga de checadas...
26/12/2015 09:03:24 a.m.: Termina correctamente rutina ObtenerChecadasSinConcepto() - ChecadasDAL
26/12/2015 09:03:24 a.m.: Obteniendo lista de empleados de FRIOGOMEZ...
26/12/2015 09:03:25 a.m.: Asignando conceptos a sucursal: FRIOGOMEZ
26/12/2015 09:03:31 a.m.: Obteniendo checadas sin concepto de ALIMENTOS WINER...
26/12/2015 09:03:32 a.m.: Inicia descarga de checadas...
26/12/2015 09:03:32 a.m.: Se llenó el DataTable...
26/12/2015 09:03:32 a.m.: Inicia transformacion a Lista...
26/12/2015 09:03:32 a.m.: Termina transformación a Lista...
26/12/2015 09:03:32 a.m.: Termina descarga de checadas...
26/12/2015 09:03:32 a.m.: Termina correctamente rutina ObtenerChecadasSinConcepto() - ChecadasDAL
26/12/2015 09:03:32 a.m.: Obteniendo lista de empleados de ALIMENTOS WINER...
26/12/2015 09:03:33 a.m.: Asignando conceptos a sucursal: ALIMENTOS WINER
26/12/2015 09:03:39 a.m.: Obteniendo checadas sin concepto de TACOS HEROICO...
26/12/2015 09:03:39 a.m.: Inicia descarga de checadas...
26/12/2015 09:03:40 a.m.: Se llenó el DataTable...
26/12/2015 09:03:40 a.m.: Inicia transformacion a Lista...
26/12/2015 09:03:40 a.m.: Termina transformación a Lista...
26/12/2015 09:03:40 a.m.: Termina descarga de checadas...
26/12/2015 09:03:40 a.m.: Termina correctamente rutina ObtenerChecadasSinConcepto() - ChecadasDAL
26/12/2015 09:03:40 a.m.: Obteniendo lista de empleados de TACOS HEROICO...
26/12/2015 09:03:40 a.m.: Asignando conceptos a sucursal: TACOS HEROICO
26/12/2015 09:03:50 a.m.: Obteniendo checadas sin concepto de TACOS PALMAS...
26/12/2015 09:03:51 a.m.: Inicia descarga de checadas...
26/12/2015 09:03:51 a.m.: Se llenó el DataTable...
26/12/2015 09:03:51 a.m.: Inicia transformacion a Lista...
26/12/2015 09:03:51 a.m.: Termina transformación a Lista...
26/12/2015 09:03:51 a.m.: Termina descarga de checadas...
26/12/2015 09:03:51 a.m.: Termina correctamente rutina ObtenerChecadasSinConcepto() - ChecadasDAL
26/12/2015 09:03:51 a.m.: Obteniendo lista de empleados de TACOS PALMAS...
26/12/2015 09:03:52 a.m.: Asignando conceptos a sucursal: TACOS PALMAS
26/12/2015 09:03:54 a.m.: Obteniendo checadas sin concepto de TACOS DOLORES...
26/12/2015 09:03:54 a.m.: Inicia descarga de checadas...
26/12/2015 09:03:55 a.m.: Se llenó el DataTable...
26/12/2015 09:03:55 a.m.: Inicia transformacion a Lista...
26/12/2015 09:03:55 a.m.: Termina transformación a Lista...
26/12/2015 09:03:55 a.m.: Termina descarga de checadas...
26/12/2015 09:03:55 a.m.: Termina correctamente rutina ObtenerChecadasSinConcepto() - ChecadasDAL
26/12/2015 09:03:55 a.m.: Obteniendo lista de empleados de TACOS DOLORES...
26/12/2015 09:03:55 a.m.: Asignando conceptos a sucursal: TACOS DOLORES
26/12/2015 09:05:09 a.m.: Inicializando el sistema...
26/12/2015 09:05:09 a.m.: Inicia Carga de Configuraciones...
26/12/2015 09:05:09 a.m.: Las configuraciones fueron cargadas con exito.
26/12/2015 09:05:13 a.m.: Obteniendo checadas sin concepto de ABASTECEDORA...
26/12/2015 09:05:14 a.m.: Inicia descarga de checadas...
26/12/2015 09:05:19 a.m.: Se llenó el DataTable...
26/12/2015 09:05:19 a.m.: Inicia transformacion a Lista...
26/12/2015 09:05:19 a.m.: Termina transformación a Lista...
26/12/2015 09:05:19 a.m.: Termina descarga de checadas...
26/12/2015 09:05:19 a.m.: Termina correctamente rutina ObtenerChecadasSinConcepto() - ChecadasDAL
26/12/2015 09:05:19 a.m.: Obteniendo lista de empleados de ABASTECEDORA...
26/12/2015 09:05:20 a.m.: Asignando conceptos a sucursal: ABASTECEDORA
26/12/2015 09:05:27 a.m.: Obteniendo checadas sin concepto de HEROICO...
26/12/2015 09:05:27 a.m.: Inicia descarga de checadas...
26/12/2015 09:05:28 a.m.: Se llenó el DataTable...
26/12/2015 09:05:28 a.m.: Inicia transformacion a Lista...
26/12/2015 09:05:28 a.m.: Termina transformación a Lista...
26/12/2015 09:05:28 a.m.: Termina descarga de checadas...
26/12/2015 09:05:28 a.m.: Termina correctamente rutina ObtenerChecadasSinConcepto() - ChecadasDAL
26/12/2015 09:05:28 a.m.: Obteniendo lista de empleados de HEROICO...
26/12/2015 09:05:28 a.m.: Asignando conceptos a sucursal: HEROICO
26/12/2015 09:05:31 a.m.: Obteniendo checadas sin concepto de LIBERTAD...
26/12/2015 09:05:31 a.m.: Inicia descarga de checadas...
26/12/2015 09:05:31 a.m.: Se llenó el DataTable...
26/12/2015 09:05:31 a.m.: Inicia transformacion a Lista...
26/12/2015 09:05:32 a.m.: Termina transformación a Lista...
26/12/2015 09:05:32 a.m.: Termina descarga de checadas...
26/12/2015 09:05:32 a.m.: Termina correctamente rutina ObtenerChecadasSinConcepto() - ChecadasDAL
26/12/2015 09:05:32 a.m.: Obteniendo lista de empleados de LIBERTAD...
26/12/2015 09:05:32 a.m.: Asignando conceptos a sucursal: LIBERTAD
26/12/2015 09:05:34 a.m.: Obteniendo checadas sin concepto de FIDEL VELAZQUEZ...
26/12/2015 09:05:34 a.m.: Inicia descarga de checadas...
26/12/2015 09:05:34 a.m.: Se llenó el DataTable...
26/12/2015 09:05:34 a.m.: Inicia transformacion a Lista...
26/12/2015 09:05:34 a.m.: Termina transformación a Lista...
26/12/2015 09:05:34 a.m.: Termina descarga de checadas...
26/12/2015 09:05:34 a.m.: Termina correctamente rutina ObtenerChecadasSinConcepto() - ChecadasDAL
26/12/2015 09:05:34 a.m.: Obteniendo lista de empleados de FIDEL VELAZQUEZ...
26/12/2015 09:05:35 a.m.: Asignando conceptos a sucursal: FIDEL VELAZQUEZ
26/12/2015 09:05:37 a.m.: Obteniendo checadas sin concepto de FRIOLALA...
26/12/2015 09:05:37 a.m.: Inicia descarga de checadas...
26/12/2015 09:05:37 a.m.: Se llenó el DataTable...
26/12/2015 09:05:37 a.m.: Inicia transformacion a Lista...
26/12/2015 09:05:37 a.m.: Termina transformación a Lista...
26/12/2015 09:05:37 a.m.: Termina descarga de checadas...
26/12/2015 09:05:37 a.m.: Termina correctamente rutina ObtenerChecadasSinConcepto() - ChecadasDAL
26/12/2015 09:05:37 a.m.: Obteniendo lista de empleados de FRIOLALA...
26/12/2015 09:05:38 a.m.: Asignando conceptos a sucursal: FRIOLALA
26/12/2015 09:05:41 a.m.: Obteniendo checadas sin concepto de FRIOGOMEZ...
26/12/2015 09:05:41 a.m.: Inicia descarga de checadas...
26/12/2015 09:05:42 a.m.: Se llenó el DataTable...
26/12/2015 09:05:42 a.m.: Inicia transformacion a Lista...
26/12/2015 09:05:42 a.m.: Termina transformación a Lista...
26/12/2015 09:05:42 a.m.: Termina descarga de checadas...
26/12/2015 09:05:42 a.m.: Termina correctamente rutina ObtenerChecadasSinConcepto() - ChecadasDAL
26/12/2015 09:05:42 a.m.: Obteniendo lista de empleados de FRIOGOMEZ...
26/12/2015 09:05:42 a.m.: Asignando conceptos a sucursal: FRIOGOMEZ
26/12/2015 09:05:44 a.m.: Obteniendo checadas sin concepto de ALIMENTOS WINER...
26/12/2015 09:05:44 a.m.: Inicia descarga de checadas...
26/12/2015 09:05:44 a.m.: Se llenó el DataTable...
26/12/2015 09:05:44 a.m.: Inicia transformacion a Lista...
26/12/2015 09:05:44 a.m.: Termina transformación a Lista...
26/12/2015 09:05:44 a.m.: Termina descarga de checadas...
26/12/2015 09:05:44 a.m.: Termina correctamente rutina ObtenerChecadasSinConcepto() - ChecadasDAL
26/12/2015 09:05:44 a.m.: Obteniendo lista de empleados de ALIMENTOS WINER...
26/12/2015 09:05:45 a.m.: Asignando conceptos a sucursal: ALIMENTOS WINER
26/12/2015 09:05:46 a.m.: Obteniendo checadas sin concepto de TACOS HEROICO...
26/12/2015 09:05:46 a.m.: Inicia descarga de checadas...
26/12/2015 09:05:46 a.m.: Se llenó el DataTable...
26/12/2015 09:05:46 a.m.: Inicia transformacion a Lista...
26/12/2015 09:05:46 a.m.: Termina transformación a Lista...
26/12/2015 09:05:46 a.m.: Termina descarga de checadas...
26/12/2015 09:05:46 a.m.: Termina correctamente rutina ObtenerChecadasSinConcepto() - ChecadasDAL
26/12/2015 09:05:46 a.m.: Obteniendo lista de empleados de TACOS HEROICO...
26/12/2015 09:05:47 a.m.: Asignando conceptos a sucursal: TACOS HEROICO
26/12/2015 09:05:48 a.m.: Obteniendo checadas sin concepto de TACOS PALMAS...
26/12/2015 09:05:48 a.m.: Inicia descarga de checadas...
26/12/2015 09:05:48 a.m.: Se llenó el DataTable...
26/12/2015 09:05:48 a.m.: Inicia transformacion a Lista...
26/12/2015 09:05:48 a.m.: Termina transformación a Lista...
26/12/2015 09:05:48 a.m.: Termina descarga de checadas...
26/12/2015 09:05:48 a.m.: Termina correctamente rutina ObtenerChecadasSinConcepto() - ChecadasDAL
26/12/2015 09:05:48 a.m.: Obteniendo lista de empleados de TACOS PALMAS...
26/12/2015 09:05:49 a.m.: Asignando conceptos a sucursal: TACOS PALMAS
26/12/2015 09:05:51 a.m.: Obteniendo checadas sin concepto de TACOS DOLORES...
26/12/2015 09:05:52 a.m.: Inicia descarga de checadas...
26/12/2015 09:05:52 a.m.: Se llenó el DataTable...
26/12/2015 09:05:52 a.m.: Inicia transformacion a Lista...
26/12/2015 09:05:52 a.m.: Termina transformación a Lista...
26/12/2015 09:05:52 a.m.: Termina descarga de checadas...
26/12/2015 09:05:52 a.m.: Termina correctamente rutina ObtenerChecadasSinConcepto() - ChecadasDAL
26/12/2015 09:05:52 a.m.: Obteniendo lista de empleados de TACOS DOLORES...
26/12/2015 09:05:52 a.m.: Asignando conceptos a sucursal: TACOS DOLORES
26/12/2015 09:07:51 a.m.:  - Termina correctamente rutina ObtenerHorarios() - Horarios DAL -
