26/09/2018 08:41:23 a. m.: Inicializando el sistema...
26/09/2018 08:41:23 a. m.: Inicia Carga de Configuraciones...
26/09/2018 08:41:23 a. m.: Las configuraciones fueron cargadas con exito.
26/09/2018 08:41:24 a. m.: Authentication to host 'loscorrales.com.mx' for user 'corrales_checadores' using method 'mysql_native_password' failed with message: Access denied for user 'corrales_checadores'@'189.155.142.152' (using password: YES)
26/09/2018 08:41:24 a. m.: No es posible conectarse a la base de datos del checador Abastecedora
26/09/2018 08:41:24 a. m.: Authentication to host 'loscorrales.com.mx' for user 'corrales_checadores' using method 'mysql_native_password' failed with message: Access denied for user 'corrales_checadores'@'189.155.142.152' (using password: YES)
26/09/2018 08:41:24 a. m.: No es posible conectarse a la base de datos del checador Heroico
26/09/2018 08:41:25 a. m.: Authentication to host 'loscorrales.com.mx' for user 'corrales_checadores' using method 'mysql_native_password' failed with message: Access denied for user 'corrales_checadores'@'189.155.142.152' (using password: YES)
26/09/2018 08:41:25 a. m.: No es posible conectarse a la base de datos del checador Libertad
26/09/2018 08:41:25 a. m.: Authentication to host 'loscorrales.com.mx' for user 'corrales_checadores' using method 'mysql_native_password' failed with message: Access denied for user 'corrales_checadores'@'189.155.142.152' (using password: YES)
26/09/2018 08:41:25 a. m.: No es posible conectarse a la base de datos del checador Fidel Velazquez
26/09/2018 08:41:25 a. m.: Authentication to host 'loscorrales.com.mx' for user 'corrales_checadores' using method 'mysql_native_password' failed with message: Access denied for user 'corrales_checadores'@'189.155.142.152' (using password: YES)
26/09/2018 08:41:25 a. m.: No es posible conectarse a la base de datos del checador Friolala
26/09/2018 08:41:26 a. m.: Authentication to host 'loscorrales.com.mx' for user 'corrales_checadores' using method 'mysql_native_password' failed with message: Access denied for user 'corrales_checadores'@'189.155.142.152' (using password: YES)
26/09/2018 08:41:26 a. m.: No es posible conectarse a la base de datos del checador Friogomez
26/09/2018 08:41:26 a. m.: Authentication to host 'loscorrales.com.mx' for user 'corrales_checadores' using method 'mysql_native_password' failed with message: Access denied for user 'corrales_checadores'@'189.155.142.152' (using password: YES)
26/09/2018 08:41:26 a. m.: No es posible conectarse a la base de datos del checador Alimentos Winer
26/09/2018 08:41:27 a. m.: Authentication to host 'loscorrales.com.mx' for user 'corrales_checadores' using method 'mysql_native_password' failed with message: Access denied for user 'corrales_checadores'@'189.155.142.152' (using password: YES)
26/09/2018 08:41:27 a. m.: No es posible conectarse a la base de datos del checador Tacos Heroico
26/09/2018 08:41:27 a. m.: Authentication to host 'loscorrales.com.mx' for user 'corrales_checadores' using method 'mysql_native_password' failed with message: Access denied for user 'corrales_checadores'@'189.155.142.152' (using password: YES)
26/09/2018 08:41:27 a. m.: No es posible conectarse a la base de datos del checador Tacos Palmas
26/09/2018 08:41:27 a. m.: Authentication to host 'loscorrales.com.mx' for user 'corrales_checadores' using method 'mysql_native_password' failed with message: Access denied for user 'corrales_checadores'@'189.155.142.152' (using password: YES)
26/09/2018 08:41:27 a. m.: No es posible conectarse a la base de datos del checador Tacos Dolores
26/09/2018 08:44:50 a. m.: Inicializando el sistema...
26/09/2018 08:44:50 a. m.: Inicia Carga de Configuraciones...
26/09/2018 08:44:50 a. m.: Las configuraciones fueron cargadas con exito.
26/09/2018 08:44:50 a. m.: Authentication to host 'loscorrales.com.mx' for user 'corrales_checadores' using method 'mysql_native_password' failed with message: Access denied for user 'corrales_checadores'@'189.155.142.152' (using password: YES)
26/09/2018 08:44:50 a. m.: No es posible conectarse a la base de datos del checador Abastecedora
26/09/2018 08:44:51 a. m.: Authentication to host 'loscorrales.com.mx' for user 'corrales_checadores' using method 'mysql_native_password' failed with message: Access denied for user 'corrales_checadores'@'189.155.142.152' (using password: YES)
26/09/2018 08:44:51 a. m.: No es posible conectarse a la base de datos del checador Heroico
26/09/2018 08:44:51 a. m.: Authentication to host 'loscorrales.com.mx' for user 'corrales_checadores' using method 'mysql_native_password' failed with message: Access denied for user 'corrales_checadores'@'189.155.142.152' (using password: YES)
26/09/2018 08:44:51 a. m.: No es posible conectarse a la base de datos del checador Libertad
26/09/2018 08:44:51 a. m.: Authentication to host 'loscorrales.com.mx' for user 'corrales_checadores' using method 'mysql_native_password' failed with message: Access denied for user 'corrales_checadores'@'189.155.142.152' (using password: YES)
26/09/2018 08:44:51 a. m.: No es posible conectarse a la base de datos del checador Fidel Velazquez
26/09/2018 08:44:52 a. m.: Authentication to host 'loscorrales.com.mx' for user 'corrales_checadores' using method 'mysql_native_password' failed with message: Access denied for user 'corrales_checadores'@'189.155.142.152' (using password: YES)
26/09/2018 08:44:52 a. m.: No es posible conectarse a la base de datos del checador Friolala
26/09/2018 08:44:52 a. m.: Authentication to host 'loscorrales.com.mx' for user 'corrales_checadores' using method 'mysql_native_password' failed with message: Access denied for user 'corrales_checadores'@'189.155.142.152' (using password: YES)
26/09/2018 08:44:52 a. m.: No es posible conectarse a la base de datos del checador Friogomez
26/09/2018 08:44:53 a. m.: Authentication to host 'loscorrales.com.mx' for user 'corrales_checadores' using method 'mysql_native_password' failed with message: Access denied for user 'corrales_checadores'@'189.155.142.152' (using password: YES)
26/09/2018 08:44:53 a. m.: No es posible conectarse a la base de datos del checador Alimentos Winer
26/09/2018 08:44:53 a. m.: Authentication to host 'loscorrales.com.mx' for user 'corrales_checadores' using method 'mysql_native_password' failed with message: Access denied for user 'corrales_checadores'@'189.155.142.152' (using password: YES)
26/09/2018 08:44:53 a. m.: No es posible conectarse a la base de datos del checador Tacos Heroico
26/09/2018 08:44:53 a. m.: Authentication to host 'loscorrales.com.mx' for user 'corrales_checadores' using method 'mysql_native_password' failed with message: Access denied for user 'corrales_checadores'@'189.155.142.152' (using password: YES)
26/09/2018 08:44:53 a. m.: No es posible conectarse a la base de datos del checador Tacos Palmas
26/09/2018 08:44:54 a. m.: Authentication to host 'loscorrales.com.mx' for user 'corrales_checadores' using method 'mysql_native_password' failed with message: Access denied for user 'corrales_checadores'@'189.155.142.152' (using password: YES)
26/09/2018 08:44:54 a. m.: No es posible conectarse a la base de datos del checador Tacos Dolores
26/09/2018 08:47:08 a. m.: Inicializando el sistema...
26/09/2018 08:47:08 a. m.: Inicia Carga de Configuraciones...
26/09/2018 08:47:08 a. m.: Las configuraciones fueron cargadas con exito.
26/09/2018 08:47:09 a. m.: Authentication to host 'loscorrales.com.mx' for user 'corrales_checadores' using method 'mysql_native_password' failed with message: Access denied for user 'corrales_checadores'@'189.155.142.152' (using password: YES)
26/09/2018 08:47:09 a. m.: No es posible conectarse a la base de datos del checador Abastecedora
26/09/2018 08:47:09 a. m.: Authentication to host 'loscorrales.com.mx' for user 'corrales_checadores' using method 'mysql_native_password' failed with message: Access denied for user 'corrales_checadores'@'189.155.142.152' (using password: YES)
26/09/2018 08:47:09 a. m.: No es posible conectarse a la base de datos del checador Heroico
26/09/2018 08:47:09 a. m.: Authentication to host 'loscorrales.com.mx' for user 'corrales_checadores' using method 'mysql_native_password' failed with message: Access denied for user 'corrales_checadores'@'189.155.142.152' (using password: YES)
26/09/2018 08:47:09 a. m.: No es posible conectarse a la base de datos del checador Libertad
26/09/2018 08:47:10 a. m.: Authentication to host 'loscorrales.com.mx' for user 'corrales_checadores' using method 'mysql_native_password' failed with message: Access denied for user 'corrales_checadores'@'189.155.142.152' (using password: YES)
26/09/2018 08:47:10 a. m.: No es posible conectarse a la base de datos del checador Fidel Velazquez
26/09/2018 08:47:10 a. m.: Authentication to host 'loscorrales.com.mx' for user 'corrales_checadores' using method 'mysql_native_password' failed with message: Access denied for user 'corrales_checadores'@'189.155.142.152' (using password: YES)
26/09/2018 08:47:10 a. m.: No es posible conectarse a la base de datos del checador Friolala
26/09/2018 08:47:11 a. m.: Authentication to host 'loscorrales.com.mx' for user 'corrales_checadores' using method 'mysql_native_password' failed with message: Access denied for user 'corrales_checadores'@'189.155.142.152' (using password: YES)
26/09/2018 08:47:11 a. m.: No es posible conectarse a la base de datos del checador Friogomez
26/09/2018 08:47:11 a. m.: Authentication to host 'loscorrales.com.mx' for user 'corrales_checadores' using method 'mysql_native_password' failed with message: Access denied for user 'corrales_checadores'@'189.155.142.152' (using password: YES)
26/09/2018 08:47:11 a. m.: No es posible conectarse a la base de datos del checador Alimentos Winer
26/09/2018 08:47:11 a. m.: Authentication to host 'loscorrales.com.mx' for user 'corrales_checadores' using method 'mysql_native_password' failed with message: Access denied for user 'corrales_checadores'@'189.155.142.152' (using password: YES)
26/09/2018 08:47:11 a. m.: No es posible conectarse a la base de datos del checador Tacos Heroico
26/09/2018 08:47:12 a. m.: Authentication to host 'loscorrales.com.mx' for user 'corrales_checadores' using method 'mysql_native_password' failed with message: Access denied for user 'corrales_checadores'@'189.155.142.152' (using password: YES)
26/09/2018 08:47:12 a. m.: No es posible conectarse a la base de datos del checador Tacos Palmas
26/09/2018 08:47:12 a. m.: Authentication to host 'loscorrales.com.mx' for user 'corrales_checadores' using method 'mysql_native_password' failed with message: Access denied for user 'corrales_checadores'@'189.155.142.152' (using password: YES)
26/09/2018 08:47:12 a. m.: No es posible conectarse a la base de datos del checador Tacos Dolores
26/09/2018 08:52:21 a. m.: Inicializando el sistema...
26/09/2018 08:52:59 a. m.: Inicia Carga de Configuraciones...
26/09/2018 08:53:32 a. m.: Las configuraciones fueron cargadas con exito.
26/09/2018 08:54:09 a. m.: Authentication to host 'loscorrales.com.mx' for user 'corrales_checadores' using method 'mysql_native_password' failed with message: Access denied for user 'corrales_checadores'@'189.155.142.152' (using password: YES)
26/09/2018 08:54:17 a. m.: No es posible conectarse a la base de datos del checador Abastecedora
26/09/2018 08:57:45 a. m.: Inicializando el sistema...
26/09/2018 08:57:45 a. m.: Inicia Carga de Configuraciones...
26/09/2018 08:57:45 a. m.: Las configuraciones fueron cargadas con exito.
26/09/2018 08:58:20 a. m.: Obteniendo checadas sin concepto de ABASTECEDORA...
26/09/2018 08:58:20 a. m.: Inicia descarga de checadas...
26/09/2018 08:58:27 a. m.: Se llenó el DataTable...
26/09/2018 08:58:27 a. m.: Inicia transformacion a Lista...
26/09/2018 08:58:27 a. m.: Termina transformación a Lista...
26/09/2018 08:58:27 a. m.: Termina descarga de checadas...
26/09/2018 08:58:27 a. m.: Termina correctamente rutina ObtenerChecadasSinConcepto() - ChecadasDAL
26/09/2018 08:58:27 a. m.: Obteniendo lista de empleados de ABASTECEDORA...
26/09/2018 08:58:27 a. m.: Asignando conceptos a sucursal: ABASTECEDORA
26/09/2018 09:01:05 a. m.: Inicializando el sistema...
26/09/2018 09:01:05 a. m.: Inicia Carga de Configuraciones...
26/09/2018 09:01:05 a. m.: Las configuraciones fueron cargadas con exito.
26/09/2018 09:02:45 a. m.: Inicializando el sistema...
26/09/2018 09:02:45 a. m.: Inicia Carga de Configuraciones...
26/09/2018 09:02:45 a. m.: Las configuraciones fueron cargadas con exito.
26/09/2018 09:02:51 a. m.: Inicia descarga de checadas...
26/09/2018 09:02:55 a. m.: Se llenó el DataTable...
26/09/2018 09:02:55 a. m.: Inicia transformacion a Lista...
26/09/2018 09:02:55 a. m.: Termina transformación a Lista...
26/09/2018 09:02:55 a. m.: Termina descarga de checadas...
26/09/2018 09:02:55 a. m.: Termina correctamente rutina ObtenerChecadasSinConcepto() - ChecadasDAL
26/09/2018 09:02:56 a. m.: Asignando conceptos a sucursal: ABASTECEDORA
26/09/2018 09:03:18 a. m.: Inicia descarga de checadas...
26/09/2018 09:03:20 a. m.: Se llenó el DataTable...
26/09/2018 09:03:20 a. m.: Inicia transformacion a Lista...
26/09/2018 09:03:20 a. m.: Termina transformación a Lista...
26/09/2018 09:03:20 a. m.: Termina descarga de checadas...
26/09/2018 09:03:20 a. m.: Termina correctamente rutina ObtenerChecadasSinConcepto() - ChecadasDAL
26/09/2018 09:03:21 a. m.: Asignando conceptos a sucursal: ABASTECEDORA
26/09/2018 09:03:32 a. m.: Inicializando el sistema...
26/09/2018 09:03:32 a. m.: Inicia Carga de Configuraciones...
26/09/2018 09:03:32 a. m.: Las configuraciones fueron cargadas con exito.
26/09/2018 09:03:37 a. m.: Inicia descarga de checadas...
26/09/2018 09:03:38 a. m.: Se llenó el DataTable...
26/09/2018 09:03:38 a. m.: Inicia transformacion a Lista...
26/09/2018 09:03:38 a. m.: Termina transformación a Lista...
26/09/2018 09:03:38 a. m.: Termina descarga de checadas...
26/09/2018 09:03:38 a. m.: Termina correctamente rutina ObtenerChecadasSinConcepto() - ChecadasDAL
26/09/2018 09:03:39 a. m.: Asignando conceptos a sucursal: ABASTECEDORA
26/09/2018 09:05:17 a. m.: Inicia descarga de checadas...
26/09/2018 09:05:41 a. m.: Se llenó el DataTable...
26/09/2018 09:05:46 a. m.: Inicia transformacion a Lista...
26/09/2018 09:06:07 a. m.: Termina transformación a Lista...
26/09/2018 09:06:09 a. m.: Termina descarga de checadas...
26/09/2018 09:06:21 a. m.: Termina correctamente rutina ObtenerChecadasSinConcepto() - ChecadasDAL
26/09/2018 09:06:48 a. m.: Asignando conceptos a sucursal: ABASTECEDORA
26/09/2018 09:11:40 a. m.: Inicializando el sistema...
26/09/2018 09:11:40 a. m.: Inicia Carga de Configuraciones...
26/09/2018 09:11:40 a. m.: Las configuraciones fueron cargadas con exito.
26/09/2018 09:11:44 a. m.: Inicia descarga de checadas...
26/09/2018 09:11:48 a. m.: Se llenó el DataTable...
26/09/2018 09:11:48 a. m.: Inicia transformacion a Lista...
26/09/2018 09:11:48 a. m.: Termina transformación a Lista...
26/09/2018 09:11:48 a. m.: Termina descarga de checadas...
26/09/2018 09:11:48 a. m.: Termina correctamente rutina ObtenerChecadasSinConcepto() - ChecadasDAL
26/09/2018 09:11:49 a. m.: Asignando conceptos a sucursal: ABASTECEDORA
26/09/2018 09:14:12 a. m.: Inicializando el sistema...
26/09/2018 09:14:12 a. m.: Inicia Carga de Configuraciones...
26/09/2018 09:14:12 a. m.: Las configuraciones fueron cargadas con exito.
26/09/2018 09:14:19 a. m.: Inicia descarga de checadas...
26/09/2018 09:14:20 a. m.: Se llenó el DataTable...
26/09/2018 09:14:20 a. m.: Inicia transformacion a Lista...
26/09/2018 09:14:20 a. m.: Termina transformación a Lista...
26/09/2018 09:14:20 a. m.: Termina descarga de checadas...
26/09/2018 09:14:20 a. m.: Termina correctamente rutina ObtenerChecadasSinConcepto() - ChecadasDAL
26/09/2018 09:14:21 a. m.: Asignando conceptos a sucursal: LIBERTAD
26/09/2018 09:18:27 a. m.: Inicializando el sistema...
26/09/2018 09:18:27 a. m.: Inicia Carga de Configuraciones...
26/09/2018 09:18:27 a. m.: Las configuraciones fueron cargadas con exito.
26/09/2018 09:18:34 a. m.: Inicia descarga de checadas...
26/09/2018 09:18:35 a. m.: Se llenó el DataTable...
26/09/2018 09:18:35 a. m.: Inicia transformacion a Lista...
26/09/2018 09:18:35 a. m.: Termina transformación a Lista...
26/09/2018 09:18:35 a. m.: Termina descarga de checadas...
26/09/2018 09:18:35 a. m.: Termina correctamente rutina ObtenerChecadasSinConcepto() - ChecadasDAL
26/09/2018 09:18:36 a. m.: Asignando conceptos a sucursal: FRIOLALA
26/09/2018 01:12:47 p. m.: Inicializando el sistema...
26/09/2018 01:12:47 p. m.: Inicia Carga de Configuraciones...
26/09/2018 01:12:48 p. m.: Las configuraciones fueron cargadas con exito.
26/09/2018 01:13:01 p. m.: Inicia descarga de checadas...
26/09/2018 01:13:01 p. m.: Se llenó el DataTable...
26/09/2018 01:13:01 p. m.: Inicia transformacion a Lista...
26/09/2018 01:13:01 p. m.: Termina transformación a Lista...
26/09/2018 01:13:01 p. m.: Termina descarga de checadas...
26/09/2018 01:13:01 p. m.: Termina correctamente rutina ObtenerChecadasSinConcepto() - ChecadasDAL
26/09/2018 01:13:02 p. m.: Asignando conceptos a sucursal: TACOS DOLORES
26/09/2018 01:19:34 p. m.: Inicializando el sistema...
26/09/2018 01:19:35 p. m.: Inicia Carga de Configuraciones...
26/09/2018 01:19:35 p. m.: Las configuraciones fueron cargadas con exito.
26/09/2018 01:22:53 p. m.: Inicia descarga de checadas...
26/09/2018 01:22:54 p. m.: Se llenó el DataTable...
26/09/2018 01:22:54 p. m.: Inicia transformacion a Lista...
26/09/2018 01:22:54 p. m.: Termina transformación a Lista...
26/09/2018 01:22:54 p. m.: Termina descarga de checadas...
26/09/2018 01:22:54 p. m.: Termina correctamente rutina ObtenerChecadasSinConcepto() - ChecadasDAL
26/09/2018 01:22:54 p. m.: Asignando conceptos a sucursal: LIBERTAD
26/09/2018 01:23:19 p. m.: Inicia descarga de checadas...
26/09/2018 01:23:23 p. m.: Se llenó el DataTable...
26/09/2018 01:23:23 p. m.: Inicia transformacion a Lista...
26/09/2018 01:23:23 p. m.: Termina transformación a Lista...
26/09/2018 01:23:23 p. m.: Termina descarga de checadas...
26/09/2018 01:23:23 p. m.: Termina correctamente rutina ObtenerChecadasSinConcepto() - ChecadasDAL
26/09/2018 01:23:24 p. m.: Asignando conceptos a sucursal: ABASTECEDORA
26/09/2018 01:40:06 p. m.: Inicia descarga de checadas...
26/09/2018 01:40:07 p. m.: Se llenó el DataTable...
26/09/2018 01:40:07 p. m.: Inicia transformacion a Lista...
26/09/2018 01:40:07 p. m.: Termina transformación a Lista...
26/09/2018 01:40:07 p. m.: Termina descarga de checadas...
26/09/2018 01:40:07 p. m.: Termina correctamente rutina ObtenerChecadasSinConcepto() - ChecadasDAL
26/09/2018 01:40:08 p. m.: Asignando conceptos a sucursal: ABASTECEDORA
26/09/2018 01:54:34 p. m.: Inicializando el sistema...
26/09/2018 01:54:34 p. m.: Inicia Carga de Configuraciones...
26/09/2018 01:54:34 p. m.: Las configuraciones fueron cargadas con exito.
26/09/2018 01:57:45 p. m.: Inicializando el sistema...
26/09/2018 01:57:45 p. m.: Inicia Carga de Configuraciones...
26/09/2018 01:57:45 p. m.: Las configuraciones fueron cargadas con exito.
26/09/2018 01:58:18 p. m.: Inicializando el sistema...
26/09/2018 01:58:18 p. m.: Inicia Carga de Configuraciones...
26/09/2018 01:58:18 p. m.: Las configuraciones fueron cargadas con exito.
26/09/2018 02:04:48 p. m.:  - Termina correctamente rutina ObtenerHorarios() - Horarios DAL -
26/09/2018 02:06:02 p. m.:  - Termina correctamente rutina ObtenerHorarios() - Horarios DAL -
26/09/2018 02:06:53 p. m.:  - Termina correctamente rutina ObtenerHorarios() - Horarios DAL -
26/09/2018 02:27:00 p. m.: Inicializando el sistema...
26/09/2018 02:27:00 p. m.: Inicia Carga de Configuraciones...
26/09/2018 02:27:00 p. m.: Las configuraciones fueron cargadas con exito.
26/09/2018 02:30:53 p. m.: Inicializando el sistema...
26/09/2018 02:30:53 p. m.: Inicia Carga de Configuraciones...
26/09/2018 02:30:53 p. m.: Las configuraciones fueron cargadas con exito.
26/09/2018 02:32:13 p. m.: Inicia descarga de checadas...
26/09/2018 02:32:14 p. m.: Se llenó el DataTable...
26/09/2018 02:32:14 p. m.: Inicia transformacion a Lista...
26/09/2018 02:32:14 p. m.: Termina transformación a Lista...
26/09/2018 02:32:14 p. m.: Termina descarga de checadas...
26/09/2018 02:32:14 p. m.: Termina correctamente rutina ObtenerChecadasSinConcepto() - ChecadasDAL
26/09/2018 02:32:14 p. m.: Asignando conceptos a sucursal: HEROICO
26/09/2018 02:33:07 p. m.: Inicializando el sistema...
26/09/2018 02:33:07 p. m.: Inicia Carga de Configuraciones...
26/09/2018 02:33:07 p. m.: Las configuraciones fueron cargadas con exito.
26/09/2018 02:33:17 p. m.: Inicia descarga de checadas...
26/09/2018 02:33:18 p. m.: Se llenó el DataTable...
26/09/2018 02:33:18 p. m.: Inicia transformacion a Lista...
26/09/2018 02:33:18 p. m.: Termina transformación a Lista...
26/09/2018 02:33:18 p. m.: Termina descarga de checadas...
26/09/2018 02:33:18 p. m.: Termina correctamente rutina ObtenerChecadasSinConcepto() - ChecadasDAL
26/09/2018 02:33:18 p. m.: Asignando conceptos a sucursal: LIBERTAD
