24/06/2015 08:53:46 a.m.: Inicializando el sistema...
24/06/2015 08:53:46 a.m.: Inicia Carga de Configuraciones...
24/06/2015 08:53:47 a.m.: Las configuraciones fueron cargadas con exito.
24/06/2015 08:53:59 a.m.: Obteniendo checadas sin concepto de ABASTECEDORA...
24/06/2015 08:54:01 a.m.: Inicia descarga de checadas...
24/06/2015 08:54:27 a.m.: Se llenó el DataTable...
24/06/2015 08:54:27 a.m.: Inicia transformacion a Lista...
24/06/2015 08:54:27 a.m.: Termina transformación a Lista...
24/06/2015 08:54:27 a.m.: Termina descarga de checadas...
24/06/2015 08:54:27 a.m.: Termina correctamente rutina ObtenerChecadasSinConcepto() - ChecadasDAL
24/06/2015 08:54:27 a.m.: Obteniendo lista de empleados de ABASTECEDORA...
24/06/2015 08:54:38 a.m.: Asignando conceptos a sucursal: ABASTECEDORA
24/06/2015 08:55:44 a.m.: Obteniendo checadas sin concepto de HEROICO...
24/06/2015 08:55:46 a.m.: Inicia descarga de checadas...
24/06/2015 08:55:58 a.m.: Se llenó el DataTable...
24/06/2015 08:55:58 a.m.: Inicia transformacion a Lista...
24/06/2015 08:55:58 a.m.: Termina transformación a Lista...
24/06/2015 08:55:58 a.m.: Termina descarga de checadas...
24/06/2015 08:55:58 a.m.: Termina correctamente rutina ObtenerChecadasSinConcepto() - ChecadasDAL
24/06/2015 08:55:58 a.m.: Obteniendo lista de empleados de HEROICO...
24/06/2015 08:56:07 a.m.: Asignando conceptos a sucursal: HEROICO
24/06/2015 08:56:43 a.m.: Timeout in IO operation
24/06/2015 08:56:43 a.m.: No es posible conectarse a la base de datos del checador Libertad
24/06/2015 08:56:49 a.m.: Obteniendo checadas sin concepto de FIDEL VELAZQUEZ...
24/06/2015 08:56:51 a.m.: Inicia descarga de checadas...
24/06/2015 08:57:04 a.m.: Se llenó el DataTable...
24/06/2015 08:57:04 a.m.: Inicia transformacion a Lista...
24/06/2015 08:57:04 a.m.: Termina transformación a Lista...
24/06/2015 08:57:04 a.m.: Termina descarga de checadas...
24/06/2015 08:57:04 a.m.: Termina correctamente rutina ObtenerChecadasSinConcepto() - ChecadasDAL
24/06/2015 08:57:04 a.m.: Obteniendo lista de empleados de FIDEL VELAZQUEZ...
24/06/2015 08:57:09 a.m.: Asignando conceptos a sucursal: FIDEL VELAZQUEZ
24/06/2015 08:57:36 a.m.: Obteniendo checadas sin concepto de FRIOLALA...
24/06/2015 08:57:39 a.m.: Inicia descarga de checadas...
24/06/2015 08:57:54 a.m.: Se llenó el DataTable...
24/06/2015 08:57:54 a.m.: Inicia transformacion a Lista...
24/06/2015 08:57:54 a.m.: Termina transformación a Lista...
24/06/2015 08:57:54 a.m.: Termina descarga de checadas...
24/06/2015 08:57:54 a.m.: Termina correctamente rutina ObtenerChecadasSinConcepto() - ChecadasDAL
24/06/2015 08:57:54 a.m.: Obteniendo lista de empleados de FRIOLALA...
24/06/2015 08:58:02 a.m.: Asignando conceptos a sucursal: FRIOLALA
24/06/2015 08:58:44 a.m.: Obteniendo checadas sin concepto de FRIOGOMEZ...
24/06/2015 08:58:48 a.m.: Inicia descarga de checadas...
24/06/2015 08:58:57 a.m.: Se llenó el DataTable...
24/06/2015 08:58:57 a.m.: Inicia transformacion a Lista...
24/06/2015 08:58:57 a.m.: Termina transformación a Lista...
24/06/2015 08:58:57 a.m.: Termina descarga de checadas...
24/06/2015 08:58:57 a.m.: Termina correctamente rutina ObtenerChecadasSinConcepto() - ChecadasDAL
24/06/2015 08:58:57 a.m.: Obteniendo lista de empleados de FRIOGOMEZ...
24/06/2015 08:59:09 a.m.: Asignando conceptos a sucursal: FRIOGOMEZ
24/06/2015 08:59:32 a.m.: Obteniendo checadas sin concepto de ALIMENTOS WINER...
24/06/2015 08:59:33 a.m.: Inicia descarga de checadas...
24/06/2015 08:59:36 a.m.: Se llenó el DataTable...
24/06/2015 08:59:36 a.m.: Inicia transformacion a Lista...
24/06/2015 08:59:36 a.m.: Termina transformación a Lista...
24/06/2015 08:59:36 a.m.: Termina descarga de checadas...
24/06/2015 08:59:36 a.m.: Termina correctamente rutina ObtenerChecadasSinConcepto() - ChecadasDAL
24/06/2015 08:59:36 a.m.: Obteniendo lista de empleados de ALIMENTOS WINER...
24/06/2015 08:59:44 a.m.: Asignando conceptos a sucursal: ALIMENTOS WINER
24/06/2015 09:00:01 a.m.: Obteniendo checadas sin concepto de TACOS HEROICO...
24/06/2015 09:00:05 a.m.: Inicia descarga de checadas...
24/06/2015 09:00:17 a.m.: Se llenó el DataTable...
24/06/2015 09:00:17 a.m.: Inicia transformacion a Lista...
24/06/2015 09:00:17 a.m.: Termina transformación a Lista...
24/06/2015 09:00:17 a.m.: Termina descarga de checadas...
24/06/2015 09:00:17 a.m.: Termina correctamente rutina ObtenerChecadasSinConcepto() - ChecadasDAL
24/06/2015 09:00:17 a.m.: Obteniendo lista de empleados de TACOS HEROICO...
24/06/2015 09:00:27 a.m.: Asignando conceptos a sucursal: TACOS HEROICO
24/06/2015 09:00:45 a.m.: Obteniendo checadas sin concepto de TACOS PALMAS...
24/06/2015 09:00:49 a.m.: Inicia descarga de checadas...
24/06/2015 09:00:58 a.m.: Se llenó el DataTable...
24/06/2015 09:00:58 a.m.: Inicia transformacion a Lista...
24/06/2015 09:00:58 a.m.: Termina transformación a Lista...
24/06/2015 09:00:58 a.m.: Termina descarga de checadas...
24/06/2015 09:00:58 a.m.: Termina correctamente rutina ObtenerChecadasSinConcepto() - ChecadasDAL
24/06/2015 09:00:58 a.m.: Obteniendo lista de empleados de TACOS PALMAS...
24/06/2015 09:01:08 a.m.: Asignando conceptos a sucursal: TACOS PALMAS
24/06/2015 09:01:24 a.m.: Obteniendo checadas sin concepto de TACOS DOLORES...
24/06/2015 09:01:26 a.m.: Inicia descarga de checadas...
24/06/2015 09:01:28 a.m.: Se llenó el DataTable...
24/06/2015 09:01:28 a.m.: Inicia transformacion a Lista...
24/06/2015 09:01:28 a.m.: Termina transformación a Lista...
24/06/2015 09:01:28 a.m.: Termina descarga de checadas...
24/06/2015 09:01:28 a.m.: Termina correctamente rutina ObtenerChecadasSinConcepto() - ChecadasDAL
24/06/2015 09:01:28 a.m.: Obteniendo lista de empleados de TACOS DOLORES...
24/06/2015 09:01:34 a.m.: Asignando conceptos a sucursal: TACOS DOLORES
24/06/2015 09:08:35 a.m.:  - Termina correctamente rutina ObtenerHorarios() - Horarios DAL -
