22/05/2014 08:21:12 a.m.: Inicializando el sistema...
22/05/2014 08:21:12 a.m.: Inicia Carga de Configuraciones...
22/05/2014 08:21:13 a.m.: Las configuraciones fueron cargadas con exito.
22/05/2014 08:25:26 a.m.: Inicializando el sistema...
22/05/2014 08:25:26 a.m.: Inicia Carga de Configuraciones...
22/05/2014 08:25:26 a.m.: Las configuraciones fueron cargadas con exito.
22/05/2014 08:25:27 a.m.: Access denied for user 'corrales'@'187.192.83.28' (using password: YES)
22/05/2014 08:25:27 a.m.: No es posible conectarse a la base de datos del checador Abastecedora
22/05/2014 08:33:20 a.m.: Inicializando el sistema...
22/05/2014 08:33:20 a.m.: Inicia Carga de Configuraciones...
22/05/2014 08:33:20 a.m.: Las configuraciones fueron cargadas con exito.
22/05/2014 08:33:21 a.m.: Obteniendo checadas sin concepto de ABASTECEDORA...
22/05/2014 08:33:22 a.m.: Inicia descarga de checadas...
22/05/2014 08:33:24 a.m.: Se llenó el DataTable...
22/05/2014 08:33:24 a.m.: Inicia transformacion a Lista...
22/05/2014 08:33:24 a.m.: Termina transformación a Lista...
22/05/2014 08:33:24 a.m.: Termina descarga de checadas...
22/05/2014 08:33:24 a.m.: Termina correctamente rutina ObtenerChecadasSinConcepto() - ChecadasDAL
22/05/2014 08:33:24 a.m.: Obteniendo lista de empleados de ABASTECEDORA...
22/05/2014 08:33:24 a.m.: Asignando conceptos a sucursal: ABASTECEDORA
