20/05/2013 12:48:18 p.m.: Inicializando el sistema...
20/05/2013 12:48:18 p.m.: Inicia Carga de Configuraciones...
20/05/2013 12:48:18 p.m.: Las configuraciones fueron cargadas con exito.
20/05/2013 12:48:19 p.m.: +++++++++++++++++++++++++++++++++++++++++++++++++++++++++++
20/05/2013 12:48:19 p.m.: 
20/05/2013 12:48:19 p.m.: Ocurrio Una Excepcion: System.IO.FileNotFoundException: No se puede cargar el archivo o ensamblado 'MySql.Data, Version=6.5.6.0, Culture=neutral, PublicKeyToken=c5687fc88969c44d' ni una de sus dependencias. El sistema no puede encontrar el archivo especificado.
Nombre de archivo: 'MySql.Data, Version=6.5.6.0, Culture=neutral, PublicKeyToken=c5687fc88969c44d'
   en AccAsistencia.DAL.GenericDAL..ctor()
   en AccNominas.FrmSplash.InicializarDatos()

=== Información de estado anterior al enlace ===
LOG: Usuario = DESARROLLO\DESAROLLO
LOG: DisplayName = MySql.Data, Version=6.5.6.0, Culture=neutral, PublicKeyToken=c5687fc88969c44d
 (Fully-specified)
LOG: Appbase = file:///C:/Desarrollos/Desarrollos .Net/Control de Asistencias/Nuevo Proyecto Marzo 2013/AccNominas/AccNominas/bin/Debug/
LOG: PrivatePath inicial = NULL
Ensamblado de llamada : AccAsistencia, Version=1.0.0.0, Culture=neutral, PublicKeyToken=null.
===
LOG: Este enlace empieza en el contexto de carga default.
LOG: Utilización del archivo de configuración de la aplicación: C:\Desarrollos\Desarrollos .Net\Control de Asistencias\Nuevo Proyecto Marzo 2013\AccNominas\AccNominas\bin\Debug\AccNominas.vshost.exe.Config
LOG: Utilizando el archivo de configuración de host: 
LOG: Utilizando el archivo de configuración del equipo en C:\Windows\Microsoft.NET\Framework\v4.0.30319\config\machine.config.
LOG: Referencia posterior a la directiva: MySql.Data, Version=6.5.6.0, Culture=neutral, PublicKeyToken=c5687fc88969c44d
LOG: Intento de descarga de la nueva dirección URL file:///C:/Desarrollos/Desarrollos .Net/Control de Asistencias/Nuevo Proyecto Marzo 2013/AccNominas/AccNominas/bin/Debug/MySql.Data.DLL.
LOG: Intento de descarga de la nueva dirección URL file:///C:/Desarrollos/Desarrollos .Net/Control de Asistencias/Nuevo Proyecto Marzo 2013/AccNominas/AccNominas/bin/Debug/MySql.Data/MySql.Data.DLL.
LOG: Intento de descarga de la nueva dirección URL file:///C:/Desarrollos/Desarrollos .Net/Control de Asistencias/Nuevo Proyecto Marzo 2013/AccNominas/AccNominas/bin/Debug/MySql.Data.EXE.
LOG: Intento de descarga de la nueva dirección URL file:///C:/Desarrollos/Desarrollos .Net/Control de Asistencias/Nuevo Proyecto Marzo 2013/AccNominas/AccNominas/bin/Debug/MySql.Data/MySql.Data.EXE.

20/05/2013 12:48:19 p.m.: +++++++++++++++++++++++++++++++++++++++++++++++++++++++++++
20/05/2013 12:49:03 p.m.: Inicializando el sistema...
20/05/2013 12:49:03 p.m.: Inicia Carga de Configuraciones...
20/05/2013 12:49:03 p.m.: Las configuraciones fueron cargadas con exito.
20/05/2013 12:49:03 p.m.: +++++++++++++++++++++++++++++++++++++++++++++++++++++++++++
20/05/2013 12:49:03 p.m.: 
20/05/2013 12:49:03 p.m.: Ocurrio Una Excepcion: System.IO.FileNotFoundException: No se puede cargar el archivo o ensamblado 'MySql.Data, Version=6.5.6.0, Culture=neutral, PublicKeyToken=c5687fc88969c44d' ni una de sus dependencias. El sistema no puede encontrar el archivo especificado.
Nombre de archivo: 'MySql.Data, Version=6.5.6.0, Culture=neutral, PublicKeyToken=c5687fc88969c44d'
   en AccAsistencia.DAL.GenericDAL..ctor()
   en AccNominas.FrmSplash.InicializarDatos()

=== Información de estado anterior al enlace ===
LOG: Usuario = DESARROLLO\DESAROLLO
LOG: DisplayName = MySql.Data, Version=6.5.6.0, Culture=neutral, PublicKeyToken=c5687fc88969c44d
 (Fully-specified)
LOG: Appbase = file:///C:/Desarrollos/Desarrollos .Net/Control de Asistencias/Nuevo Proyecto Marzo 2013/AccNominas/AccNominas/bin/Debug/
LOG: PrivatePath inicial = NULL
Ensamblado de llamada : AccAsistencia, Version=1.0.0.0, Culture=neutral, PublicKeyToken=null.
===
LOG: Este enlace empieza en el contexto de carga default.
LOG: Utilización del archivo de configuración de la aplicación: C:\Desarrollos\Desarrollos .Net\Control de Asistencias\Nuevo Proyecto Marzo 2013\AccNominas\AccNominas\bin\Debug\AccNominas.vshost.exe.Config
LOG: Utilizando el archivo de configuración de host: 
LOG: Utilizando el archivo de configuración del equipo en C:\Windows\Microsoft.NET\Framework\v4.0.30319\config\machine.config.
LOG: Referencia posterior a la directiva: MySql.Data, Version=6.5.6.0, Culture=neutral, PublicKeyToken=c5687fc88969c44d
LOG: Intento de descarga de la nueva dirección URL file:///C:/Desarrollos/Desarrollos .Net/Control de Asistencias/Nuevo Proyecto Marzo 2013/AccNominas/AccNominas/bin/Debug/MySql.Data.DLL.
LOG: Intento de descarga de la nueva dirección URL file:///C:/Desarrollos/Desarrollos .Net/Control de Asistencias/Nuevo Proyecto Marzo 2013/AccNominas/AccNominas/bin/Debug/MySql.Data/MySql.Data.DLL.
LOG: Intento de descarga de la nueva dirección URL file:///C:/Desarrollos/Desarrollos .Net/Control de Asistencias/Nuevo Proyecto Marzo 2013/AccNominas/AccNominas/bin/Debug/MySql.Data.EXE.
LOG: Intento de descarga de la nueva dirección URL file:///C:/Desarrollos/Desarrollos .Net/Control de Asistencias/Nuevo Proyecto Marzo 2013/AccNominas/AccNominas/bin/Debug/MySql.Data/MySql.Data.EXE.

20/05/2013 12:49:03 p.m.: +++++++++++++++++++++++++++++++++++++++++++++++++++++++++++
20/05/2013 12:50:30 p.m.: Inicializando el sistema...
20/05/2013 12:50:30 p.m.: Inicia Carga de Configuraciones...
20/05/2013 12:50:31 p.m.: Las configuraciones fueron cargadas con exito.
20/05/2013 12:50:32 p.m.: Obteniendo checadas sin concepto de ABASTECEDORA...
20/05/2013 12:50:32 p.m.: Inicia descarga de checadas...
20/05/2013 12:50:32 p.m.: Se llenó el DataTable...
20/05/2013 12:50:32 p.m.: Inicia transformacion a Lista...
20/05/2013 12:50:32 p.m.: Termina transformación a Lista...
20/05/2013 12:50:32 p.m.: Termina descarga de checadas...
20/05/2013 12:50:32 p.m.: Termina correctamente rutina ObtenerChecadasSinConcepto() - ChecadasDAL
20/05/2013 12:50:32 p.m.: Obteniendo lista de empleados de ABASTECEDORA...
20/05/2013 12:50:32 p.m.: Asignando conceptos a sucursal: ABASTECEDORA
20/05/2013 12:50:56 p.m.: Inicializando el sistema...
20/05/2013 12:50:56 p.m.: Inicia Carga de Configuraciones...
20/05/2013 12:50:57 p.m.: Las configuraciones fueron cargadas con exito.
20/05/2013 12:50:57 p.m.: Obteniendo checadas sin concepto de ABASTECEDORA...
20/05/2013 12:50:57 p.m.: Inicia descarga de checadas...
20/05/2013 12:50:57 p.m.: Se llenó el DataTable...
20/05/2013 12:50:57 p.m.: Inicia transformacion a Lista...
20/05/2013 12:50:57 p.m.: Termina transformación a Lista...
20/05/2013 12:50:57 p.m.: Termina descarga de checadas...
20/05/2013 12:50:57 p.m.: Termina correctamente rutina ObtenerChecadasSinConcepto() - ChecadasDAL
20/05/2013 12:50:57 p.m.: Obteniendo lista de empleados de ABASTECEDORA...
20/05/2013 12:50:57 p.m.: Asignando conceptos a sucursal: ABASTECEDORA
20/05/2013 12:51:17 p.m.:  - Termina correctamente rutina ObtenerHorarios() - Horarios DAL -
20/05/2013 12:58:08 p.m.:  - Termina correctamente rutina ObtenerHorarios() - Horarios DAL -
20/05/2013 01:04:29 p.m.: Inicializando el sistema...
20/05/2013 01:04:29 p.m.: Inicia Carga de Configuraciones...
20/05/2013 01:04:30 p.m.: Las configuraciones fueron cargadas con exito.
20/05/2013 01:04:30 p.m.: Obteniendo checadas sin concepto de ABASTECEDORA...
20/05/2013 01:04:30 p.m.: Inicia descarga de checadas...
20/05/2013 01:04:30 p.m.: Se llenó el DataTable...
20/05/2013 01:04:30 p.m.: Inicia transformacion a Lista...
20/05/2013 01:04:30 p.m.: Termina transformación a Lista...
20/05/2013 01:04:30 p.m.: Termina descarga de checadas...
20/05/2013 01:04:30 p.m.: Termina correctamente rutina ObtenerChecadasSinConcepto() - ChecadasDAL
20/05/2013 01:04:30 p.m.: Obteniendo lista de empleados de ABASTECEDORA...
20/05/2013 01:04:30 p.m.: Asignando conceptos a sucursal: ABASTECEDORA
20/05/2013 01:06:59 p.m.: Inicializando el sistema...
20/05/2013 01:06:59 p.m.: Inicia Carga de Configuraciones...
20/05/2013 01:07:00 p.m.: Las configuraciones fueron cargadas con exito.
20/05/2013 01:07:00 p.m.: Obteniendo checadas sin concepto de ABASTECEDORA...
20/05/2013 01:07:00 p.m.: Inicia descarga de checadas...
20/05/2013 01:07:00 p.m.: Se llenó el DataTable...
20/05/2013 01:07:00 p.m.: Inicia transformacion a Lista...
20/05/2013 01:07:00 p.m.: Termina transformación a Lista...
20/05/2013 01:07:00 p.m.: Termina descarga de checadas...
20/05/2013 01:07:00 p.m.: Termina correctamente rutina ObtenerChecadasSinConcepto() - ChecadasDAL
20/05/2013 01:07:00 p.m.: Obteniendo lista de empleados de ABASTECEDORA...
20/05/2013 01:07:00 p.m.: Asignando conceptos a sucursal: ABASTECEDORA
20/05/2013 01:08:11 p.m.: Inicializando el sistema...
20/05/2013 01:08:11 p.m.: Inicia Carga de Configuraciones...
20/05/2013 01:08:11 p.m.: Las configuraciones fueron cargadas con exito.
20/05/2013 01:08:11 p.m.: Obteniendo checadas sin concepto de ABASTECEDORA...
20/05/2013 01:08:11 p.m.: Inicia descarga de checadas...
20/05/2013 01:08:12 p.m.: Se llenó el DataTable...
20/05/2013 01:08:12 p.m.: Inicia transformacion a Lista...
20/05/2013 01:08:12 p.m.: Termina transformación a Lista...
20/05/2013 01:08:12 p.m.: Termina descarga de checadas...
20/05/2013 01:08:12 p.m.: Termina correctamente rutina ObtenerChecadasSinConcepto() - ChecadasDAL
20/05/2013 01:08:12 p.m.: Obteniendo lista de empleados de ABASTECEDORA...
20/05/2013 01:08:12 p.m.: Asignando conceptos a sucursal: ABASTECEDORA
20/05/2013 01:12:29 p.m.: Inicializando el sistema...
20/05/2013 01:12:29 p.m.: Inicia Carga de Configuraciones...
20/05/2013 01:12:29 p.m.: Las configuraciones fueron cargadas con exito.
20/05/2013 01:12:30 p.m.: Obteniendo checadas sin concepto de ABASTECEDORA...
20/05/2013 01:12:30 p.m.: Inicia descarga de checadas...
20/05/2013 01:12:30 p.m.: Se llenó el DataTable...
20/05/2013 01:12:30 p.m.: Inicia transformacion a Lista...
20/05/2013 01:12:30 p.m.: Termina transformación a Lista...
20/05/2013 01:12:30 p.m.: Termina descarga de checadas...
20/05/2013 01:12:30 p.m.: Termina correctamente rutina ObtenerChecadasSinConcepto() - ChecadasDAL
20/05/2013 01:12:30 p.m.: Obteniendo lista de empleados de ABASTECEDORA...
20/05/2013 01:12:30 p.m.: Asignando conceptos a sucursal: ABASTECEDORA
20/05/2013 01:18:01 p.m.: Inicializando el sistema...
20/05/2013 01:18:01 p.m.: Inicia Carga de Configuraciones...
20/05/2013 01:18:01 p.m.: Las configuraciones fueron cargadas con exito.
20/05/2013 01:18:02 p.m.: Obteniendo checadas sin concepto de ABASTECEDORA...
20/05/2013 01:18:02 p.m.: Inicia descarga de checadas...
20/05/2013 01:18:02 p.m.: Se llenó el DataTable...
20/05/2013 01:18:02 p.m.: Inicia transformacion a Lista...
20/05/2013 01:18:02 p.m.: Termina transformación a Lista...
20/05/2013 01:18:02 p.m.: Termina descarga de checadas...
20/05/2013 01:18:02 p.m.: Termina correctamente rutina ObtenerChecadasSinConcepto() - ChecadasDAL
20/05/2013 01:18:02 p.m.: Obteniendo lista de empleados de ABASTECEDORA...
20/05/2013 01:18:02 p.m.: Asignando conceptos a sucursal: ABASTECEDORA
20/05/2013 01:27:01 p.m.: Inicializando el sistema...
20/05/2013 01:27:01 p.m.: Inicia Carga de Configuraciones...
20/05/2013 01:27:02 p.m.: Las configuraciones fueron cargadas con exito.
20/05/2013 01:27:02 p.m.: Obteniendo checadas sin concepto de ABASTECEDORA...
20/05/2013 01:27:02 p.m.: Inicia descarga de checadas...
20/05/2013 01:27:02 p.m.: Se llenó el DataTable...
20/05/2013 01:27:02 p.m.: Inicia transformacion a Lista...
20/05/2013 01:27:02 p.m.: Termina transformación a Lista...
20/05/2013 01:27:02 p.m.: Termina descarga de checadas...
20/05/2013 01:27:02 p.m.: Termina correctamente rutina ObtenerChecadasSinConcepto() - ChecadasDAL
20/05/2013 01:27:02 p.m.: Obteniendo lista de empleados de ABASTECEDORA...
20/05/2013 01:27:02 p.m.: Asignando conceptos a sucursal: ABASTECEDORA
20/05/2013 01:28:22 p.m.: Inicializando el sistema...
20/05/2013 01:28:22 p.m.: Inicia Carga de Configuraciones...
20/05/2013 01:28:23 p.m.: Las configuraciones fueron cargadas con exito.
20/05/2013 01:28:23 p.m.: Obteniendo checadas sin concepto de ABASTECEDORA...
20/05/2013 01:28:23 p.m.: Inicia descarga de checadas...
20/05/2013 01:28:23 p.m.: Se llenó el DataTable...
20/05/2013 01:28:23 p.m.: Inicia transformacion a Lista...
20/05/2013 01:28:23 p.m.: Termina transformación a Lista...
20/05/2013 01:28:23 p.m.: Termina descarga de checadas...
20/05/2013 01:28:23 p.m.: Termina correctamente rutina ObtenerChecadasSinConcepto() - ChecadasDAL
20/05/2013 01:28:23 p.m.: Obteniendo lista de empleados de ABASTECEDORA...
20/05/2013 01:28:23 p.m.: Asignando conceptos a sucursal: ABASTECEDORA
20/05/2013 01:30:10 p.m.:  - Termina correctamente rutina ObtenerHorarios() - Horarios DAL -
20/05/2013 02:31:22 p.m.: Inicializando el sistema...
20/05/2013 02:31:23 p.m.: Inicia Carga de Configuraciones...
20/05/2013 02:31:24 p.m.: Las configuraciones fueron cargadas con exito.
20/05/2013 02:31:24 p.m.: Obteniendo checadas sin concepto de ABASTECEDORA...
20/05/2013 02:31:24 p.m.: Inicia descarga de checadas...
20/05/2013 02:31:25 p.m.: Se llenó el DataTable...
20/05/2013 02:31:25 p.m.: Inicia transformacion a Lista...
20/05/2013 02:31:25 p.m.: Termina transformación a Lista...
20/05/2013 02:31:25 p.m.: Termina descarga de checadas...
20/05/2013 02:31:25 p.m.: Termina correctamente rutina ObtenerChecadasSinConcepto() - ChecadasDAL
20/05/2013 02:31:25 p.m.: Obteniendo lista de empleados de ABASTECEDORA...
20/05/2013 02:31:25 p.m.: Asignando conceptos a sucursal: ABASTECEDORA
20/05/2013 02:32:02 p.m.: +++++++++++++++++++++++++++++++++++++++++++++++++++++++++++
20/05/2013 02:32:02 p.m.: 
20/05/2013 02:32:02 p.m.: Ocurrio Una Excepcion: MySql.Data.MySqlClient.MySqlException (0x80004005): Timeout expired.  The timeout period elapsed prior to completion of the operation or the server is not responding. ---> System.TimeoutException: Se produjo un error durante el intento de conexión ya que la parte conectada no respondió adecuadamente tras un periodo de tiempo, o bien se produjo un error en la conexión establecida ya que el host conectado no ha podido responder ---> System.IO.IOException: No se puede escribir datos de en la conexión de transporte: Se produjo un error durante el intento de conexión ya que la parte conectada no respondió adecuadamente tras un periodo de tiempo, o bien se produjo un error en la conexión establecida ya que el host conectado no ha podido responder. ---> System.Net.Sockets.SocketException: Se produjo un error durante el intento de conexión ya que la parte conectada no respondió adecuadamente tras un periodo de tiempo, o bien se produjo un error en la conexión establecida ya que el host conectado no ha podido responder
   en System.Net.Sockets.Socket.Receive(Byte[] buffer, Int32 offset, Int32 size, SocketFlags socketFlags)
   en System.Net.Sockets.NetworkStream.Read(Byte[] buffer, Int32 offset, Int32 size)
   --- Fin del seguimiento de la pila de la excepción interna ---
   en System.Net.Sockets.NetworkStream.Read(Byte[] buffer, Int32 offset, Int32 size)
   en MyNetworkStream.Read(Byte[] buffer, Int32 offset, Int32 count)
   --- Fin del seguimiento de la pila de la excepción interna ---
   en MyNetworkStream.HandleOrRethrowException(Exception e)
   en MyNetworkStream.Read(Byte[] buffer, Int32 offset, Int32 count)
   en MySql.Data.MySqlClient.TimedStream.Read(Byte[] buffer, Int32 offset, Int32 count)
   en System.IO.BufferedStream.Read(Byte[] array, Int32 offset, Int32 count)
   en MySql.Data.MySqlClient.MySqlStream.ReadFully(Stream stream, Byte[] buffer, Int32 offset, Int32 count)
   en MySql.Data.MySqlClient.MySqlStream.LoadPacket()
   en MySql.Data.MySqlClient.MySqlStream.ReadPacket()
   en MySql.Data.MySqlClient.NativeDriver.GetResult(Int32& affectedRow, Int32& insertedId)
   en MySql.Data.MySqlClient.Driver.GetResult(Int32 statementId, Int32& affectedRows, Int32& insertedId)
   en MySql.Data.MySqlClient.Driver.NextResult(Int32 statementId, Boolean force)
   en MySql.Data.MySqlClient.MySqlDataReader.NextResult()
   en MySql.Data.MySqlClient.MySqlCommand.ExecuteReader(CommandBehavior behavior)
   en AccAsistencia.DAL.ChecadasDAL.ActualizarChecada(Checada oChecada) en C:\Desarrollos\Desarrollos .Net\Control de Asistencias\Nuevo Proyecto Marzo 2013\AccNominas\AccAsistencia\DAL\ChecadasDAL.cs:línea 133
   en AccNominas.FrmSplash.AsignarConceptos(List`1 lstChecada, List`1 lstEmpleados) en C:\Desarrollos\Desarrollos .Net\Control de Asistencias\Nuevo Proyecto Marzo 2013\AccNominas\AccNominas\FrmSplash.cs:línea 202
   en AccNominas.FrmSplash.InicializarDatos() en C:\Desarrollos\Desarrollos .Net\Control de Asistencias\Nuevo Proyecto Marzo 2013\AccNominas\AccNominas\FrmSplash.cs:línea 70
20/05/2013 02:32:02 p.m.: +++++++++++++++++++++++++++++++++++++++++++++++++++++++++++
20/05/2013 02:33:04 p.m.: Inicializando el sistema...
20/05/2013 02:33:04 p.m.: Inicia Carga de Configuraciones...
20/05/2013 02:33:05 p.m.: Las configuraciones fueron cargadas con exito.
20/05/2013 02:33:05 p.m.: Obteniendo checadas sin concepto de ABASTECEDORA...
20/05/2013 02:33:05 p.m.: Inicia descarga de checadas...
20/05/2013 02:33:05 p.m.: Se llenó el DataTable...
20/05/2013 02:33:05 p.m.: Inicia transformacion a Lista...
20/05/2013 02:33:05 p.m.: Termina transformación a Lista...
20/05/2013 02:33:05 p.m.: Termina descarga de checadas...
20/05/2013 02:33:05 p.m.: Termina correctamente rutina ObtenerChecadasSinConcepto() - ChecadasDAL
20/05/2013 02:33:05 p.m.: Obteniendo lista de empleados de ABASTECEDORA...
20/05/2013 02:33:05 p.m.: Asignando conceptos a sucursal: ABASTECEDORA
20/05/2013 02:33:42 p.m.: +++++++++++++++++++++++++++++++++++++++++++++++++++++++++++
20/05/2013 02:33:42 p.m.: 
20/05/2013 02:33:42 p.m.: Ocurrio Una Excepcion: MySql.Data.MySqlClient.MySqlException (0x80004005): Timeout expired.  The timeout period elapsed prior to completion of the operation or the server is not responding. ---> System.TimeoutException: Se produjo un error durante el intento de conexión ya que la parte conectada no respondió adecuadamente tras un periodo de tiempo, o bien se produjo un error en la conexión establecida ya que el host conectado no ha podido responder ---> System.IO.IOException: No se puede escribir datos de en la conexión de transporte: Se produjo un error durante el intento de conexión ya que la parte conectada no respondió adecuadamente tras un periodo de tiempo, o bien se produjo un error en la conexión establecida ya que el host conectado no ha podido responder. ---> System.Net.Sockets.SocketException: Se produjo un error durante el intento de conexión ya que la parte conectada no respondió adecuadamente tras un periodo de tiempo, o bien se produjo un error en la conexión establecida ya que el host conectado no ha podido responder
   en System.Net.Sockets.Socket.Receive(Byte[] buffer, Int32 offset, Int32 size, SocketFlags socketFlags)
   en System.Net.Sockets.NetworkStream.Read(Byte[] buffer, Int32 offset, Int32 size)
   --- Fin del seguimiento de la pila de la excepción interna ---
   en System.Net.Sockets.NetworkStream.Read(Byte[] buffer, Int32 offset, Int32 size)
   en MyNetworkStream.Read(Byte[] buffer, Int32 offset, Int32 count)
   --- Fin del seguimiento de la pila de la excepción interna ---
   en MyNetworkStream.HandleOrRethrowException(Exception e)
   en MyNetworkStream.Read(Byte[] buffer, Int32 offset, Int32 count)
   en MySql.Data.MySqlClient.TimedStream.Read(Byte[] buffer, Int32 offset, Int32 count)
   en System.IO.BufferedStream.Read(Byte[] array, Int32 offset, Int32 count)
   en MySql.Data.MySqlClient.MySqlStream.ReadFully(Stream stream, Byte[] buffer, Int32 offset, Int32 count)
   en MySql.Data.MySqlClient.MySqlStream.LoadPacket()
   en MySql.Data.MySqlClient.MySqlStream.ReadPacket()
   en MySql.Data.MySqlClient.NativeDriver.GetResult(Int32& affectedRow, Int32& insertedId)
   en MySql.Data.MySqlClient.Driver.GetResult(Int32 statementId, Int32& affectedRows, Int32& insertedId)
   en MySql.Data.MySqlClient.Driver.NextResult(Int32 statementId, Boolean force)
   en MySql.Data.MySqlClient.MySqlDataReader.NextResult()
   en MySql.Data.MySqlClient.MySqlCommand.ExecuteReader(CommandBehavior behavior)
   en AccAsistencia.DAL.ChecadasDAL.ActualizarChecada(Checada oChecada) en C:\Desarrollos\Desarrollos .Net\Control de Asistencias\Nuevo Proyecto Marzo 2013\AccNominas\AccAsistencia\DAL\ChecadasDAL.cs:línea 133
   en AccNominas.FrmSplash.AsignarConceptos(List`1 lstChecada, List`1 lstEmpleados) en C:\Desarrollos\Desarrollos .Net\Control de Asistencias\Nuevo Proyecto Marzo 2013\AccNominas\AccNominas\FrmSplash.cs:línea 202
   en AccNominas.FrmSplash.InicializarDatos() en C:\Desarrollos\Desarrollos .Net\Control de Asistencias\Nuevo Proyecto Marzo 2013\AccNominas\AccNominas\FrmSplash.cs:línea 70
20/05/2013 02:33:42 p.m.: +++++++++++++++++++++++++++++++++++++++++++++++++++++++++++
20/05/2013 02:34:19 p.m.: Inicializando el sistema...
20/05/2013 02:34:19 p.m.: Inicia Carga de Configuraciones...
20/05/2013 02:34:20 p.m.: Las configuraciones fueron cargadas con exito.
20/05/2013 02:34:20 p.m.: Obteniendo checadas sin concepto de ABASTECEDORA...
20/05/2013 02:34:20 p.m.: Inicia descarga de checadas...
20/05/2013 02:34:20 p.m.: Se llenó el DataTable...
20/05/2013 02:34:20 p.m.: Inicia transformacion a Lista...
20/05/2013 02:34:20 p.m.: Termina transformación a Lista...
20/05/2013 02:34:20 p.m.: Termina descarga de checadas...
20/05/2013 02:34:20 p.m.: Termina correctamente rutina ObtenerChecadasSinConcepto() - ChecadasDAL
20/05/2013 02:34:20 p.m.: Obteniendo lista de empleados de ABASTECEDORA...
20/05/2013 02:34:20 p.m.: Asignando conceptos a sucursal: ABASTECEDORA
20/05/2013 02:36:20 p.m.: Inicializando el sistema...
20/05/2013 02:36:20 p.m.: Inicia Carga de Configuraciones...
20/05/2013 02:36:21 p.m.: Las configuraciones fueron cargadas con exito.
20/05/2013 02:36:21 p.m.: Obteniendo checadas sin concepto de ABASTECEDORA...
20/05/2013 02:36:21 p.m.: Inicia descarga de checadas...
20/05/2013 02:36:21 p.m.: Se llenó el DataTable...
20/05/2013 02:36:21 p.m.: Inicia transformacion a Lista...
20/05/2013 02:36:21 p.m.: Termina transformación a Lista...
20/05/2013 02:36:21 p.m.: Termina descarga de checadas...
20/05/2013 02:36:21 p.m.: Termina correctamente rutina ObtenerChecadasSinConcepto() - ChecadasDAL
20/05/2013 02:36:21 p.m.: Obteniendo lista de empleados de ABASTECEDORA...
20/05/2013 02:36:21 p.m.: Asignando conceptos a sucursal: ABASTECEDORA
20/05/2013 02:39:17 p.m.: Inicializando el sistema...
20/05/2013 02:39:17 p.m.: Inicia Carga de Configuraciones...
20/05/2013 02:39:18 p.m.: Las configuraciones fueron cargadas con exito.
20/05/2013 02:39:18 p.m.: Obteniendo checadas sin concepto de ABASTECEDORA...
20/05/2013 02:39:18 p.m.: Inicia descarga de checadas...
20/05/2013 02:39:18 p.m.: Se llenó el DataTable...
20/05/2013 02:39:18 p.m.: Inicia transformacion a Lista...
20/05/2013 02:39:18 p.m.: Termina transformación a Lista...
20/05/2013 02:39:18 p.m.: Termina descarga de checadas...
20/05/2013 02:39:18 p.m.: Termina correctamente rutina ObtenerChecadasSinConcepto() - ChecadasDAL
20/05/2013 02:39:18 p.m.: Obteniendo lista de empleados de ABASTECEDORA...
20/05/2013 02:39:18 p.m.: Asignando conceptos a sucursal: ABASTECEDORA
20/05/2013 02:40:30 p.m.: Inicializando el sistema...
20/05/2013 02:40:30 p.m.: Inicia Carga de Configuraciones...
20/05/2013 02:40:30 p.m.: Las configuraciones fueron cargadas con exito.
20/05/2013 02:40:31 p.m.: Obteniendo checadas sin concepto de ABASTECEDORA...
20/05/2013 02:40:31 p.m.: Inicia descarga de checadas...
20/05/2013 02:40:31 p.m.: Se llenó el DataTable...
20/05/2013 02:40:31 p.m.: Inicia transformacion a Lista...
20/05/2013 02:40:31 p.m.: Termina transformación a Lista...
20/05/2013 02:40:31 p.m.: Termina descarga de checadas...
20/05/2013 02:40:31 p.m.: Termina correctamente rutina ObtenerChecadasSinConcepto() - ChecadasDAL
20/05/2013 02:40:31 p.m.: Obteniendo lista de empleados de ABASTECEDORA...
20/05/2013 02:40:31 p.m.: Asignando conceptos a sucursal: ABASTECEDORA
20/05/2013 02:41:10 p.m.: Inicializando el sistema...
20/05/2013 02:41:10 p.m.: Inicia Carga de Configuraciones...
20/05/2013 02:41:11 p.m.: Las configuraciones fueron cargadas con exito.
20/05/2013 02:41:11 p.m.: Obteniendo checadas sin concepto de ABASTECEDORA...
20/05/2013 02:41:11 p.m.: Inicia descarga de checadas...
20/05/2013 02:41:11 p.m.: Se llenó el DataTable...
20/05/2013 02:41:11 p.m.: Inicia transformacion a Lista...
20/05/2013 02:41:11 p.m.: Termina transformación a Lista...
20/05/2013 02:41:11 p.m.: Termina descarga de checadas...
20/05/2013 02:41:11 p.m.: Termina correctamente rutina ObtenerChecadasSinConcepto() - ChecadasDAL
20/05/2013 02:41:11 p.m.: Obteniendo lista de empleados de ABASTECEDORA...
20/05/2013 02:41:11 p.m.: Asignando conceptos a sucursal: ABASTECEDORA
20/05/2013 02:48:26 p.m.: Inicializando el sistema...
20/05/2013 02:48:26 p.m.: Inicia Carga de Configuraciones...
20/05/2013 02:48:27 p.m.: Las configuraciones fueron cargadas con exito.
20/05/2013 02:48:27 p.m.: Obteniendo checadas sin concepto de ABASTECEDORA...
20/05/2013 02:48:27 p.m.: Inicia descarga de checadas...
20/05/2013 02:48:27 p.m.: Se llenó el DataTable...
20/05/2013 02:48:27 p.m.: Inicia transformacion a Lista...
20/05/2013 02:48:27 p.m.: Termina transformación a Lista...
20/05/2013 02:48:27 p.m.: Termina descarga de checadas...
20/05/2013 02:48:27 p.m.: Termina correctamente rutina ObtenerChecadasSinConcepto() - ChecadasDAL
20/05/2013 02:48:27 p.m.: Obteniendo lista de empleados de ABASTECEDORA...
20/05/2013 02:48:27 p.m.: Asignando conceptos a sucursal: ABASTECEDORA
20/05/2013 02:49:41 p.m.: Inicializando el sistema...
20/05/2013 02:49:41 p.m.: Inicia Carga de Configuraciones...
20/05/2013 02:49:41 p.m.: Las configuraciones fueron cargadas con exito.
20/05/2013 02:49:41 p.m.: Obteniendo checadas sin concepto de ABASTECEDORA...
20/05/2013 02:49:41 p.m.: Inicia descarga de checadas...
20/05/2013 02:49:41 p.m.: Se llenó el DataTable...
20/05/2013 02:49:41 p.m.: Inicia transformacion a Lista...
20/05/2013 02:49:41 p.m.: Termina transformación a Lista...
20/05/2013 02:49:41 p.m.: Termina descarga de checadas...
20/05/2013 02:49:41 p.m.: Termina correctamente rutina ObtenerChecadasSinConcepto() - ChecadasDAL
20/05/2013 02:49:41 p.m.: Obteniendo lista de empleados de ABASTECEDORA...
20/05/2013 02:49:41 p.m.: Asignando conceptos a sucursal: ABASTECEDORA
20/05/2013 02:50:03 p.m.: Inicializando el sistema...
20/05/2013 02:50:03 p.m.: Inicia Carga de Configuraciones...
20/05/2013 02:50:04 p.m.: Las configuraciones fueron cargadas con exito.
20/05/2013 02:50:04 p.m.: Obteniendo checadas sin concepto de ABASTECEDORA...
20/05/2013 02:50:04 p.m.: Inicia descarga de checadas...
20/05/2013 02:50:04 p.m.: Se llenó el DataTable...
20/05/2013 02:50:04 p.m.: Inicia transformacion a Lista...
20/05/2013 02:50:04 p.m.: Termina transformación a Lista...
20/05/2013 02:50:04 p.m.: Termina descarga de checadas...
20/05/2013 02:50:04 p.m.: Termina correctamente rutina ObtenerChecadasSinConcepto() - ChecadasDAL
20/05/2013 02:50:04 p.m.: Obteniendo lista de empleados de ABASTECEDORA...
20/05/2013 02:50:04 p.m.: Asignando conceptos a sucursal: ABASTECEDORA
