30/12/2013 12:56:40 p.m.: Inicializando el sistema...
30/12/2013 12:56:40 p.m.: Inicia Carga de Configuraciones...
30/12/2013 12:56:41 p.m.: Las configuraciones fueron cargadas con exito.
30/12/2013 12:56:42 p.m.: Obteniendo checadas sin concepto de ABASTECEDORA...
30/12/2013 12:56:43 p.m.: Inicia descarga de checadas...
30/12/2013 12:56:43 p.m.: Se llenó el DataTable...
30/12/2013 12:56:43 p.m.: Inicia transformacion a Lista...
30/12/2013 12:56:43 p.m.: Termina transformación a Lista...
30/12/2013 12:56:43 p.m.: Termina descarga de checadas...
30/12/2013 12:56:43 p.m.: Termina correctamente rutina ObtenerChecadasSinConcepto() - ChecadasDAL
30/12/2013 12:56:43 p.m.: Obteniendo lista de empleados de ABASTECEDORA...
30/12/2013 12:56:44 p.m.: Asignando conceptos a sucursal: ABASTECEDORA
30/12/2013 12:56:53 p.m.: Obteniendo checadas sin concepto de LIBERTAD...
30/12/2013 12:56:53 p.m.: Inicia descarga de checadas...
30/12/2013 12:56:53 p.m.: Se llenó el DataTable...
30/12/2013 12:56:53 p.m.: Inicia transformacion a Lista...
30/12/2013 12:56:53 p.m.: Termina transformación a Lista...
30/12/2013 12:56:53 p.m.: Termina descarga de checadas...
30/12/2013 12:56:53 p.m.: Termina correctamente rutina ObtenerChecadasSinConcepto() - ChecadasDAL
30/12/2013 12:56:53 p.m.: Obteniendo lista de empleados de LIBERTAD...
30/12/2013 12:56:54 p.m.: Asignando conceptos a sucursal: LIBERTAD
30/12/2013 12:56:58 p.m.: Obteniendo checadas sin concepto de HEROICO...
30/12/2013 12:56:58 p.m.: Inicia descarga de checadas...
30/12/2013 12:56:59 p.m.: Se llenó el DataTable...
30/12/2013 12:56:59 p.m.: Inicia transformacion a Lista...
30/12/2013 12:56:59 p.m.: Termina transformación a Lista...
30/12/2013 12:56:59 p.m.: Termina descarga de checadas...
30/12/2013 12:56:59 p.m.: Termina correctamente rutina ObtenerChecadasSinConcepto() - ChecadasDAL
30/12/2013 12:56:59 p.m.: Obteniendo lista de empleados de HEROICO...
30/12/2013 12:57:00 p.m.: Asignando conceptos a sucursal: HEROICO
30/12/2013 12:57:05 p.m.: Obteniendo checadas sin concepto de FIDEL...
30/12/2013 12:57:06 p.m.: Inicia descarga de checadas...
30/12/2013 12:57:07 p.m.: Se llenó el DataTable...
30/12/2013 12:57:07 p.m.: Inicia transformacion a Lista...
30/12/2013 12:57:07 p.m.: Termina transformación a Lista...
30/12/2013 12:57:07 p.m.: Termina descarga de checadas...
30/12/2013 12:57:07 p.m.: Termina correctamente rutina ObtenerChecadasSinConcepto() - ChecadasDAL
30/12/2013 12:57:07 p.m.: Obteniendo lista de empleados de FIDEL...
30/12/2013 12:57:09 p.m.: Asignando conceptos a sucursal: FIDEL
30/12/2013 12:57:15 p.m.: Obteniendo checadas sin concepto de FISH MARKET...
30/12/2013 12:57:15 p.m.: Inicia descarga de checadas...
30/12/2013 12:57:15 p.m.: Se llenó el DataTable...
30/12/2013 12:57:15 p.m.: Inicia transformacion a Lista...
30/12/2013 12:57:15 p.m.: Termina transformación a Lista...
30/12/2013 12:57:15 p.m.: Termina descarga de checadas...
30/12/2013 12:57:15 p.m.: Termina correctamente rutina ObtenerChecadasSinConcepto() - ChecadasDAL
30/12/2013 12:57:15 p.m.: Obteniendo lista de empleados de FISH MARKET...
30/12/2013 12:57:16 p.m.: Asignando conceptos a sucursal: FISH MARKET
30/12/2013 12:57:18 p.m.: Obteniendo checadas sin concepto de FRIOGOMEZ...
30/12/2013 12:57:18 p.m.: Inicia descarga de checadas...
30/12/2013 12:57:19 p.m.: Se llenó el DataTable...
30/12/2013 12:57:19 p.m.: Inicia transformacion a Lista...
30/12/2013 12:57:19 p.m.: Termina transformación a Lista...
30/12/2013 12:57:19 p.m.: Termina descarga de checadas...
30/12/2013 12:57:19 p.m.: Termina correctamente rutina ObtenerChecadasSinConcepto() - ChecadasDAL
30/12/2013 12:57:19 p.m.: Obteniendo lista de empleados de FRIOGOMEZ...
30/12/2013 12:57:19 p.m.: Asignando conceptos a sucursal: FRIOGOMEZ
30/12/2013 12:57:21 p.m.: Obteniendo checadas sin concepto de FRIOLALA...
30/12/2013 12:57:21 p.m.: Inicia descarga de checadas...
30/12/2013 12:57:22 p.m.: Se llenó el DataTable...
30/12/2013 12:57:22 p.m.: Inicia transformacion a Lista...
30/12/2013 12:57:22 p.m.: Termina transformación a Lista...
30/12/2013 12:57:22 p.m.: Termina descarga de checadas...
30/12/2013 12:57:22 p.m.: Termina correctamente rutina ObtenerChecadasSinConcepto() - ChecadasDAL
30/12/2013 12:57:22 p.m.: Obteniendo lista de empleados de FRIOLALA...
30/12/2013 12:57:22 p.m.: Asignando conceptos a sucursal: FRIOLALA
30/12/2013 12:57:26 p.m.: Obteniendo checadas sin concepto de TACOS DOLORES...
30/12/2013 12:57:27 p.m.: Inicia descarga de checadas...
30/12/2013 12:57:27 p.m.: Se llenó el DataTable...
30/12/2013 12:57:27 p.m.: Inicia transformacion a Lista...
30/12/2013 12:57:27 p.m.: Termina transformación a Lista...
30/12/2013 12:57:27 p.m.: Termina descarga de checadas...
30/12/2013 12:57:27 p.m.: Termina correctamente rutina ObtenerChecadasSinConcepto() - ChecadasDAL
30/12/2013 12:57:27 p.m.: Obteniendo lista de empleados de TACOS DOLORES...
30/12/2013 12:57:27 p.m.: Asignando conceptos a sucursal: TACOS DOLORES
30/12/2013 12:57:28 p.m.: Obteniendo checadas sin concepto de TACOS HEROICO...
30/12/2013 12:57:28 p.m.: Inicia descarga de checadas...
30/12/2013 12:57:29 p.m.: Se llenó el DataTable...
30/12/2013 12:57:29 p.m.: Inicia transformacion a Lista...
30/12/2013 12:57:29 p.m.: Termina transformación a Lista...
30/12/2013 12:57:29 p.m.: Termina descarga de checadas...
30/12/2013 12:57:29 p.m.: Termina correctamente rutina ObtenerChecadasSinConcepto() - ChecadasDAL
30/12/2013 12:57:29 p.m.: Obteniendo lista de empleados de TACOS HEROICO...
30/12/2013 12:57:30 p.m.: Asignando conceptos a sucursal: TACOS HEROICO
30/12/2013 12:57:33 p.m.: Obteniendo checadas sin concepto de TACOS PALMAS...
30/12/2013 12:57:33 p.m.: Inicia descarga de checadas...
30/12/2013 12:57:33 p.m.: Se llenó el DataTable...
30/12/2013 12:57:33 p.m.: Inicia transformacion a Lista...
30/12/2013 12:57:33 p.m.: Termina transformación a Lista...
30/12/2013 12:57:33 p.m.: Termina descarga de checadas...
30/12/2013 12:57:33 p.m.: Termina correctamente rutina ObtenerChecadasSinConcepto() - ChecadasDAL
30/12/2013 12:57:33 p.m.: Obteniendo lista de empleados de TACOS PALMAS...
30/12/2013 12:57:34 p.m.: Asignando conceptos a sucursal: TACOS PALMAS
30/12/2013 12:57:37 p.m.: Obteniendo checadas sin concepto de ALIMENTOS WINER...
30/12/2013 12:57:37 p.m.: Inicia descarga de checadas...
30/12/2013 12:57:37 p.m.: Se llenó el DataTable...
30/12/2013 12:57:37 p.m.: Inicia transformacion a Lista...
30/12/2013 12:57:37 p.m.: Termina transformación a Lista...
30/12/2013 12:57:37 p.m.: Termina descarga de checadas...
30/12/2013 12:57:37 p.m.: Termina correctamente rutina ObtenerChecadasSinConcepto() - ChecadasDAL
30/12/2013 12:57:37 p.m.: Obteniendo lista de empleados de ALIMENTOS WINER...
30/12/2013 12:57:38 p.m.: Asignando conceptos a sucursal: ALIMENTOS WINER
30/12/2013 01:07:36 p.m.: Inicializando el sistema...
30/12/2013 01:07:36 p.m.: Inicia Carga de Configuraciones...
30/12/2013 01:07:37 p.m.: Las configuraciones fueron cargadas con exito.
30/12/2013 01:07:38 p.m.: Obteniendo checadas sin concepto de ABASTECEDORA...
30/12/2013 01:07:38 p.m.: Inicia descarga de checadas...
30/12/2013 01:07:39 p.m.: Se llenó el DataTable...
30/12/2013 01:07:39 p.m.: Inicia transformacion a Lista...
30/12/2013 01:07:39 p.m.: Termina transformación a Lista...
30/12/2013 01:07:39 p.m.: Termina descarga de checadas...
30/12/2013 01:07:39 p.m.: Termina correctamente rutina ObtenerChecadasSinConcepto() - ChecadasDAL
30/12/2013 01:07:39 p.m.: Obteniendo lista de empleados de ABASTECEDORA...
30/12/2013 01:07:40 p.m.: Asignando conceptos a sucursal: ABASTECEDORA
30/12/2013 01:08:17 p.m.: Inicializando el sistema...
30/12/2013 01:08:17 p.m.: Inicia Carga de Configuraciones...
30/12/2013 01:08:18 p.m.: Las configuraciones fueron cargadas con exito.
30/12/2013 01:08:20 p.m.: Obteniendo checadas sin concepto de ABASTECEDORA...
30/12/2013 01:08:20 p.m.: Inicia descarga de checadas...
30/12/2013 01:08:21 p.m.: Se llenó el DataTable...
30/12/2013 01:08:21 p.m.: Inicia transformacion a Lista...
30/12/2013 01:08:21 p.m.: Termina transformación a Lista...
30/12/2013 01:08:21 p.m.: Termina descarga de checadas...
30/12/2013 01:08:21 p.m.: Termina correctamente rutina ObtenerChecadasSinConcepto() - ChecadasDAL
30/12/2013 01:08:21 p.m.: Obteniendo lista de empleados de ABASTECEDORA...
30/12/2013 01:08:22 p.m.: Asignando conceptos a sucursal: ABASTECEDORA
30/12/2013 01:12:17 p.m.: Inicializando el sistema...
30/12/2013 01:12:17 p.m.: Inicia Carga de Configuraciones...
30/12/2013 01:12:19 p.m.: Las configuraciones fueron cargadas con exito.
30/12/2013 01:12:19 p.m.: Obteniendo checadas sin concepto de ABASTECEDORA...
30/12/2013 01:12:20 p.m.: Inicia descarga de checadas...
30/12/2013 01:12:20 p.m.: Se llenó el DataTable...
30/12/2013 01:12:20 p.m.: Inicia transformacion a Lista...
30/12/2013 01:12:20 p.m.: Termina transformación a Lista...
30/12/2013 01:12:20 p.m.: Termina descarga de checadas...
30/12/2013 01:12:20 p.m.: Termina correctamente rutina ObtenerChecadasSinConcepto() - ChecadasDAL
30/12/2013 01:12:20 p.m.: Obteniendo lista de empleados de ABASTECEDORA...
30/12/2013 01:12:21 p.m.: Asignando conceptos a sucursal: ABASTECEDORA
30/12/2013 01:15:43 p.m.: Inicializando el sistema...
30/12/2013 01:15:43 p.m.: Inicia Carga de Configuraciones...
30/12/2013 01:15:44 p.m.: Las configuraciones fueron cargadas con exito.
30/12/2013 01:15:46 p.m.: Obteniendo checadas sin concepto de ABASTECEDORA...
30/12/2013 01:15:46 p.m.: Inicia descarga de checadas...
30/12/2013 01:15:47 p.m.: Se llenó el DataTable...
30/12/2013 01:15:47 p.m.: Inicia transformacion a Lista...
30/12/2013 01:15:47 p.m.: Termina transformación a Lista...
30/12/2013 01:15:47 p.m.: Termina descarga de checadas...
30/12/2013 01:15:47 p.m.: Termina correctamente rutina ObtenerChecadasSinConcepto() - ChecadasDAL
30/12/2013 01:15:47 p.m.: Obteniendo lista de empleados de ABASTECEDORA...
30/12/2013 01:15:47 p.m.: Asignando conceptos a sucursal: ABASTECEDORA
30/12/2013 01:17:20 p.m.: Inicializando el sistema...
30/12/2013 01:17:20 p.m.: Inicia Carga de Configuraciones...
30/12/2013 01:17:21 p.m.: Las configuraciones fueron cargadas con exito.
30/12/2013 01:17:22 p.m.: Obteniendo checadas sin concepto de ABASTECEDORA...
30/12/2013 01:17:23 p.m.: Inicia descarga de checadas...
30/12/2013 01:17:23 p.m.: Se llenó el DataTable...
30/12/2013 01:17:23 p.m.: Inicia transformacion a Lista...
30/12/2013 01:17:23 p.m.: Termina transformación a Lista...
30/12/2013 01:17:23 p.m.: Termina descarga de checadas...
30/12/2013 01:17:23 p.m.: Termina correctamente rutina ObtenerChecadasSinConcepto() - ChecadasDAL
30/12/2013 01:17:23 p.m.: Obteniendo lista de empleados de ABASTECEDORA...
30/12/2013 01:17:24 p.m.: Asignando conceptos a sucursal: ABASTECEDORA
30/12/2013 01:18:03 p.m.: Inicializando el sistema...
30/12/2013 01:18:03 p.m.: Inicia Carga de Configuraciones...
30/12/2013 01:18:05 p.m.: Las configuraciones fueron cargadas con exito.
30/12/2013 01:18:06 p.m.: Obteniendo checadas sin concepto de ABASTECEDORA...
30/12/2013 01:18:06 p.m.: Inicia descarga de checadas...
30/12/2013 01:18:07 p.m.: Se llenó el DataTable...
30/12/2013 01:18:07 p.m.: Inicia transformacion a Lista...
30/12/2013 01:18:07 p.m.: Termina transformación a Lista...
30/12/2013 01:18:07 p.m.: Termina descarga de checadas...
30/12/2013 01:18:07 p.m.: Termina correctamente rutina ObtenerChecadasSinConcepto() - ChecadasDAL
30/12/2013 01:18:07 p.m.: Obteniendo lista de empleados de ABASTECEDORA...
30/12/2013 01:18:07 p.m.: Asignando conceptos a sucursal: ABASTECEDORA
30/12/2013 01:47:58 p.m.: Inicializando el sistema...
30/12/2013 01:47:58 p.m.: Inicia Carga de Configuraciones...
30/12/2013 01:48:00 p.m.: Las configuraciones fueron cargadas con exito.
30/12/2013 01:48:02 p.m.: Obteniendo checadas sin concepto de ABASTECEDORA...
30/12/2013 01:48:02 p.m.: Inicia descarga de checadas...
30/12/2013 01:48:05 p.m.: Se llenó el DataTable...
30/12/2013 01:48:05 p.m.: Inicia transformacion a Lista...
30/12/2013 01:48:05 p.m.: Termina transformación a Lista...
30/12/2013 01:48:05 p.m.: Termina descarga de checadas...
30/12/2013 01:48:05 p.m.: Termina correctamente rutina ObtenerChecadasSinConcepto() - ChecadasDAL
30/12/2013 01:48:05 p.m.: Obteniendo lista de empleados de ABASTECEDORA...
30/12/2013 01:48:06 p.m.: Asignando conceptos a sucursal: ABASTECEDORA
30/12/2013 01:48:24 p.m.: No database selected
30/12/2013 01:48:41 p.m.: Inicializando el sistema...
30/12/2013 01:48:41 p.m.: Inicia Carga de Configuraciones...
30/12/2013 01:48:43 p.m.: Las configuraciones fueron cargadas con exito.
30/12/2013 01:48:44 p.m.: Obteniendo checadas sin concepto de ABASTECEDORA...
30/12/2013 01:48:44 p.m.: Inicia descarga de checadas...
30/12/2013 01:48:45 p.m.: Se llenó el DataTable...
30/12/2013 01:48:45 p.m.: Inicia transformacion a Lista...
30/12/2013 01:48:45 p.m.: Termina transformación a Lista...
30/12/2013 01:48:45 p.m.: Termina descarga de checadas...
30/12/2013 01:48:45 p.m.: Termina correctamente rutina ObtenerChecadasSinConcepto() - ChecadasDAL
30/12/2013 01:48:45 p.m.: Obteniendo lista de empleados de ABASTECEDORA...
30/12/2013 01:48:45 p.m.: Asignando conceptos a sucursal: ABASTECEDORA
30/12/2013 01:49:00 p.m.: No database selected
30/12/2013 01:49:57 p.m.: No database selected
30/12/2013 01:51:26 p.m.: Inicializando el sistema...
30/12/2013 01:51:26 p.m.: Inicia Carga de Configuraciones...
30/12/2013 01:51:28 p.m.: Las configuraciones fueron cargadas con exito.
30/12/2013 01:51:29 p.m.: Obteniendo checadas sin concepto de ABASTECEDORA...
30/12/2013 01:51:29 p.m.: Inicia descarga de checadas...
30/12/2013 01:51:32 p.m.: Se llenó el DataTable...
30/12/2013 01:51:32 p.m.: Inicia transformacion a Lista...
30/12/2013 01:51:32 p.m.: Termina transformación a Lista...
30/12/2013 01:51:32 p.m.: Termina descarga de checadas...
30/12/2013 01:51:32 p.m.: Termina correctamente rutina ObtenerChecadasSinConcepto() - ChecadasDAL
30/12/2013 01:51:32 p.m.: Obteniendo lista de empleados de ABASTECEDORA...
30/12/2013 01:51:33 p.m.: Asignando conceptos a sucursal: ABASTECEDORA
30/12/2013 01:55:35 p.m.: Inicializando el sistema...
30/12/2013 01:55:35 p.m.: Inicia Carga de Configuraciones...
30/12/2013 01:55:37 p.m.: Las configuraciones fueron cargadas con exito.
30/12/2013 01:55:38 p.m.: Obteniendo checadas sin concepto de ABASTECEDORA...
30/12/2013 01:55:39 p.m.: Inicia descarga de checadas...
30/12/2013 01:55:40 p.m.: Se llenó el DataTable...
30/12/2013 01:55:40 p.m.: Inicia transformacion a Lista...
30/12/2013 01:55:40 p.m.: Termina transformación a Lista...
30/12/2013 01:55:40 p.m.: Termina descarga de checadas...
30/12/2013 01:55:40 p.m.: Termina correctamente rutina ObtenerChecadasSinConcepto() - ChecadasDAL
30/12/2013 01:55:40 p.m.: Obteniendo lista de empleados de ABASTECEDORA...
30/12/2013 01:55:41 p.m.: Asignando conceptos a sucursal: ABASTECEDORA
30/12/2013 01:59:02 p.m.: Inicializando el sistema...
30/12/2013 01:59:02 p.m.: Inicia Carga de Configuraciones...
30/12/2013 01:59:04 p.m.: Las configuraciones fueron cargadas con exito.
30/12/2013 01:59:05 p.m.: Obteniendo checadas sin concepto de ABASTECEDORA...
30/12/2013 01:59:05 p.m.: Inicia descarga de checadas...
30/12/2013 01:59:06 p.m.: Se llenó el DataTable...
30/12/2013 01:59:06 p.m.: Inicia transformacion a Lista...
30/12/2013 01:59:06 p.m.: Termina transformación a Lista...
30/12/2013 01:59:06 p.m.: Termina descarga de checadas...
30/12/2013 01:59:06 p.m.: Termina correctamente rutina ObtenerChecadasSinConcepto() - ChecadasDAL
30/12/2013 01:59:06 p.m.: Obteniendo lista de empleados de ABASTECEDORA...
30/12/2013 01:59:07 p.m.: Asignando conceptos a sucursal: ABASTECEDORA
30/12/2013 01:59:25 p.m.: Unknown column 'checadas.nombre' in 'order clause'
30/12/2013 01:59:29 p.m.: Unknown column 'checadas.nombre' in 'order clause'
30/12/2013 01:59:32 p.m.: Unknown column 'checadas.nombre' in 'order clause'
30/12/2013 01:59:56 p.m.: Unknown column 'checadas.nombre' in 'order clause'
30/12/2013 02:00:18 p.m.: Inicializando el sistema...
30/12/2013 02:00:18 p.m.: Inicia Carga de Configuraciones...
30/12/2013 02:00:19 p.m.: Las configuraciones fueron cargadas con exito.
30/12/2013 02:00:20 p.m.: Obteniendo checadas sin concepto de ABASTECEDORA...
30/12/2013 02:00:20 p.m.: Inicia descarga de checadas...
30/12/2013 02:00:21 p.m.: Se llenó el DataTable...
30/12/2013 02:00:21 p.m.: Inicia transformacion a Lista...
30/12/2013 02:00:21 p.m.: Termina transformación a Lista...
30/12/2013 02:00:21 p.m.: Termina descarga de checadas...
30/12/2013 02:00:21 p.m.: Termina correctamente rutina ObtenerChecadasSinConcepto() - ChecadasDAL
30/12/2013 02:00:21 p.m.: Obteniendo lista de empleados de ABASTECEDORA...
30/12/2013 02:00:22 p.m.: Asignando conceptos a sucursal: ABASTECEDORA
30/12/2013 02:15:03 p.m.: Inicializando el sistema...
30/12/2013 02:15:03 p.m.: Inicia Carga de Configuraciones...
30/12/2013 02:15:05 p.m.: Las configuraciones fueron cargadas con exito.
30/12/2013 02:15:06 p.m.: Obteniendo checadas sin concepto de ABASTECEDORA...
30/12/2013 02:15:06 p.m.: Inicia descarga de checadas...
30/12/2013 02:15:07 p.m.: Se llenó el DataTable...
30/12/2013 02:15:07 p.m.: Inicia transformacion a Lista...
30/12/2013 02:15:07 p.m.: Termina transformación a Lista...
30/12/2013 02:15:07 p.m.: Termina descarga de checadas...
30/12/2013 02:15:07 p.m.: Termina correctamente rutina ObtenerChecadasSinConcepto() - ChecadasDAL
30/12/2013 02:15:07 p.m.: Obteniendo lista de empleados de ABASTECEDORA...
30/12/2013 02:15:07 p.m.: Asignando conceptos a sucursal: ABASTECEDORA
30/12/2013 02:15:54 p.m.: Inicializando el sistema...
30/12/2013 02:15:54 p.m.: Inicia Carga de Configuraciones...
30/12/2013 02:15:56 p.m.: Las configuraciones fueron cargadas con exito.
30/12/2013 02:15:56 p.m.: Obteniendo checadas sin concepto de ABASTECEDORA...
30/12/2013 02:15:57 p.m.: Inicia descarga de checadas...
30/12/2013 02:15:57 p.m.: Se llenó el DataTable...
30/12/2013 02:15:57 p.m.: Inicia transformacion a Lista...
30/12/2013 02:15:57 p.m.: Termina transformación a Lista...
30/12/2013 02:15:57 p.m.: Termina descarga de checadas...
30/12/2013 02:15:57 p.m.: Termina correctamente rutina ObtenerChecadasSinConcepto() - ChecadasDAL
30/12/2013 02:15:57 p.m.: Obteniendo lista de empleados de ABASTECEDORA...
30/12/2013 02:15:58 p.m.: Asignando conceptos a sucursal: ABASTECEDORA
30/12/2013 02:16:58 p.m.: Inicializando el sistema...
30/12/2013 02:16:58 p.m.: Inicia Carga de Configuraciones...
30/12/2013 02:17:00 p.m.: Las configuraciones fueron cargadas con exito.
30/12/2013 02:17:01 p.m.: Obteniendo checadas sin concepto de ABASTECEDORA...
30/12/2013 02:17:01 p.m.: Inicia descarga de checadas...
30/12/2013 02:17:01 p.m.: Se llenó el DataTable...
30/12/2013 02:17:01 p.m.: Inicia transformacion a Lista...
30/12/2013 02:17:01 p.m.: Termina transformación a Lista...
30/12/2013 02:17:01 p.m.: Termina descarga de checadas...
30/12/2013 02:17:01 p.m.: Termina correctamente rutina ObtenerChecadasSinConcepto() - ChecadasDAL
30/12/2013 02:17:01 p.m.: Obteniendo lista de empleados de ABASTECEDORA...
30/12/2013 02:17:02 p.m.: Asignando conceptos a sucursal: ABASTECEDORA
30/12/2013 02:21:17 p.m.: Inicializando el sistema...
30/12/2013 02:21:17 p.m.: Inicia Carga de Configuraciones...
30/12/2013 02:21:19 p.m.: Las configuraciones fueron cargadas con exito.
30/12/2013 02:21:20 p.m.: Obteniendo checadas sin concepto de ABASTECEDORA...
30/12/2013 02:21:20 p.m.: Inicia descarga de checadas...
30/12/2013 02:21:21 p.m.: Se llenó el DataTable...
30/12/2013 02:21:21 p.m.: Inicia transformacion a Lista...
30/12/2013 02:21:21 p.m.: Termina transformación a Lista...
30/12/2013 02:21:21 p.m.: Termina descarga de checadas...
30/12/2013 02:21:21 p.m.: Termina correctamente rutina ObtenerChecadasSinConcepto() - ChecadasDAL
30/12/2013 02:21:21 p.m.: Obteniendo lista de empleados de ABASTECEDORA...
30/12/2013 02:21:21 p.m.: Asignando conceptos a sucursal: ABASTECEDORA
30/12/2013 02:22:25 p.m.: Inicializando el sistema...
30/12/2013 02:22:25 p.m.: Inicia Carga de Configuraciones...
30/12/2013 02:22:26 p.m.: Las configuraciones fueron cargadas con exito.
30/12/2013 02:22:27 p.m.: Obteniendo checadas sin concepto de ABASTECEDORA...
30/12/2013 02:22:27 p.m.: Inicia descarga de checadas...
30/12/2013 02:22:28 p.m.: Se llenó el DataTable...
30/12/2013 02:22:28 p.m.: Inicia transformacion a Lista...
30/12/2013 02:22:28 p.m.: Termina transformación a Lista...
30/12/2013 02:22:28 p.m.: Termina descarga de checadas...
30/12/2013 02:22:28 p.m.: Termina correctamente rutina ObtenerChecadasSinConcepto() - ChecadasDAL
30/12/2013 02:22:28 p.m.: Obteniendo lista de empleados de ABASTECEDORA...
30/12/2013 02:22:28 p.m.: Asignando conceptos a sucursal: ABASTECEDORA
30/12/2013 02:25:07 p.m.: Inicializando el sistema...
30/12/2013 02:25:07 p.m.: Inicia Carga de Configuraciones...
30/12/2013 02:25:08 p.m.: Las configuraciones fueron cargadas con exito.
30/12/2013 02:25:09 p.m.: Obteniendo checadas sin concepto de ABASTECEDORA...
30/12/2013 02:25:09 p.m.: Inicia descarga de checadas...
30/12/2013 02:25:10 p.m.: Se llenó el DataTable...
30/12/2013 02:25:10 p.m.: Inicia transformacion a Lista...
30/12/2013 02:25:10 p.m.: Termina transformación a Lista...
30/12/2013 02:25:10 p.m.: Termina descarga de checadas...
30/12/2013 02:25:10 p.m.: Termina correctamente rutina ObtenerChecadasSinConcepto() - ChecadasDAL
30/12/2013 02:25:10 p.m.: Obteniendo lista de empleados de ABASTECEDORA...
30/12/2013 02:25:10 p.m.: Asignando conceptos a sucursal: ABASTECEDORA
30/12/2013 02:31:13 p.m.: Inicializando el sistema...
30/12/2013 02:31:13 p.m.: Inicia Carga de Configuraciones...
30/12/2013 02:31:15 p.m.: Las configuraciones fueron cargadas con exito.
30/12/2013 02:31:16 p.m.: Obteniendo checadas sin concepto de ABASTECEDORA...
30/12/2013 02:31:16 p.m.: Inicia descarga de checadas...
30/12/2013 02:31:17 p.m.: Se llenó el DataTable...
30/12/2013 02:31:17 p.m.: Inicia transformacion a Lista...
30/12/2013 02:31:17 p.m.: Termina transformación a Lista...
30/12/2013 02:31:17 p.m.: Termina descarga de checadas...
30/12/2013 02:31:17 p.m.: Termina correctamente rutina ObtenerChecadasSinConcepto() - ChecadasDAL
30/12/2013 02:31:17 p.m.: Obteniendo lista de empleados de ABASTECEDORA...
30/12/2013 02:31:17 p.m.: Asignando conceptos a sucursal: ABASTECEDORA
30/12/2013 03:46:05 p.m.: Inicializando el sistema...
30/12/2013 03:46:05 p.m.: Inicia Carga de Configuraciones...
30/12/2013 03:46:07 p.m.: Las configuraciones fueron cargadas con exito.
30/12/2013 03:46:08 p.m.: Obteniendo checadas sin concepto de ABASTECEDORA...
30/12/2013 03:46:08 p.m.: Inicia descarga de checadas...
30/12/2013 03:46:09 p.m.: Se llenó el DataTable...
30/12/2013 03:46:09 p.m.: Inicia transformacion a Lista...
30/12/2013 03:46:09 p.m.: Termina transformación a Lista...
30/12/2013 03:46:09 p.m.: Termina descarga de checadas...
30/12/2013 03:46:09 p.m.: Termina correctamente rutina ObtenerChecadasSinConcepto() - ChecadasDAL
30/12/2013 03:46:09 p.m.: Obteniendo lista de empleados de ABASTECEDORA...
30/12/2013 03:46:10 p.m.: Asignando conceptos a sucursal: ABASTECEDORA
30/12/2013 03:53:21 p.m.: Inicializando el sistema...
30/12/2013 03:53:21 p.m.: Inicia Carga de Configuraciones...
30/12/2013 03:53:26 p.m.: Las configuraciones fueron cargadas con exito.
30/12/2013 03:53:27 p.m.: Obteniendo checadas sin concepto de ABASTECEDORA...
30/12/2013 03:53:27 p.m.: Inicia descarga de checadas...
30/12/2013 03:53:27 p.m.: Se llenó el DataTable...
30/12/2013 03:53:27 p.m.: Inicia transformacion a Lista...
30/12/2013 03:53:27 p.m.: Termina transformación a Lista...
30/12/2013 03:53:27 p.m.: Termina descarga de checadas...
30/12/2013 03:53:27 p.m.: Termina correctamente rutina ObtenerChecadasSinConcepto() - ChecadasDAL
30/12/2013 03:53:27 p.m.: Obteniendo lista de empleados de ABASTECEDORA...
30/12/2013 03:53:28 p.m.: Asignando conceptos a sucursal: ABASTECEDORA
